
 BerkeleyGW version 4.0
 BSE/Kernel code, Complex version, run on 24-Apr-2025 at 03:11:15 +0530

                                                                 ..o.          
                                                                .oxxo.         
                                                               .oxxxxo...      
                                                               oxxxxxxo.       
                                                              .oxxxxxxx.       
                                                              .ooooooxxo..     
                                                              .oooooooxo..     
                                                              .oooooxxo...     
                                                       .........oxooo......    
                                                 ............................  
                                             ................................. 
                                          .................................... 
           .          ..oo. ....  .................................oooxxxxxxxo.
     .............oxxxx@ox@@@x@x.....................o...........ooooooooooxx. 
    .o.........oox@x.oo........xxx@@............ooxxxxo..........ooooxxxxxoxo  
    .x........x@xxo...............o@xxo........oxxx@@@xoooooooooooooooxxxo...  
    .o......ox@@o..................oox@o.....ooxxx@xoooxxxxxxxoooooooooooo.... 
    o..ooooo@@xoooo....ooo...........x@o.....ooxxxxo   .oxxxxxxxxxxooooooo.... 
    . .oooo@@@@@@@@@@@@@@@@@@@@@@@@@@@@@@....ooooox.     .oxx@@@@@xxoo........ 
      .ooooxxxxxxxooooooxooooooooooooooxo...oooooxx.        ..ox@xxxoo.........
      .ooooooxxxx@xoooooooooooooxxoooooooooooxxxxx.            .oxxooooooooxxo.
     .oooooxxxxx@@@xxxxxxxxxxxxxxxxxxxxxxxxoxxxxo.                .oxxxxxxxxo. 
   ....oooxxxxx@@@xo..oxxx@@@@@@xxxxoxxoooooooxx.                  .oxxxoo..   
  .....ooxxxx@@xo.       ........    .ooooooooxxo                              
  ..oooxxxx@@@o                       .oooooooxoo.                             
  ....oxooxxxxx.                       .ooo..oooo.                             
  .....o.ooxxxxxo.                     .oooooooxo.                             
 ......ooooxxxxxxo.                     .ooooooxoo..                           
........ooxxxxxxxo..                     .o....oxoo...                         
.......ooooxxxxxxxo.                     ........oooo.                         
.ooooooo..ooxxxxoooo.                    .........ooo...                       
..oxo...ooooxxxoooo..                    .ooo......oooo...                     
  .ooooo....o.                            .oxxxoo....ooo....                   
    .oooooo...                              ...ooooo...ooo..                   
       ...                                     .oo.......                      
                                               ....ooo...                      
                      __              __                                       
 ______              [  |            [  |                 ._____  _          _ 
|_   _ \              | |  _          | |                /  ___ \| |        | |
  | |_) | .---.  _. _.| | / |  .---.  | | .---.  _    _ / /    \_|\ \  /\  / / 
  |  __'./ /__\\[ /`\_| '' <  / /__\\ | |/ /__\\| \  | | |   _____ \ \/  \/ /  
 _| |__| | \__. | |   | |`\ \ | \___. | || \___. \ \/ / \ \.___| |  \  /\  /   
|_______/ \.__./[_]  [__|  \_] \.__./[___]\.__./  \  /   \.____./    \/  \/    
                                                  / /                          
                                                 /_/                           
 --------------------------------------------------------------------------------
 Please cite the main BerkeleyGW paper when using results from this calculation:

 Jack Deslippe, Georgy Samsonidze, David A. Strubbe, Manish Jain, Marvin L.
 Cohen, and Steven G. Louie, "BerkeleyGW: A Massively Parallel Computer Package
 for the Calculation of the Quasiparticle and Optical Properties of Materials
 and Nanostructures," Comput. Phys. Commun. 183, 1269 (2012)

 Aditionally, PLEASE CITE ALL PAPERS REPORTED AT THE END OF THIS CALCULATION.
 --------------------------------------------------------------------------------

 Running MPI version (parallel)
 Running with 1 MPI task(s)
 Using OpenMP. Number of threads per MPI task: 16

 Compilation flags:
 - Compiler: GNU
 - Para. flags: MPI, OMP
 - Math  flags: USESCALAPACK, UNPACKED, USEFFTW3, HDF5
 - Debug flags: 

 Calculating the kernel only for (v,c)->(v',c') transitions.

 Running with verbosity level 1 (default).

 We are doing a calculation with zero exciton momentum


 Running with semiconductor screening

 We are not communicating

 We will not reuse wavefunction FFTs.
 We are using no truncation
 Highest occupied band (coarse grid) = 4
 Valence max    (coarse grid) = 7.204207 eV
 Conduction min (coarse grid) = 8.056217 eV
 Middle energy  (coarse grid) = 7.630212 eV
 Fermi  energy  (coarse grid) = 7.630212 eV

 No symmetries used in the coarse grid sampling

 Parallelization strategy: (k)^2
 - Breaking transitions into (v,c)^2 blocks
 - Distributing each block with (k)^2 transitions to blocks of processors
 Parallelizing calculation with blocks and pools:
 - Number of transitions per block: 64
 - Number of MPI ranks per block: 1
 - Number of transitions per MPI rank: 64

 Memory available: 23519.4 MB per PE
 Memory required for execution: .1 MB per PE
 Extra memory required for vcoul: .0 MB per PE

 Started reading wavefunctions (WFN_co) with 24 state(s) at 03:11:15.
 [ 03:11:15 |   0% ] state  1 / 24.
 [ 03:11:15 |   8% ] state  3 / 24, remaining: 0 s.
 [ 03:11:15 |  17% ] state  5 / 24, remaining: 0 s.
 [ 03:11:15 |  29% ] state  8 / 24, remaining: 0 s.
 [ 03:11:15 |  38% ] state 10 / 24, remaining: 0 s.
 [ 03:11:15 |  46% ] state 12 / 24, remaining: 0 s.
 [ 03:11:15 |  58% ] state 15 / 24, remaining: 0 s.
 [ 03:11:15 |  67% ] state 17 / 24, remaining: 0 s.
 [ 03:11:15 |  79% ] state 20 / 24, remaining: 0 s.
 [ 03:11:15 |  88% ] state 22 / 24, remaining: 0 s.
 [ 03:11:15 |  96% ] state 24 / 24, remaining: 0 s.
 Finished reading wavefunctions (WFN_co) at 03:11:15.
 Elapsed time: 0 s.


 Crystal wavefunctions read from file WFN_co:
 - Number of k-points in WFN_co: 8
 - Number of k-points in the full BZ of WFN_co: 8

 GPU acceleration is : DISABLED

 Algorithms used:
 - mtxel : CPU_ALGO
 - w_sum : CPU_ALGO
 - g_sum : CPU_ALGO

 Calculation parameters:
 - This is a Bethe-Salpeter-equation calculation.
 - Cutoff of the bare Coulomb interaction (Ry): 4.00
 - Cutoff of the screened Coulomb interaction (Ry): 2.00
 - Number of G-vectors up to the bare int. cutoff: 27
 - Number of G-vectors up to the screened int. cutoff: 15
 - Number of valence bands: 2
 - Number of conduction bands: 1
 - Number of spins: 1
 - Number of spinors: 1

 Epsilon matrix for q->0 read from eps0mat.h5:
 - Number of q-points: 1
 - Dielectric cutoff (Ry): 2.00

 Epsilon matrix for q/=0 read from epsmat.h5:
 - Number of q-points: 7
 - Dielectric cutoff (Ry): 2.00

 Calculating Coulomb potential.
 Note: for G=0: setting q0 =  0.001000  0.001000  0.001000

 Started calculation of matrix elements with 64 blocked transition(s) at 03:11:15.
 [ 03:11:15 |   0% ] blocked transition  1 / 64.
 >>> mtxel_kernel called with: ik=           2  ikp=           1
   ic_in=           1  icp_in=           1
   iv_in=           1  ivp_in=           1
 >>> computing wptcol for igp=           1
  ig=           2  ind(ig)=           3  indinv(igp)=           5  epscol(ind(ig))=  (-1.33091029034418384E-003,3.08026950572977541E-006)  vcoul(indinv(igp))=   3.5138186487162733     
    => wptcol(           2 ) =  (-4.67657739797978315E-003,1.08235084323053426E-005)
  ig=           3  ind(ig)=          10  indinv(igp)=           5  epscol(ind(ig))=   (2.53584775398733343E-003,8.08966300487056858E-009)  vcoul(indinv(igp))=   3.5138186487162733     
    => wptcol(           3 ) =   (8.91050912826596778E-003,2.84256087283443283E-008)
  ig=           4  ind(ig)=          11  indinv(igp)=           5  epscol(ind(ig))=  (2.53724295276544758E-003,-1.44566784433737260E-006)  vcoul(indinv(igp))=   3.5138186487162733     
    => wptcol(           4 ) =  (8.91541160375117214E-003,-5.07981463128211393E-006)
  ig=           5  ind(ig)=           1  indinv(igp)=           5  epscol(ind(ig))=        (0.45526149893097362,6.31833639092504659E-019)  vcoul(indinv(igp))=   3.5138186487162733     
    => wptcol(           5 ) =         (1.5997063449861788,2.22014882392951021E-018)
  ig=           6  ind(ig)=          14  indinv(igp)=           5  epscol(ind(ig))= (-2.53187000876122122E-003,-3.22850276357621603E-007)  vcoul(indinv(igp))=   3.5138186487162733     
    => wptcol(           6 ) =               (0.0000000000000000,0.0000000000000000)
  ig=           7  ind(ig)=           6  indinv(igp)=           5  epscol(ind(ig))=  (1.33292223209004711E-003,-3.43390907502469064E-007)  vcoul(indinv(igp))=   3.5138186487162733     
    => wptcol(           7 ) =  (4.68364699640652811E-003,-1.20661337458178060E-006)
  ig=           8  ind(ig)=           7  indinv(igp)=           5  epscol(ind(ig))=   (1.33323027252989397E-003,4.49582351976189522E-007)  vcoul(indinv(igp))=   3.5138186487162733     
    => wptcol(           8 ) =   (4.68472939464862053E-003,1.57975085250765831E-006)
  ig=           9  ind(ig)=          14  indinv(igp)=           5  epscol(ind(ig))= (-2.53187000876122122E-003,-3.22850276357621603E-007)  vcoul(indinv(igp))=   3.5138186487162733     
    => wptcol(           9 ) = (-8.89653205291061379E-003,-1.13443732180861329E-006)
  ig=          10  ind(ig)=          14  indinv(igp)=           5  epscol(ind(ig))= (-2.53187000876122122E-003,-3.22850276357621603E-007)  vcoul(indinv(igp))=   3.5138186487162733     
    => wptcol(          10 ) =               (0.0000000000000000,0.0000000000000000)
  ig=          11  ind(ig)=           4  indinv(igp)=           5  epscol(ind(ig))=  (-2.46329665839569445E-002,3.50368424986381431E-006)  vcoul(indinv(igp))=   3.5138186487162733     
    => wptcol(          11 ) =  (-8.65557773559127025E-002,1.23113110563849575E-005)
  ig=          12  ind(ig)=           5  indinv(igp)=           5  epscol(ind(ig))=  (-2.46316552723053611E-002,5.76132665887876443E-007)  vcoul(indinv(igp))=   3.5138186487162733     
    => wptcol(          12 ) =  (-8.65511696445770973E-002,2.02442570553144204E-006)
  ig=          13  ind(ig)=          14  indinv(igp)=           5  epscol(ind(ig))= (-2.53187000876122122E-003,-3.22850276357621603E-007)  vcoul(indinv(igp))=   3.5138186487162733     
    => wptcol(          13 ) =               (0.0000000000000000,0.0000000000000000)
  ig=          14  ind(ig)=          14  indinv(igp)=           5  epscol(ind(ig))= (-2.53187000876122122E-003,-3.22850276357621603E-007)  vcoul(indinv(igp))=   3.5138186487162733     
    => wptcol(          14 ) =               (0.0000000000000000,0.0000000000000000)
  ig=          15  ind(ig)=           8  indinv(igp)=           5  epscol(ind(ig))=   (2.46285884301924683E-002,1.56266476311716336E-006)  vcoul(indinv(igp))=   3.5138186487162733     
    => wptcol(          15 ) =   (8.65403933175681456E-002,5.49092058633288580E-006)
  ig=          16  ind(ig)=          14  indinv(igp)=           5  epscol(ind(ig))= (-2.53187000876122122E-003,-3.22850276357621603E-007)  vcoul(indinv(igp))=   3.5138186487162733     
    => wptcol(          16 ) =               (0.0000000000000000,0.0000000000000000)
  ig=          17  ind(ig)=          14  indinv(igp)=           5  epscol(ind(ig))= (-2.53187000876122122E-003,-3.22850276357621603E-007)  vcoul(indinv(igp))=   3.5138186487162733     
    => wptcol(          17 ) =               (0.0000000000000000,0.0000000000000000)
  ig=          18  ind(ig)=           9  indinv(igp)=           5  epscol(ind(ig))=  (2.22077728586064192E-002,-7.27540887015666301E-007)  vcoul(indinv(igp))=   3.5138186487162733     
    => wptcol(          18 ) =  (7.80340864170263326E-002,-2.55644673649922758E-006)
  ig=          19  ind(ig)=          14  indinv(igp)=           5  epscol(ind(ig))= (-2.53187000876122122E-003,-3.22850276357621603E-007)  vcoul(indinv(igp))=   3.5138186487162733     
    => wptcol(          19 ) =               (0.0000000000000000,0.0000000000000000)
  ig=          20  ind(ig)=          14  indinv(igp)=           5  epscol(ind(ig))= (-2.53187000876122122E-003,-3.22850276357621603E-007)  vcoul(indinv(igp))=   3.5138186487162733     
    => wptcol(          20 ) =               (0.0000000000000000,0.0000000000000000)
  ig=          21  ind(ig)=          14  indinv(igp)=           5  epscol(ind(ig))= (-2.53187000876122122E-003,-3.22850276357621603E-007)  vcoul(indinv(igp))=   3.5138186487162733     
    => wptcol(          21 ) =               (0.0000000000000000,0.0000000000000000)
  ig=          22  ind(ig)=          12  indinv(igp)=           5  epscol(ind(ig))=  (-2.22097877355889317E-002,5.29657944232089144E-008)  vcoul(indinv(igp))=   3.5138186487162733     
    => wptcol(          22 ) =  (-7.80411663293423541E-002,1.86112196188343879E-007)
  ig=          23  ind(ig)=          14  indinv(igp)=           5  epscol(ind(ig))= (-2.53187000876122122E-003,-3.22850276357621603E-007)  vcoul(indinv(igp))=   3.5138186487162733     
    => wptcol(          23 ) =               (0.0000000000000000,0.0000000000000000)
  ig=          24  ind(ig)=          13  indinv(igp)=           5  epscol(ind(ig))= (-2.22090648426933844E-002,-1.03333394226960001E-006)  vcoul(indinv(igp))=   3.5138186487162733     
    => wptcol(          24 ) = (-7.80386262148049653E-002,-3.63094807669842541E-006)
 >>> computing wptcol for igp=           2
  [SEMICOND] wptcol(1)=               (1.0000000000000000,0.0000000000000000)
 >>> computing wptcol for igp=           3
  ig=           2  ind(ig)=           3  indinv(igp)=           2  epscol(ind(ig))=       (0.67237912911696185,-8.45709458274215495E-019)  vcoul(indinv(igp))=  0.95831417692262000     
    => wptcol(           2 ) =       (0.64435045169966931,-8.10455363421729667E-019)
  ig=           3  ind(ig)=          10  indinv(igp)=           2  epscol(ind(ig))=  (2.81505941232212606E-003,-2.12449200162014188E-006)  vcoul(indinv(igp))=  0.95831417692262000     
    => wptcol(           3 ) =  (2.69771134370775257E-003,-2.03593080391129553E-006)
  ig=           4  ind(ig)=          11  indinv(igp)=           2  epscol(ind(ig))=   (2.81390503411858882E-003,2.18343294184565365E-006)  vcoul(indinv(igp))=  0.95831417692262000     
    => wptcol(           4 ) =   (2.69660508670977253E-003,2.09241474253055219E-006)
  ig=           5  ind(ig)=           1  indinv(igp)=           2  epscol(ind(ig))= (-4.88000439792870069E-003,-1.12943215210089532E-005)  vcoul(indinv(igp))=  0.95831417692262000     
    => wptcol(           5 ) = (-4.67657739797980830E-003,-1.08235084323051291E-005)
  ig=           6  ind(ig)=          14  indinv(igp)=           2  epscol(ind(ig))=  (5.75993405873909958E-002,-1.55202461305972361E-006)  vcoul(indinv(igp))=  0.95831417692262000     
    => wptcol(           6 ) =               (0.0000000000000000,0.0000000000000000)
  ig=           7  ind(ig)=           6  indinv(igp)=           2  epscol(ind(ig))=  (-3.30578379852005041E-002,1.45662900840271413E-006)  vcoul(indinv(igp))=  0.95831417692262000     
    => wptcol(           7 ) =  (-3.16797947996287424E-002,1.39590822926905911E-006)
  ig=           8  ind(ig)=           7  indinv(igp)=           2  epscol(ind(ig))= (-3.30600365604683880E-002,-1.20973986829471265E-006)  vcoul(indinv(igp))=  0.95831417692262000     
    => wptcol(           8 ) = (-3.16819017254769894E-002,-1.15931086617532617E-006)
  ig=           9  ind(ig)=          14  indinv(igp)=           2  epscol(ind(ig))=  (5.75993405873909958E-002,-1.55202461305972361E-006)  vcoul(indinv(igp))=  0.95831417692262000     
    => wptcol(           9 ) =  (5.51982646662912621E-002,-1.48732718962797687E-006)
  ig=          10  ind(ig)=          14  indinv(igp)=           2  epscol(ind(ig))=  (5.75993405873909958E-002,-1.55202461305972361E-006)  vcoul(indinv(igp))=  0.95831417692262000     
    => wptcol(          10 ) =               (0.0000000000000000,0.0000000000000000)
  ig=          11  ind(ig)=           4  indinv(igp)=           2  epscol(ind(ig))= (-3.52214215912290685E-002,-5.68833030561759242E-006)  vcoul(indinv(igp))=  0.95831417692262000     
    => wptcol(          11 ) = (-3.37531876422432833E-002,-5.45120757489191823E-006)
  ig=          12  ind(ig)=           5  indinv(igp)=           2  epscol(ind(ig))= (-3.52281507319281567E-002,-2.56599038007629895E-006)  vcoul(indinv(igp))=  0.95831417692262000     
    => wptcol(          12 ) = (-3.37596362731737223E-002,-2.45902495907417943E-006)
  ig=          13  ind(ig)=          14  indinv(igp)=           2  epscol(ind(ig))=  (5.75993405873909958E-002,-1.55202461305972361E-006)  vcoul(indinv(igp))=  0.95831417692262000     
    => wptcol(          13 ) =               (0.0000000000000000,0.0000000000000000)
  ig=          14  ind(ig)=          14  indinv(igp)=           2  epscol(ind(ig))=  (5.75993405873909958E-002,-1.55202461305972361E-006)  vcoul(indinv(igp))=  0.95831417692262000     
    => wptcol(          14 ) =               (0.0000000000000000,0.0000000000000000)
  ig=          15  ind(ig)=           8  indinv(igp)=           2  epscol(ind(ig))=   (3.37835558569120429E-003,1.50363472762013566E-006)  vcoul(indinv(igp))=  0.95831417692262000     
    => wptcol(          15 ) =   (3.23752605245360234E-003,1.44095447639155822E-006)
  ig=          16  ind(ig)=          14  indinv(igp)=           2  epscol(ind(ig))=  (5.75993405873909958E-002,-1.55202461305972361E-006)  vcoul(indinv(igp))=  0.95831417692262000     
    => wptcol(          16 ) =               (0.0000000000000000,0.0000000000000000)
  ig=          17  ind(ig)=          14  indinv(igp)=           2  epscol(ind(ig))=  (5.75993405873909958E-002,-1.55202461305972361E-006)  vcoul(indinv(igp))=  0.95831417692262000     
    => wptcol(          17 ) =               (0.0000000000000000,0.0000000000000000)
  ig=          18  ind(ig)=           9  indinv(igp)=           2  epscol(ind(ig))= (-1.97990219523109592E-002,-1.80065400367028071E-008)  vcoul(indinv(igp))=  0.95831417692262000     
    => wptcol(          18 ) = (-1.89736834261017631E-002,-1.72559225944970529E-008)
  ig=          19  ind(ig)=          14  indinv(igp)=           2  epscol(ind(ig))=  (5.75993405873909958E-002,-1.55202461305972361E-006)  vcoul(indinv(igp))=  0.95831417692262000     
    => wptcol(          19 ) =               (0.0000000000000000,0.0000000000000000)
  ig=          20  ind(ig)=          14  indinv(igp)=           2  epscol(ind(ig))=  (5.75993405873909958E-002,-1.55202461305972361E-006)  vcoul(indinv(igp))=  0.95831417692262000     
    => wptcol(          20 ) =               (0.0000000000000000,0.0000000000000000)
  ig=          21  ind(ig)=          14  indinv(igp)=           2  epscol(ind(ig))=  (5.75993405873909958E-002,-1.55202461305972361E-006)  vcoul(indinv(igp))=  0.95831417692262000     
    => wptcol(          21 ) =               (0.0000000000000000,0.0000000000000000)
  ig=          22  ind(ig)=          12  indinv(igp)=           2  epscol(ind(ig))=   (1.42925095419449907E-002,7.98346400198274441E-007)  vcoul(indinv(igp))=  0.95831417692262000     
    => wptcol(          22 ) =   (1.36967145178477061E-002,7.65066673405145926E-007)
  ig=          23  ind(ig)=          14  indinv(igp)=           2  epscol(ind(ig))=  (5.75993405873909958E-002,-1.55202461305972361E-006)  vcoul(indinv(igp))=  0.95831417692262000     
    => wptcol(          23 ) =               (0.0000000000000000,0.0000000000000000)
  ig=          24  ind(ig)=          13  indinv(igp)=           2  epscol(ind(ig))=   (1.42903111107821994E-002,1.72358334852883364E-006)  vcoul(indinv(igp))=  0.95831417692262000     
    => wptcol(          24 ) =   (1.36946077300974141E-002,1.65173435800294250E-006)
 >>> computing wptcol for igp=           4
  ig=           2  ind(ig)=           3  indinv(igp)=          11  epscol(ind(ig))=  (-3.52214215912290685E-002,5.68833030561901290E-006)  vcoul(indinv(igp))=  0.95831417692262000     
    => wptcol(           2 ) =  (-3.37531876422432833E-002,5.45120757489327941E-006)
  ig=           3  ind(ig)=          10  indinv(igp)=          11  epscol(ind(ig))=  (-1.97982828731179533E-002,1.36883595134961666E-006)  vcoul(indinv(igp))=  0.95831417692262000     
    => wptcol(           3 ) =  (-1.89729751560332345E-002,1.31177489805969939E-006)
  ig=           4  ind(ig)=          11  indinv(igp)=          11  epscol(ind(ig))= (-1.42947373897348001E-002,-1.43055039731679442E-006)  vcoul(indinv(igp))=  0.95831417692262000     
    => wptcol(           4 ) = (-1.36988494959687061E-002,-1.37091672655097077E-006)
  ig=           5  ind(ig)=           1  indinv(igp)=          11  epscol(ind(ig))= (-9.03208774745087872E-002,-1.28468422494992910E-005)  vcoul(indinv(igp))=  0.95831417692262000     
    => wptcol(           5 ) = (-8.65557773559127025E-002,-1.23113110563836530E-005)
  ig=           6  ind(ig)=          14  indinv(igp)=          11  epscol(ind(ig))=  (1.42900202954470909E-002,-3.84170120635087782E-006)  vcoul(indinv(igp))=  0.95831417692262000     
    => wptcol(           6 ) =               (0.0000000000000000,0.0000000000000000)
  ig=           7  ind(ig)=           6  indinv(igp)=          11  epscol(ind(ig))=  (3.52266037126624729E-002,-2.90343878183559248E-006)  vcoul(indinv(igp))=  0.95831417692262000     
    => wptcol(           7 ) =  (3.37581537426794448E-002,-2.78240654645999020E-006)
  ig=           8  ind(ig)=           7  indinv(igp)=          11  epscol(ind(ig))=  (3.38866355415458082E-003,-8.04266643747989054E-007)  vcoul(indinv(igp))=  0.95831417692262000     
    => wptcol(           8 ) =  (3.24740432476732736E-003,-7.70740126729672150E-007)
  ig=           9  ind(ig)=          14  indinv(igp)=          11  epscol(ind(ig))=  (1.42900202954470909E-002,-3.84170120635087782E-006)  vcoul(indinv(igp))=  0.95831417692262000     
    => wptcol(           9 ) =  (1.36943290376389144E-002,-3.68155672954677765E-006)
  ig=          10  ind(ig)=          14  indinv(igp)=          11  epscol(ind(ig))=  (1.42900202954470909E-002,-3.84170120635087782E-006)  vcoul(indinv(igp))=  0.95831417692262000     
    => wptcol(          10 ) =               (0.0000000000000000,0.0000000000000000)
  ig=          11  ind(ig)=           4  indinv(igp)=          11  epscol(ind(ig))=       (0.67238276596036706,-8.64518673326219810E-019)  vcoul(indinv(igp))=  0.95831417692262000     
    => wptcol(          11 ) =       (0.64435393693826382,-8.28480500862851713E-019)
  ig=          12  ind(ig)=           5  indinv(igp)=          11  epscol(ind(ig))=   (3.30581307655105419E-002,8.61122177713583310E-007)  vcoul(indinv(igp))=  0.95831417692262000     
    => wptcol(          12 ) =   (3.16800753751505793E-002,8.25225590965406677E-007)
  ig=          13  ind(ig)=          14  indinv(igp)=          11  epscol(ind(ig))=  (1.42900202954470909E-002,-3.84170120635087782E-006)  vcoul(indinv(igp))=  0.95831417692262000     
    => wptcol(          13 ) =               (0.0000000000000000,0.0000000000000000)
  ig=          14  ind(ig)=          14  indinv(igp)=          11  epscol(ind(ig))=  (1.42900202954470909E-002,-3.84170120635087782E-006)  vcoul(indinv(igp))=  0.95831417692262000     
    => wptcol(          14 ) =               (0.0000000000000000,0.0000000000000000)
  ig=          15  ind(ig)=           8  indinv(igp)=          11  epscol(ind(ig))=  (-3.30644966997288639E-002,2.49409520051597132E-007)  vcoul(indinv(igp))=  0.95831417692262000     
    => wptcol(          15 ) =  (-3.16861759401613485E-002,2.39012678924912009E-007)
  ig=          16  ind(ig)=          14  indinv(igp)=          11  epscol(ind(ig))=  (1.42900202954470909E-002,-3.84170120635087782E-006)  vcoul(indinv(igp))=  0.95831417692262000     
    => wptcol(          16 ) =               (0.0000000000000000,0.0000000000000000)
  ig=          17  ind(ig)=          14  indinv(igp)=          11  epscol(ind(ig))=  (1.42900202954470909E-002,-3.84170120635087782E-006)  vcoul(indinv(igp))=  0.95831417692262000     
    => wptcol(          17 ) =               (0.0000000000000000,0.0000000000000000)
  ig=          18  ind(ig)=           9  indinv(igp)=          11  epscol(ind(ig))=   (2.81803252441185188E-003,1.70059052868639973E-006)  vcoul(indinv(igp))=  0.95831417692262000     
    => wptcol(          18 ) =   (2.70056051917291675E-003,1.62970001278051045E-006)
  ig=          19  ind(ig)=          14  indinv(igp)=          11  epscol(ind(ig))=  (1.42900202954470909E-002,-3.84170120635087782E-006)  vcoul(indinv(igp))=  0.95831417692262000     
    => wptcol(          19 ) =               (0.0000000000000000,0.0000000000000000)
  ig=          20  ind(ig)=          14  indinv(igp)=          11  epscol(ind(ig))=  (1.42900202954470909E-002,-3.84170120635087782E-006)  vcoul(indinv(igp))=  0.95831417692262000     
    => wptcol(          20 ) =               (0.0000000000000000,0.0000000000000000)
  ig=          21  ind(ig)=          14  indinv(igp)=          11  epscol(ind(ig))=  (1.42900202954470909E-002,-3.84170120635087782E-006)  vcoul(indinv(igp))=  0.95831417692262000     
    => wptcol(          21 ) =               (0.0000000000000000,0.0000000000000000)
  ig=          22  ind(ig)=          12  indinv(igp)=          11  epscol(ind(ig))=  (-2.81676978694136559E-003,2.80631645751361411E-006)  vcoul(indinv(igp))=  0.95831417692262000     
    => wptcol(          22 ) =  (-2.69935041995321857E-003,2.68933284616656200E-006)
  ig=          23  ind(ig)=          14  indinv(igp)=          11  epscol(ind(ig))=  (1.42900202954470909E-002,-3.84170120635087782E-006)  vcoul(indinv(igp))=  0.95831417692262000     
    => wptcol(          23 ) =               (0.0000000000000000,0.0000000000000000)
  ig=          24  ind(ig)=          13  indinv(igp)=          11  epscol(ind(ig))=  (5.75967219314827555E-002,-9.30411409571025680E-007)  vcoul(indinv(igp))=  0.95831417692262000     
    => wptcol(          24 ) =  (5.51957551712099134E-002,-8.91626444162472211E-007)
 >>> computing wptcol for igp=           5
  ig=           2  ind(ig)=           3  indinv(igp)=          12  epscol(ind(ig))=  (-3.52281507319281706E-002,2.56599038007713327E-006)  vcoul(indinv(igp))=  0.95831417692262000     
    => wptcol(           2 ) =  (-3.37596362731737362E-002,2.45902495907497903E-006)
  ig=           3  ind(ig)=          10  indinv(igp)=          12  epscol(ind(ig))= (-1.42954164172346236E-002,-1.54869141266646719E-006)  vcoul(indinv(igp))=  0.95831417692262000     
    => wptcol(           3 ) = (-1.36995002176483072E-002,-1.48413293643659524E-006)
  ig=           4  ind(ig)=          11  indinv(igp)=          12  epscol(ind(ig))= (-1.98012791875026538E-002,-1.47077455257861411E-006)  vcoul(indinv(igp))=  0.95831417692262000     
    => wptcol(           4 ) = (-1.89758465665866120E-002,-1.40946410479310917E-006)
  ig=           5  ind(ig)=           1  indinv(igp)=          12  epscol(ind(ig))= (-9.03160693317863333E-002,-2.11248644158818597E-006)  vcoul(indinv(igp))=  0.95831417692262000     
    => wptcol(           5 ) = (-8.65511696445770973E-002,-2.02442570553077669E-006)
  ig=           6  ind(ig)=          14  indinv(igp)=          12  epscol(ind(ig))=  (1.42951190679234674E-002,-1.63152174465686962E-007)  vcoul(indinv(igp))=  0.95831417692262000     
    => wptcol(           6 ) =               (0.0000000000000000,0.0000000000000000)
  ig=           7  ind(ig)=           6  indinv(igp)=          12  epscol(ind(ig))=  (3.39868353807812416E-003,-6.71329945325326114E-007)  vcoul(indinv(igp))=  0.95831417692262000     
    => wptcol(           7 ) =  (3.25700661741379566E-003,-6.43345003997947357E-007)
  ig=           8  ind(ig)=           7  indinv(igp)=          12  epscol(ind(ig))=   (3.52257747112101754E-002,2.96819554795591687E-007)  vcoul(indinv(igp))=  0.95831417692262000     
    => wptcol(           8 ) =   (3.37573592988350199E-002,2.84446387348475978E-007)
  ig=           9  ind(ig)=          14  indinv(igp)=          12  epscol(ind(ig))=  (1.42951190679234674E-002,-1.63152174465686962E-007)  vcoul(indinv(igp))=  0.95831417692262000     
    => wptcol(           9 ) =  (1.36992152635879282E-002,-1.56351041786220493E-007)
  ig=          10  ind(ig)=          14  indinv(igp)=          12  epscol(ind(ig))=  (1.42951190679234674E-002,-1.63152174465686962E-007)  vcoul(indinv(igp))=  0.95831417692262000     
    => wptcol(          10 ) =               (0.0000000000000000,0.0000000000000000)
  ig=          11  ind(ig)=           4  indinv(igp)=          12  epscol(ind(ig))=  (3.30581307655105350E-002,-8.61122177713188593E-007)  vcoul(indinv(igp))=  0.95831417692262000     
    => wptcol(          11 ) =  (3.16800753751505723E-002,-8.25225590965028477E-007)
  ig=          12  ind(ig)=           5  indinv(igp)=          12  epscol(ind(ig))=       (0.67237454669128960,-2.04400961573283435E-018)  vcoul(indinv(igp))=  0.95831417692262000     
    => wptcol(          12 ) =       (0.64434606029618291,-1.95880339252293187E-018)
  ig=          13  ind(ig)=          14  indinv(igp)=          12  epscol(ind(ig))=  (1.42951190679234674E-002,-1.63152174465686962E-007)  vcoul(indinv(igp))=  0.95831417692262000     
    => wptcol(          13 ) =               (0.0000000000000000,0.0000000000000000)
  ig=          14  ind(ig)=          14  indinv(igp)=          12  epscol(ind(ig))=  (1.42951190679234674E-002,-1.63152174465686962E-007)  vcoul(indinv(igp))=  0.95831417692262000     
    => wptcol(          14 ) =               (0.0000000000000000,0.0000000000000000)
  ig=          15  ind(ig)=           8  indinv(igp)=          12  epscol(ind(ig))= (-3.30623820466321924E-002,-3.37558959386776892E-006)  vcoul(indinv(igp))=  0.95831417692262000     
    => wptcol(          15 ) = (-3.16841494381195354E-002,-3.23487536327595214E-006)
  ig=          16  ind(ig)=          14  indinv(igp)=          12  epscol(ind(ig))=  (1.42951190679234674E-002,-1.63152174465686962E-007)  vcoul(indinv(igp))=  0.95831417692262000     
    => wptcol(          16 ) =               (0.0000000000000000,0.0000000000000000)
  ig=          17  ind(ig)=          14  indinv(igp)=          12  epscol(ind(ig))=  (1.42951190679234674E-002,-1.63152174465686962E-007)  vcoul(indinv(igp))=  0.95831417692262000     
    => wptcol(          17 ) =               (0.0000000000000000,0.0000000000000000)
  ig=          18  ind(ig)=           9  indinv(igp)=          12  epscol(ind(ig))=   (2.81752305286272911E-003,1.34565771977194361E-006)  vcoul(indinv(igp))=  0.95831417692262000     
    => wptcol(          18 ) =   (2.70007228536465376E-003,1.28956287014281981E-006)
  ig=          19  ind(ig)=          14  indinv(igp)=          12  epscol(ind(ig))=  (1.42951190679234674E-002,-1.63152174465686962E-007)  vcoul(indinv(igp))=  0.95831417692262000     
    => wptcol(          19 ) =               (0.0000000000000000,0.0000000000000000)
  ig=          20  ind(ig)=          14  indinv(igp)=          12  epscol(ind(ig))=  (1.42951190679234674E-002,-1.63152174465686962E-007)  vcoul(indinv(igp))=  0.95831417692262000     
    => wptcol(          20 ) =               (0.0000000000000000,0.0000000000000000)
  ig=          21  ind(ig)=          14  indinv(igp)=          12  epscol(ind(ig))=  (1.42951190679234674E-002,-1.63152174465686962E-007)  vcoul(indinv(igp))=  0.95831417692262000     
    => wptcol(          21 ) =               (0.0000000000000000,0.0000000000000000)
  ig=          22  ind(ig)=          12  indinv(igp)=          12  epscol(ind(ig))=   (5.75992413694668345E-002,1.75572512111617115E-006)  vcoul(indinv(igp))=  0.95831417692262000     
    => wptcol(          22 ) =   (5.51981695843479364E-002,1.68253627434481087E-006)
  ig=          23  ind(ig)=          14  indinv(igp)=          12  epscol(ind(ig))=  (1.42951190679234674E-002,-1.63152174465686962E-007)  vcoul(indinv(igp))=  0.95831417692262000     
    => wptcol(          23 ) =               (0.0000000000000000,0.0000000000000000)
  ig=          24  ind(ig)=          13  indinv(igp)=          12  epscol(ind(ig))=  (-2.81677502380416837E-003,7.32061710265303598E-007)  vcoul(indinv(igp))=  0.95831417692262000     
    => wptcol(          24 ) =  (-2.69935543851308486E-003,7.01545115329459970E-007)
 >>> computing wptcol for igp=           6
  ig=           2  ind(ig)=           3  indinv(igp)=           7  epscol(ind(ig))= (-3.30578379852004972E-002,-1.45662900840225906E-006)  vcoul(indinv(igp))=  0.95831417692262000     
    => wptcol(           2 ) = (-3.16797947996287355E-002,-1.39590822926862310E-006)
  ig=           3  ind(ig)=          10  indinv(igp)=           7  epscol(ind(ig))=  (-2.81729276099847896E-003,1.02166506004500687E-006)  vcoul(indinv(igp))=  0.95831417692262000     
    => wptcol(           3 ) =  (-2.69985159340631288E-003,9.79076111107629860E-007)
  ig=           4  ind(ig)=          11  indinv(igp)=           7  epscol(ind(ig))=   (5.75994838335862694E-002,5.08449130813173014E-007)  vcoul(indinv(igp))=  0.95831417692262000     
    => wptcol(           4 ) =   (5.51984019411509846E-002,4.87254010302247415E-007)
  ig=           5  ind(ig)=           1  indinv(igp)=           7  epscol(ind(ig))=   (4.88738151766349941E-003,1.25909999417653662E-006)  vcoul(indinv(igp))=  0.95831417692262000     
    => wptcol(           5 ) =   (4.68364699640652204E-003,1.20661337458256325E-006)
  ig=           6  ind(ig)=          14  indinv(igp)=           7  epscol(ind(ig))=   (2.81537377582025041E-003,2.45693830749691514E-006)  vcoul(indinv(igp))=  0.95831417692262000     
    => wptcol(           6 ) =               (0.0000000000000000,0.0000000000000000)
  ig=           7  ind(ig)=           6  indinv(igp)=           7  epscol(ind(ig))=       (0.67236882945876286,-1.32356576767153116E-019)  vcoul(indinv(igp))=  0.95831417692262000     
    => wptcol(           7 ) =       (0.64434058139119976,-1.26839183924909899E-019)
  ig=           8  ind(ig)=           7  indinv(igp)=           7  epscol(ind(ig))=   (3.30511460199962581E-002,2.96342072606978163E-007)  vcoul(indinv(igp))=  0.95831417692262000     
    => wptcol(           8 ) =   (3.16733817945020410E-002,2.83988809397899562E-007)
  ig=           9  ind(ig)=          14  indinv(igp)=           7  epscol(ind(ig))=   (2.81537377582025041E-003,2.45693830749691514E-006)  vcoul(indinv(igp))=  0.95831417692262000     
    => wptcol(           9 ) =   (2.69801260270471216E-003,2.35451881189856116E-006)
  ig=          10  ind(ig)=          14  indinv(igp)=           7  epscol(ind(ig))=   (2.81537377582025041E-003,2.45693830749691514E-006)  vcoul(indinv(igp))=  0.95831417692262000     
    => wptcol(          10 ) =               (0.0000000000000000,0.0000000000000000)
  ig=          11  ind(ig)=           4  indinv(igp)=           7  epscol(ind(ig))=   (3.52266037126624798E-002,2.90343878183395474E-006)  vcoul(indinv(igp))=  0.95831417692262000     
    => wptcol(          11 ) =   (3.37581537426794517E-002,2.78240654645842065E-006)
  ig=          12  ind(ig)=           5  indinv(igp)=           7  epscol(ind(ig))=   (3.39868353807812416E-003,6.71329945325609129E-007)  vcoul(indinv(igp))=  0.95831417692262000     
    => wptcol(          12 ) =   (3.25700661741379566E-003,6.43345003998218620E-007)
  ig=          13  ind(ig)=          14  indinv(igp)=           7  epscol(ind(ig))=   (2.81537377582025041E-003,2.45693830749691514E-006)  vcoul(indinv(igp))=  0.95831417692262000     
    => wptcol(          13 ) =               (0.0000000000000000,0.0000000000000000)
  ig=          14  ind(ig)=          14  indinv(igp)=           7  epscol(ind(ig))=   (2.81537377582025041E-003,2.45693830749691514E-006)  vcoul(indinv(igp))=  0.95831417692262000     
    => wptcol(          14 ) =               (0.0000000000000000,0.0000000000000000)
  ig=          15  ind(ig)=           8  indinv(igp)=           7  epscol(ind(ig))=  (-3.52281888206432484E-002,7.14932619830853964E-007)  vcoul(indinv(igp))=  0.95831417692262000     
    => wptcol(          15 ) =  (-3.37596727741293762E-002,6.85130065128337157E-007)
  ig=          16  ind(ig)=          14  indinv(igp)=           7  epscol(ind(ig))=   (2.81537377582025041E-003,2.45693830749691514E-006)  vcoul(indinv(igp))=  0.95831417692262000     
    => wptcol(          16 ) =               (0.0000000000000000,0.0000000000000000)
  ig=          17  ind(ig)=          14  indinv(igp)=           7  epscol(ind(ig))=   (2.81537377582025041E-003,2.45693830749691514E-006)  vcoul(indinv(igp))=  0.95831417692262000     
    => wptcol(          17 ) =               (0.0000000000000000,0.0000000000000000)
  ig=          18  ind(ig)=           9  indinv(igp)=           7  epscol(ind(ig))=  (1.42955357646808306E-002,-1.24790389593641080E-006)  vcoul(indinv(igp))=  0.95831417692262000     
    => wptcol(          18 ) =  (1.36996145899979868E-002,-1.19588399491283239E-006)
  ig=          19  ind(ig)=          14  indinv(igp)=           7  epscol(ind(ig))=   (2.81537377582025041E-003,2.45693830749691514E-006)  vcoul(indinv(igp))=  0.95831417692262000     
    => wptcol(          19 ) =               (0.0000000000000000,0.0000000000000000)
  ig=          20  ind(ig)=          14  indinv(igp)=           7  epscol(ind(ig))=   (2.81537377582025041E-003,2.45693830749691514E-006)  vcoul(indinv(igp))=  0.95831417692262000     
    => wptcol(          20 ) =               (0.0000000000000000,0.0000000000000000)
  ig=          21  ind(ig)=          14  indinv(igp)=           7  epscol(ind(ig))=   (2.81537377582025041E-003,2.45693830749691514E-006)  vcoul(indinv(igp))=  0.95831417692262000     
    => wptcol(          21 ) =               (0.0000000000000000,0.0000000000000000)
  ig=          22  ind(ig)=          12  indinv(igp)=           7  epscol(ind(ig))= (-1.98023099459336722E-002,-2.08410522135558429E-006)  vcoul(indinv(igp))=  0.95831417692262000     
    => wptcol(          22 ) = (-1.89768343570040389E-002,-1.99722757982351159E-006)
  ig=          23  ind(ig)=          14  indinv(igp)=           7  epscol(ind(ig))=   (2.81537377582025041E-003,2.45693830749691514E-006)  vcoul(indinv(igp))=  0.95831417692262000     
    => wptcol(          23 ) =               (0.0000000000000000,0.0000000000000000)
  ig=          24  ind(ig)=          13  indinv(igp)=           7  epscol(ind(ig))= (-1.42961195960990446E-002,-1.52107062164627468E-006)  vcoul(indinv(igp))=  0.95831417692262000     
    => wptcol(          24 ) = (-1.37001740839229943E-002,-1.45766354082412761E-006)
 >>> computing wptcol for igp=           7
  ig=           2  ind(ig)=           3  indinv(igp)=           8  epscol(ind(ig))=  (-3.30600365604683949E-002,1.20973986829451169E-006)  vcoul(indinv(igp))=  0.95831417692262000     
    => wptcol(           2 ) =  (-3.16819017254769963E-002,1.15931086617513368E-006)
  ig=           3  ind(ig)=          10  indinv(igp)=           8  epscol(ind(ig))=   (5.75972108039836117E-002,1.19158858402330425E-006)  vcoul(indinv(igp))=  0.95831417692262000     
    => wptcol(           3 ) =   (5.51962236646581922E-002,1.14191623312868309E-006)
  ig=           4  ind(ig)=          11  indinv(igp)=           8  epscol(ind(ig))=  (-2.81549047061078854E-003,1.64540543019131314E-006)  vcoul(indinv(igp))=  0.95831417692262000     
    => wptcol(           4 ) =  (-2.69812443297685802E-003,1.57681535053779782E-006)
  ig=           5  ind(ig)=           1  indinv(igp)=           8  epscol(ind(ig))=  (4.88851099927628454E-003,-1.64846862391320906E-006)  vcoul(indinv(igp))=  0.95831417692262000     
    => wptcol(           5 ) =  (4.68472939464862747E-003,-1.57975085250815086E-006)
  ig=           6  ind(ig)=          14  indinv(igp)=           8  epscol(ind(ig))=   (2.81572384635407971E-003,2.79204978372036465E-006)  vcoul(indinv(igp))=  0.95831417692262000     
    => wptcol(           6 ) =               (0.0000000000000000,0.0000000000000000)
  ig=           7  ind(ig)=           6  indinv(igp)=           8  epscol(ind(ig))=  (3.30511460199962651E-002,-2.96342072607271977E-007)  vcoul(indinv(igp))=  0.95831417692262000     
    => wptcol(           7 ) =  (3.16733817945020479E-002,-2.83988809398181147E-007)
  ig=           8  ind(ig)=           7  indinv(igp)=           8  epscol(ind(ig))=        (0.67237277313232624,5.76561430561711350E-020)  vcoul(indinv(igp))=  0.95831417692262000     
    => wptcol(           8 ) =        (0.64434436066948475,5.52526992774074754E-020)
  ig=           9  ind(ig)=          14  indinv(igp)=           8  epscol(ind(ig))=   (2.81572384635407971E-003,2.79204978372036465E-006)  vcoul(indinv(igp))=  0.95831417692262000     
    => wptcol(           9 ) =   (2.69834808026020358E-003,2.67566089041296061E-006)
  ig=          10  ind(ig)=          14  indinv(igp)=           8  epscol(ind(ig))=   (2.81572384635407971E-003,2.79204978372036465E-006)  vcoul(indinv(igp))=  0.95831417692262000     
    => wptcol(          10 ) =               (0.0000000000000000,0.0000000000000000)
  ig=          11  ind(ig)=           4  indinv(igp)=           8  epscol(ind(ig))=   (3.38866355415458126E-003,8.04266643747824412E-007)  vcoul(indinv(igp))=  0.95831417692262000     
    => wptcol(          11 ) =   (3.24740432476732779E-003,7.70740126729514390E-007)
  ig=          12  ind(ig)=           5  indinv(igp)=           8  epscol(ind(ig))=  (3.52257747112101754E-002,-2.96819554795776446E-007)  vcoul(indinv(igp))=  0.95831417692262000     
    => wptcol(          12 ) =  (3.37573592988350199E-002,-2.84446387348653008E-007)
  ig=          13  ind(ig)=          14  indinv(igp)=           8  epscol(ind(ig))=   (2.81572384635407971E-003,2.79204978372036465E-006)  vcoul(indinv(igp))=  0.95831417692262000     
    => wptcol(          13 ) =               (0.0000000000000000,0.0000000000000000)
  ig=          14  ind(ig)=          14  indinv(igp)=           8  epscol(ind(ig))=   (2.81572384635407971E-003,2.79204978372036465E-006)  vcoul(indinv(igp))=  0.95831417692262000     
    => wptcol(          14 ) =               (0.0000000000000000,0.0000000000000000)
  ig=          15  ind(ig)=           8  indinv(igp)=           8  epscol(ind(ig))=  (-3.52189864607354020E-002,3.41601991562336026E-006)  vcoul(indinv(igp))=  0.95831417692262000     
    => wptcol(          15 ) =  (-3.37508540221685416E-002,3.27362031379187816E-006)
  ig=          16  ind(ig)=          14  indinv(igp)=           8  epscol(ind(ig))=   (2.81572384635407971E-003,2.79204978372036465E-006)  vcoul(indinv(igp))=  0.95831417692262000     
    => wptcol(          16 ) =               (0.0000000000000000,0.0000000000000000)
  ig=          17  ind(ig)=          14  indinv(igp)=           8  epscol(ind(ig))=   (2.81572384635407971E-003,2.79204978372036465E-006)  vcoul(indinv(igp))=  0.95831417692262000     
    => wptcol(          17 ) =               (0.0000000000000000,0.0000000000000000)
  ig=          18  ind(ig)=           9  indinv(igp)=           8  epscol(ind(ig))=  (1.42903093986237253E-002,-2.62292211301577554E-006)  vcoul(indinv(igp))=  0.95831417692262000     
    => wptcol(          18 ) =  (1.36946060893116759E-002,-2.51358344586685218E-006)
  ig=          19  ind(ig)=          14  indinv(igp)=           8  epscol(ind(ig))=   (2.81572384635407971E-003,2.79204978372036465E-006)  vcoul(indinv(igp))=  0.95831417692262000     
    => wptcol(          19 ) =               (0.0000000000000000,0.0000000000000000)
  ig=          20  ind(ig)=          14  indinv(igp)=           8  epscol(ind(ig))=   (2.81572384635407971E-003,2.79204978372036465E-006)  vcoul(indinv(igp))=  0.95831417692262000     
    => wptcol(          20 ) =               (0.0000000000000000,0.0000000000000000)
  ig=          21  ind(ig)=          14  indinv(igp)=           8  epscol(ind(ig))=   (2.81572384635407971E-003,2.79204978372036465E-006)  vcoul(indinv(igp))=  0.95831417692262000     
    => wptcol(          21 ) =               (0.0000000000000000,0.0000000000000000)
  ig=          22  ind(ig)=          12  indinv(igp)=           8  epscol(ind(ig))= (-1.42945924855092232E-002,-2.36850338672361227E-006)  vcoul(indinv(igp))=  0.95831417692262000     
    => wptcol(          22 ) = (-1.36987106321950405E-002,-2.26977037358647656E-006)
  ig=          23  ind(ig)=          14  indinv(igp)=           8  epscol(ind(ig))=   (2.81572384635407971E-003,2.79204978372036465E-006)  vcoul(indinv(igp))=  0.95831417692262000     
    => wptcol(          23 ) =               (0.0000000000000000,0.0000000000000000)
  ig=          24  ind(ig)=          13  indinv(igp)=           8  epscol(ind(ig))=  (-1.98003463286895547E-002,4.75672976277806868E-007)  vcoul(indinv(igp))=  0.95831417692262000     
    => wptcol(          24 ) =  (-1.89749525947609521E-002,4.55844156745999412E-007)
 >>> computing wptcol for igp=           8
  ig=           2  ind(ig)=           3  indinv(igp)=          15  epscol(ind(ig))=  (3.37835558569120602E-003,-1.50363472762050729E-006)  vcoul(indinv(igp))=  0.95831417692262000     
    => wptcol(           2 ) =  (3.23752605245360408E-003,-1.44095447639191440E-006)
  ig=           3  ind(ig)=          10  indinv(igp)=          15  epscol(ind(ig))=  (1.42875564694181240E-002,-7.36380906118065207E-008)  vcoul(indinv(igp))=  0.95831417692262000     
    => wptcol(           3 ) =  (1.36919679182258835E-002,-7.05684261948066827E-008)
  ig=           4  ind(ig)=          11  indinv(igp)=          15  epscol(ind(ig))=   (1.42899665622378998E-002,2.62065933672348858E-006)  vcoul(indinv(igp))=  0.95831417692262000     
    => wptcol(           4 ) =   (1.36942775443427752E-002,2.51141499526674939E-006)
  ig=           5  ind(ig)=           1  indinv(igp)=          15  epscol(ind(ig))=  (9.03048242440390447E-002,-5.72977079809684628E-006)  vcoul(indinv(igp))=  0.95831417692262000     
    => wptcol(           5 ) =  (8.65403933175681317E-002,-5.49092058633344315E-006)
  ig=           6  ind(ig)=          14  indinv(igp)=          15  epscol(ind(ig))=  (-1.97957965867799242E-002,1.26963752291391979E-006)  vcoul(indinv(igp))=  0.95831417692262000     
    => wptcol(           6 ) =              (-0.0000000000000000,0.0000000000000000)
  ig=           7  ind(ig)=           6  indinv(igp)=          15  epscol(ind(ig))= (-3.52281888206432553E-002,-7.14932619830675981E-007)  vcoul(indinv(igp))=  0.95831417692262000     
    => wptcol(           7 ) = (-3.37596727741293831E-002,-6.85130065128166692E-007)
  ig=           8  ind(ig)=           7  indinv(igp)=          15  epscol(ind(ig))= (-3.52189864607354020E-002,-3.41601991562334798E-006)  vcoul(indinv(igp))=  0.95831417692262000     
    => wptcol(           8 ) = (-3.37508540221685416E-002,-3.27362031379186673E-006)
  ig=           9  ind(ig)=          14  indinv(igp)=          15  epscol(ind(ig))=  (-1.97957965867799242E-002,1.26963752291391979E-006)  vcoul(indinv(igp))=  0.95831417692262000     
    => wptcol(           9 ) =  (-1.89705925125876126E-002,1.21671163776132709E-006)
  ig=          10  ind(ig)=          14  indinv(igp)=          15  epscol(ind(ig))=  (-1.97957965867799242E-002,1.26963752291391979E-006)  vcoul(indinv(igp))=  0.95831417692262000     
    => wptcol(          10 ) =              (-0.0000000000000000,0.0000000000000000)
  ig=          11  ind(ig)=           4  indinv(igp)=          15  epscol(ind(ig))= (-3.30644966997288639E-002,-2.49409520050912252E-007)  vcoul(indinv(igp))=  0.95831417692262000     
    => wptcol(          11 ) = (-3.16861759401613485E-002,-2.39012678924255665E-007)
  ig=          12  ind(ig)=           5  indinv(igp)=          15  epscol(ind(ig))=  (-3.30623820466321855E-002,3.37558959386868202E-006)  vcoul(indinv(igp))=  0.95831417692262000     
    => wptcol(          12 ) =  (-3.16841494381195285E-002,3.23487536327682713E-006)
  ig=          13  ind(ig)=          14  indinv(igp)=          15  epscol(ind(ig))=  (-1.97957965867799242E-002,1.26963752291391979E-006)  vcoul(indinv(igp))=  0.95831417692262000     
    => wptcol(          13 ) =              (-0.0000000000000000,0.0000000000000000)
  ig=          14  ind(ig)=          14  indinv(igp)=          15  epscol(ind(ig))=  (-1.97957965867799242E-002,1.26963752291391979E-006)  vcoul(indinv(igp))=  0.95831417692262000     
    => wptcol(          14 ) =              (-0.0000000000000000,0.0000000000000000)
  ig=          15  ind(ig)=           8  indinv(igp)=          15  epscol(ind(ig))=        (0.67237740247424704,1.24663385539495323E-019)  vcoul(indinv(igp))=  0.95831417692262000     
    => wptcol(          15 ) =        (0.64434879703347725,1.19466689705668701E-019)
  ig=          16  ind(ig)=          14  indinv(igp)=          15  epscol(ind(ig))=  (-1.97957965867799242E-002,1.26963752291391979E-006)  vcoul(indinv(igp))=  0.95831417692262000     
    => wptcol(          16 ) =              (-0.0000000000000000,0.0000000000000000)
  ig=          17  ind(ig)=          14  indinv(igp)=          15  epscol(ind(ig))=  (-1.97957965867799242E-002,1.26963752291391979E-006)  vcoul(indinv(igp))=  0.95831417692262000     
    => wptcol(          17 ) =              (-0.0000000000000000,0.0000000000000000)
  ig=          18  ind(ig)=           9  indinv(igp)=          15  epscol(ind(ig))=  (5.75990376322074241E-002,-9.37451193745363483E-007)  vcoul(indinv(igp))=  0.95831417692262000     
    => wptcol(          18 ) =  (5.51979743400438719E-002,-8.98372769139215532E-007)
  ig=          19  ind(ig)=          14  indinv(igp)=          15  epscol(ind(ig))=  (-1.97957965867799242E-002,1.26963752291391979E-006)  vcoul(indinv(igp))=  0.95831417692262000     
    => wptcol(          19 ) =              (-0.0000000000000000,0.0000000000000000)
  ig=          20  ind(ig)=          14  indinv(igp)=          15  epscol(ind(ig))=  (-1.97957965867799242E-002,1.26963752291391979E-006)  vcoul(indinv(igp))=  0.95831417692262000     
    => wptcol(          20 ) =              (-0.0000000000000000,0.0000000000000000)
  ig=          21  ind(ig)=          14  indinv(igp)=          15  epscol(ind(ig))=  (-1.97957965867799242E-002,1.26963752291391979E-006)  vcoul(indinv(igp))=  0.95831417692262000     
    => wptcol(          21 ) =              (-0.0000000000000000,0.0000000000000000)
  ig=          22  ind(ig)=          12  indinv(igp)=          15  epscol(ind(ig))=   (2.81349064823010336E-003,1.31445193714779852E-007)  vcoul(indinv(igp))=  0.95831417692262000     
    => wptcol(          22 ) =   (2.69620797483811989E-003,1.25965792625213591E-007)
  ig=          23  ind(ig)=          14  indinv(igp)=          15  epscol(ind(ig))=  (-1.97957965867799242E-002,1.26963752291391979E-006)  vcoul(indinv(igp))=  0.95831417692262000     
    => wptcol(          23 ) =              (-0.0000000000000000,0.0000000000000000)
  ig=          24  ind(ig)=          13  indinv(igp)=          15  epscol(ind(ig))=  (2.81404632183807632E-003,-1.93412627881413003E-006)  vcoul(indinv(igp))=  0.95831417692262000     
    => wptcol(          24 ) =  (2.69674048473438240E-003,-1.85350063294617295E-006)
 >>> computing wptcol for igp=           9
  ig=           2  ind(ig)=           3  indinv(igp)=          18  epscol(ind(ig))=  (-3.41983106449007396E-002,3.11022055178975155E-008)  vcoul(indinv(igp))=  0.55481347084993793     
    => wptcol(           2 ) =  (-1.89736834261017596E-002,1.72559225944728132E-008)
  ig=           3  ind(ig)=          10  indinv(igp)=          18  epscol(ind(ig))= (-7.64846923526283024E-004,-6.79621062830180255E-007)  vcoul(indinv(igp))=  0.55481347084993793     
    => wptcol(           3 ) = (-4.24347376310514157E-004,-3.77062920731536055E-007)
  ig=           4  ind(ig)=          11  indinv(igp)=          18  epscol(ind(ig))=  (-7.67074271132982244E-004,1.56386654670463205E-006)  vcoul(indinv(igp))=  0.55481347084993793     
    => wptcol(           4 ) =  (-4.25583138766976203E-004,8.67654226723303504E-007)
  ig=           5  ind(ig)=           1  indinv(igp)=          18  epscol(ind(ig))=        (0.14064922810450736,4.60775895109991603E-006)  vcoul(indinv(igp))=  0.55481347084993793     
    => wptcol(           5 ) =   (7.80340864170263604E-002,2.55644673649961382E-006)
  ig=           6  ind(ig)=          14  indinv(igp)=          18  epscol(ind(ig))=  (7.28970416313357711E-002,-7.01826544768412026E-007)  vcoul(indinv(igp))=  0.55481347084993793     
    => wptcol(           6 ) =               (0.0000000000000000,0.0000000000000000)
  ig=           7  ind(ig)=           6  indinv(igp)=          18  epscol(ind(ig))=   (2.46922890480850664E-002,2.15547036570842058E-006)  vcoul(indinv(igp))=  0.55481347084993793     
    => wptcol(           7 ) =   (1.36996145899979851E-002,1.19588399491287390E-006)
  ig=           8  ind(ig)=           7  indinv(igp)=          18  epscol(ind(ig))=   (2.46832616885318823E-002,4.53050183157253715E-006)  vcoul(indinv(igp))=  0.55481347084993793     
    => wptcol(           8 ) =   (1.36946060893116724E-002,2.51358344586676028E-006)
  ig=           9  ind(ig)=          14  indinv(igp)=          18  epscol(ind(ig))=  (7.28970416313357711E-002,-7.01826544768412026E-007)  vcoul(indinv(igp))=  0.55481347084993793     
    => wptcol(           9 ) =  (4.04442606821738201E-002,-3.89382821237582021E-007)
  ig=          10  ind(ig)=          14  indinv(igp)=          18  epscol(ind(ig))=  (7.28970416313357711E-002,-7.01826544768412026E-007)  vcoul(indinv(igp))=  0.55481347084993793     
    => wptcol(          10 ) =               (0.0000000000000000,0.0000000000000000)
  ig=          11  ind(ig)=           4  indinv(igp)=          18  epscol(ind(ig))=  (4.86751072398410468E-003,-2.93738364045824650E-006)  vcoul(indinv(igp))=  0.55481347084993793     
    => wptcol(          11 ) =  (2.70056051917291545E-003,-1.62970001278046598E-006)
  ig=          12  ind(ig)=           5  indinv(igp)=          18  epscol(ind(ig))=  (4.86663072767198369E-003,-2.32431787960585099E-006)  vcoul(indinv(igp))=  0.55481347084993793     
    => wptcol(          12 ) =  (2.70007228536465246E-003,-1.28956287014269043E-006)
  ig=          13  ind(ig)=          14  indinv(igp)=          18  epscol(ind(ig))=  (7.28970416313357711E-002,-7.01826544768412026E-007)  vcoul(indinv(igp))=  0.55481347084993793     
    => wptcol(          13 ) =               (0.0000000000000000,0.0000000000000000)
  ig=          14  ind(ig)=          14  indinv(igp)=          18  epscol(ind(ig))=  (7.28970416313357711E-002,-7.01826544768412026E-007)  vcoul(indinv(igp))=  0.55481347084993793     
    => wptcol(          14 ) =               (0.0000000000000000,0.0000000000000000)
  ig=          15  ind(ig)=           8  indinv(igp)=          18  epscol(ind(ig))=   (9.94892468192673796E-002,1.61923388010587422E-006)  vcoul(indinv(igp))=  0.55481347084993793     
    => wptcol(          15 ) =   (5.51979743400438788E-002,8.98372769139352328E-007)
  ig=          16  ind(ig)=          14  indinv(igp)=          18  epscol(ind(ig))=  (7.28970416313357711E-002,-7.01826544768412026E-007)  vcoul(indinv(igp))=  0.55481347084993793     
    => wptcol(          16 ) =               (0.0000000000000000,0.0000000000000000)
  ig=          17  ind(ig)=          14  indinv(igp)=          18  epscol(ind(ig))=  (7.28970416313357711E-002,-7.01826544768412026E-007)  vcoul(indinv(igp))=  0.55481347084993793     
    => wptcol(          17 ) =               (0.0000000000000000,0.0000000000000000)
  ig=          18  ind(ig)=           9  indinv(igp)=          18  epscol(ind(ig))=       (0.85914985693952617,-8.98236254351945305E-019)  vcoul(indinv(igp))=  0.55481347084993793     
    => wptcol(          18 ) =       (0.47666791410884612,-4.98353573920250467E-019)
  ig=          19  ind(ig)=          14  indinv(igp)=          18  epscol(ind(ig))=  (7.28970416313357711E-002,-7.01826544768412026E-007)  vcoul(indinv(igp))=  0.55481347084993793     
    => wptcol(          19 ) =               (0.0000000000000000,0.0000000000000000)
  ig=          20  ind(ig)=          14  indinv(igp)=          18  epscol(ind(ig))=  (7.28970416313357711E-002,-7.01826544768412026E-007)  vcoul(indinv(igp))=  0.55481347084993793     
    => wptcol(          20 ) =               (0.0000000000000000,0.0000000000000000)
  ig=          21  ind(ig)=          14  indinv(igp)=          18  epscol(ind(ig))=  (7.28970416313357711E-002,-7.01826544768412026E-007)  vcoul(indinv(igp))=  0.55481347084993793     
    => wptcol(          21 ) =               (0.0000000000000000,0.0000000000000000)
  ig=          22  ind(ig)=          12  indinv(igp)=          18  epscol(ind(ig))= (-6.20456208927688910E-003,-2.27434384725524480E-006)  vcoul(indinv(igp))=  0.55481347084993793     
    => wptcol(          22 ) = (-3.44237462785565310E-003,-1.26183660380188338E-006)
  ig=          23  ind(ig)=          14  indinv(igp)=          18  epscol(ind(ig))=  (7.28970416313357711E-002,-7.01826544768412026E-007)  vcoul(indinv(igp))=  0.55481347084993793     
    => wptcol(          23 ) =               (0.0000000000000000,0.0000000000000000)
  ig=          24  ind(ig)=          13  indinv(igp)=          18  epscol(ind(ig))=  (-6.20965549099158041E-003,3.85131859460439547E-006)  vcoul(indinv(igp))=  0.55481347084993793     
    => wptcol(          24 ) =  (-3.44520051573941411E-003,2.13676343682136949E-006)
 >>> computing wptcol for igp=          10
  ig=           2  ind(ig)=           3  indinv(igp)=           3  epscol(ind(ig))=   (4.86237534855639766E-003,3.66957709370730237E-006)  vcoul(indinv(igp))=  0.55481347084993793     
    => wptcol(           2 ) =   (2.69771134370775170E-003,2.03593080391117652E-006)
  ig=           3  ind(ig)=          10  indinv(igp)=           3  epscol(ind(ig))=       (0.85914901501181073,-2.03083761733159618E-019)  vcoul(indinv(igp))=  0.55481347084993793     
    => wptcol(           3 ) =       (0.47666744699600816,-1.12673606720436099E-019)
  ig=           4  ind(ig)=          11  indinv(igp)=           3  epscol(ind(ig))=  (6.19989884857679533E-003,-2.18362448889552351E-006)  vcoul(indinv(igp))=  0.55481347084993793     
    => wptcol(           4 ) =  (3.43978739909742539E-003,-1.21150428171704720E-006)
  ig=           5  ind(ig)=           1  indinv(igp)=           3  epscol(ind(ig))=  (1.60603691085864364E-002,-5.12345323655288279E-008)  vcoul(indinv(igp))=  0.55481347084993793     
    => wptcol(           5 ) =  (8.91050912826596431E-003,-2.84256087290925297E-008)
  ig=           6  ind(ig)=          14  indinv(igp)=           3  epscol(ind(ig))= (-6.20983924828322903E-003,-3.75147414909419698E-006)  vcoul(indinv(igp))=  0.55481347084993793     
    => wptcol(           6 ) =               (0.0000000000000000,0.0000000000000000)
  ig=           7  ind(ig)=           6  indinv(igp)=           3  epscol(ind(ig))= (-4.86623295081555288E-003,-1.76469419462383249E-006)  vcoul(indinv(igp))=  0.55481347084993793     
    => wptcol(           7 ) = (-2.69985159340631201E-003,-9.79076111107984343E-007)
  ig=           8  ind(ig)=           7  indinv(igp)=           3  epscol(ind(ig))=  (9.94860913886989606E-002,-2.05819846331359413E-006)  vcoul(indinv(igp))=  0.55481347084993793     
    => wptcol(           8 ) =  (5.51962236646581922E-002,-1.14191623312902381E-006)
  ig=           9  ind(ig)=          14  indinv(igp)=           3  epscol(ind(ig))= (-6.20983924828322903E-003,-3.75147414909419698E-006)  vcoul(indinv(igp))=  0.55481347084993793     
    => wptcol(           9 ) = (-3.44530246676018771E-003,-2.08136839346276894E-006)
  ig=          10  ind(ig)=          14  indinv(igp)=           3  epscol(ind(ig))= (-6.20983924828322903E-003,-3.75147414909419698E-006)  vcoul(indinv(igp))=  0.55481347084993793     
    => wptcol(          10 ) =               (0.0000000000000000,0.0000000000000000)
  ig=          11  ind(ig)=           4  indinv(igp)=           3  epscol(ind(ig))= (-3.41970340535673739E-002,-2.36435300687613421E-006)  vcoul(indinv(igp))=  0.55481347084993793     
    => wptcol(          11 ) = (-1.89729751560332380E-002,-1.31177489805943512E-006)
  ig=          12  ind(ig)=           5  indinv(igp)=           3  epscol(ind(ig))=  (-2.46920829024961652E-002,2.67501244006055315E-006)  vcoul(indinv(igp))=  0.55481347084993793     
    => wptcol(          12 ) =  (-1.36995002176483072E-002,1.48413293643675703E-006)
  ig=          13  ind(ig)=          14  indinv(igp)=           3  epscol(ind(ig))= (-6.20983924828322903E-003,-3.75147414909419698E-006)  vcoul(indinv(igp))=  0.55481347084993793     
    => wptcol(          13 ) =               (0.0000000000000000,0.0000000000000000)
  ig=          14  ind(ig)=          14  indinv(igp)=           3  epscol(ind(ig))= (-6.20983924828322903E-003,-3.75147414909419698E-006)  vcoul(indinv(igp))=  0.55481347084993793     
    => wptcol(          14 ) =               (0.0000000000000000,0.0000000000000000)
  ig=          15  ind(ig)=           8  indinv(igp)=           3  epscol(ind(ig))=   (2.46785066289949388E-002,1.27193065602024078E-007)  vcoul(indinv(igp))=  0.55481347084993793     
    => wptcol(          15 ) =   (1.36919679182258835E-002,7.05684261947028285E-008)
  ig=          16  ind(ig)=          14  indinv(igp)=           3  epscol(ind(ig))= (-6.20983924828322903E-003,-3.75147414909419698E-006)  vcoul(indinv(igp))=  0.55481347084993793     
    => wptcol(          16 ) =               (0.0000000000000000,0.0000000000000000)
  ig=          17  ind(ig)=          14  indinv(igp)=           3  epscol(ind(ig))= (-6.20983924828322903E-003,-3.75147414909419698E-006)  vcoul(indinv(igp))=  0.55481347084993793     
    => wptcol(          17 ) =               (0.0000000000000000,0.0000000000000000)
  ig=          18  ind(ig)=           9  indinv(igp)=           3  epscol(ind(ig))=  (-7.64846923526284325E-004,6.79621062829813808E-007)  vcoul(indinv(igp))=  0.55481347084993793     
    => wptcol(          18 ) =  (-4.24347376310514862E-004,3.77062920731332714E-007)
  ig=          19  ind(ig)=          14  indinv(igp)=           3  epscol(ind(ig))= (-6.20983924828322903E-003,-3.75147414909419698E-006)  vcoul(indinv(igp))=  0.55481347084993793     
    => wptcol(          19 ) =               (0.0000000000000000,0.0000000000000000)
  ig=          20  ind(ig)=          14  indinv(igp)=           3  epscol(ind(ig))= (-6.20983924828322903E-003,-3.75147414909419698E-006)  vcoul(indinv(igp))=  0.55481347084993793     
    => wptcol(          20 ) =               (0.0000000000000000,0.0000000000000000)
  ig=          21  ind(ig)=          14  indinv(igp)=           3  epscol(ind(ig))= (-6.20983924828322903E-003,-3.75147414909419698E-006)  vcoul(indinv(igp))=  0.55481347084993793     
    => wptcol(          21 ) =               (0.0000000000000000,0.0000000000000000)
  ig=          22  ind(ig)=          12  indinv(igp)=           3  epscol(ind(ig))=   (7.69585524863343039E-004,1.65245150048946063E-006)  vcoul(indinv(igp))=  0.55481347084993793     
    => wptcol(          22 ) =   (4.26976416165302550E-004,9.16802352397745509E-007)
  ig=          23  ind(ig)=          14  indinv(igp)=           3  epscol(ind(ig))= (-6.20983924828322903E-003,-3.75147414909419698E-006)  vcoul(indinv(igp))=  0.55481347084993793     
    => wptcol(          23 ) =               (0.0000000000000000,0.0000000000000000)
  ig=          24  ind(ig)=          13  indinv(igp)=           3  epscol(ind(ig))=   (7.28907066132913478E-002,1.43756987733784153E-006)  vcoul(indinv(igp))=  0.55481347084993793     
    => wptcol(          24 ) =   (4.04407459288246979E-002,7.97583133235127355E-007)
 >>> computing wptcol for igp=          11
  ig=           2  ind(ig)=           3  indinv(igp)=           4  epscol(ind(ig))=  (4.86038142256847196E-003,-3.77138417227813405E-006)  vcoul(indinv(igp))=  0.55481347084993793     
    => wptcol(           2 ) =  (2.69660508670977296E-003,-2.09241474253015197E-006)
  ig=           3  ind(ig)=          10  indinv(igp)=           4  epscol(ind(ig))=   (6.19989884857679620E-003,2.18362448889490644E-006)  vcoul(indinv(igp))=  0.55481347084993793     
    => wptcol(           3 ) =   (3.43978739909742625E-003,1.21150428171670479E-006)
  ig=           4  ind(ig)=          11  indinv(igp)=           4  epscol(ind(ig))=        (0.85914686648561145,6.29572644285667527E-019)  vcoul(indinv(igp))=  0.55481347084993793     
    => wptcol(           4 ) =        (0.47666625496473031,3.49295383928304553E-019)
  ig=           5  ind(ig)=           1  indinv(igp)=           4  epscol(ind(ig))=   (1.60692053675145080E-002,9.15589634746988503E-006)  vcoul(indinv(igp))=  0.55481347084993793     
    => wptcol(           5 ) =   (8.91541160375117735E-003,5.07981463128203601E-006)
  ig=           6  ind(ig)=          14  indinv(igp)=           4  epscol(ind(ig))=  (-6.20419597604946610E-003,1.44595886804416777E-006)  vcoul(indinv(igp))=  0.55481347084993793     
    => wptcol(           6 ) =              (-0.0000000000000000,0.0000000000000000)
  ig=           7  ind(ig)=           6  indinv(igp)=           4  epscol(ind(ig))=  (9.94900175307398826E-002,-8.78230316858456224E-007)  vcoul(indinv(igp))=  0.55481347084993793     
    => wptcol(           7 ) =  (5.51984019411509638E-002,-4.87254010301880862E-007)
  ig=           8  ind(ig)=           7  indinv(igp)=           4  epscol(ind(ig))= (-4.86311990378227033E-003,-2.84206392487600218E-006)  vcoul(indinv(igp))=  0.55481347084993793     
    => wptcol(           8 ) = (-2.69812443297685759E-003,-1.57681535053785203E-006)
  ig=           9  ind(ig)=          14  indinv(igp)=           4  epscol(ind(ig))=  (-6.20419597604946610E-003,1.44595886804416777E-006)  vcoul(indinv(igp))=  0.55481347084993793     
    => wptcol(           9 ) =  (-3.44217150330522253E-003,8.02237458285832068E-007)
  ig=          10  ind(ig)=          14  indinv(igp)=           4  epscol(ind(ig))=  (-6.20419597604946610E-003,1.44595886804416777E-006)  vcoul(indinv(igp))=  0.55481347084993793     
    => wptcol(          10 ) =              (-0.0000000000000000,0.0000000000000000)
  ig=          11  ind(ig)=           4  indinv(igp)=           4  epscol(ind(ig))=  (-2.46909100368146589E-002,2.47095068627446851E-006)  vcoul(indinv(igp))=  0.55481347084993793     
    => wptcol(          11 ) =  (-1.36988494959687096E-002,1.37091672655097395E-006)
  ig=          12  ind(ig)=           5  indinv(igp)=           4  epscol(ind(ig))=  (-3.42022095056863928E-002,2.54042877263600912E-006)  vcoul(indinv(igp))=  0.55481347084993793     
    => wptcol(          12 ) =  (-1.89758465665866086E-002,1.40946410479323199E-006)
  ig=          13  ind(ig)=          14  indinv(igp)=           4  epscol(ind(ig))=  (-6.20419597604946610E-003,1.44595886804416777E-006)  vcoul(indinv(igp))=  0.55481347084993793     
    => wptcol(          13 ) =              (-0.0000000000000000,0.0000000000000000)
  ig=          14  ind(ig)=          14  indinv(igp)=           4  epscol(ind(ig))=  (-6.20419597604946610E-003,1.44595886804416777E-006)  vcoul(indinv(igp))=  0.55481347084993793     
    => wptcol(          14 ) =              (-0.0000000000000000,0.0000000000000000)
  ig=          15  ind(ig)=           8  indinv(igp)=           4  epscol(ind(ig))=  (2.46826695165927382E-002,-4.52659339979538456E-006)  vcoul(indinv(igp))=  0.55481347084993793     
    => wptcol(          15 ) =  (1.36942775443427769E-002,-2.51141499526689804E-006)
  ig=          16  ind(ig)=          14  indinv(igp)=           4  epscol(ind(ig))=  (-6.20419597604946610E-003,1.44595886804416777E-006)  vcoul(indinv(igp))=  0.55481347084993793     
    => wptcol(          16 ) =              (-0.0000000000000000,0.0000000000000000)
  ig=          17  ind(ig)=          14  indinv(igp)=           4  epscol(ind(ig))=  (-6.20419597604946610E-003,1.44595886804416777E-006)  vcoul(indinv(igp))=  0.55481347084993793     
    => wptcol(          17 ) =              (-0.0000000000000000,0.0000000000000000)
  ig=          18  ind(ig)=           9  indinv(igp)=           4  epscol(ind(ig))= (-7.67074271132981702E-004,-1.56386654670457297E-006)  vcoul(indinv(igp))=  0.55481347084993793     
    => wptcol(          18 ) = (-4.25583138766975932E-004,-8.67654226723270681E-007)
  ig=          19  ind(ig)=          14  indinv(igp)=           4  epscol(ind(ig))=  (-6.20419597604946610E-003,1.44595886804416777E-006)  vcoul(indinv(igp))=  0.55481347084993793     
    => wptcol(          19 ) =              (-0.0000000000000000,0.0000000000000000)
  ig=          20  ind(ig)=          14  indinv(igp)=           4  epscol(ind(ig))=  (-6.20419597604946610E-003,1.44595886804416777E-006)  vcoul(indinv(igp))=  0.55481347084993793     
    => wptcol(          20 ) =              (-0.0000000000000000,0.0000000000000000)
  ig=          21  ind(ig)=          14  indinv(igp)=           4  epscol(ind(ig))=  (-6.20419597604946610E-003,1.44595886804416777E-006)  vcoul(indinv(igp))=  0.55481347084993793     
    => wptcol(          21 ) =              (-0.0000000000000000,0.0000000000000000)
  ig=          22  ind(ig)=          12  indinv(igp)=           4  epscol(ind(ig))=   (7.28856181157557792E-002,1.21543983858352558E-006)  vcoul(indinv(igp))=  0.55481347084993793     
    => wptcol(          22 ) =   (4.04379227618455739E-002,6.74342395453814095E-007)
  ig=          23  ind(ig)=          14  indinv(igp)=           4  epscol(ind(ig))=  (-6.20419597604946610E-003,1.44595886804416777E-006)  vcoul(indinv(igp))=  0.55481347084993793     
    => wptcol(          23 ) =              (-0.0000000000000000,0.0000000000000000)
  ig=          24  ind(ig)=          13  indinv(igp)=           4  epscol(ind(ig))=  (7.69559344626350849E-004,-1.08376562575209668E-006)  vcoul(indinv(igp))=  0.55481347084993793     
    => wptcol(          24 ) =  (4.26961891017149230E-004,-6.01287768411375589E-007)
 >>> computing wptcol for igp=          12
  ig=           2  ind(ig)=           3  indinv(igp)=          22  epscol(ind(ig))=  (2.46870619360867981E-002,-1.37896196397882220E-006)  vcoul(indinv(igp))=  0.55481347084993793     
    => wptcol(           2 ) =  (1.36967145178477044E-002,-7.65066673405137456E-007)
  ig=           3  ind(ig)=          10  indinv(igp)=          22  epscol(ind(ig))=  (7.69585524863342823E-004,-1.65245150048918492E-006)  vcoul(indinv(igp))=  0.55481347084993793     
    => wptcol(           3 ) =  (4.26976416165302441E-004,-9.16802352397592619E-007)
  ig=           4  ind(ig)=          11  indinv(igp)=          22  epscol(ind(ig))=  (7.28856181157557931E-002,-1.21543983858259766E-006)  vcoul(indinv(igp))=  0.55481347084993793     
    => wptcol(           4 ) =  (4.04379227618455878E-002,-6.74342395453299311E-007)
  ig=           5  ind(ig)=           1  indinv(igp)=          22  epscol(ind(ig))=      (-0.14066198899206320,-3.35450031347962097E-007)  vcoul(indinv(igp))=  0.55481347084993793     
    => wptcol(           5 ) = (-7.80411663293423402E-002,-1.86112196188883333E-007)
  ig=           6  ind(ig)=          14  indinv(igp)=          22  epscol(ind(ig))=  (-7.66371336927072462E-004,6.15856855025847088E-007)  vcoul(indinv(igp))=  0.55481347084993793     
    => wptcol(           6 ) =              (-0.0000000000000000,0.0000000000000000)
  ig=           7  ind(ig)=           6  indinv(igp)=          22  epscol(ind(ig))=  (-3.42039899066127057E-002,3.59981810961383480E-006)  vcoul(indinv(igp))=  0.55481347084993793     
    => wptcol(           7 ) =  (-1.89768343570040389E-002,1.99722757982331380E-006)
  ig=           8  ind(ig)=           7  indinv(igp)=          22  epscol(ind(ig))=  (-2.46906597476977407E-002,4.09105130434080800E-006)  vcoul(indinv(igp))=  0.55481347084993793     
    => wptcol(           8 ) =  (-1.36987106321950370E-002,2.26977037358648927E-006)
  ig=           9  ind(ig)=          14  indinv(igp)=          22  epscol(ind(ig))=  (-7.66371336927072462E-004,6.15856855025847088E-007)  vcoul(indinv(igp))=  0.55481347084993793     
    => wptcol(           9 ) =  (-4.25193141400416258E-004,3.41685679283617263E-007)
  ig=          10  ind(ig)=          14  indinv(igp)=          22  epscol(ind(ig))=  (-7.66371336927072462E-004,6.15856855025847088E-007)  vcoul(indinv(igp))=  0.55481347084993793     
    => wptcol(          10 ) =              (-0.0000000000000000,0.0000000000000000)
  ig=          11  ind(ig)=           4  indinv(igp)=          22  epscol(ind(ig))= (-4.86532963198963234E-003,-4.84727388115985096E-006)  vcoul(indinv(igp))=  0.55481347084993793     
    => wptcol(          11 ) = (-2.69935041995321900E-003,-2.68933284616654633E-006)
  ig=          12  ind(ig)=           5  indinv(igp)=          22  epscol(ind(ig))=  (9.94895987290790595E-002,-3.03261611829199450E-006)  vcoul(indinv(igp))=  0.55481347084993793     
    => wptcol(          12 ) =  (5.51981695843479295E-002,-1.68253627434504741E-006)
  ig=          13  ind(ig)=          14  indinv(igp)=          22  epscol(ind(ig))=  (-7.66371336927072462E-004,6.15856855025847088E-007)  vcoul(indinv(igp))=  0.55481347084993793     
    => wptcol(          13 ) =              (-0.0000000000000000,0.0000000000000000)
  ig=          14  ind(ig)=          14  indinv(igp)=          22  epscol(ind(ig))=  (-7.66371336927072462E-004,6.15856855025847088E-007)  vcoul(indinv(igp))=  0.55481347084993793     
    => wptcol(          14 ) =              (-0.0000000000000000,0.0000000000000000)
  ig=          15  ind(ig)=           8  indinv(igp)=          22  epscol(ind(ig))=  (4.85966566512472178E-003,-2.27041698234138772E-007)  vcoul(indinv(igp))=  0.55481347084993793     
    => wptcol(          15 ) =  (2.69620797483811903E-003,-1.25965792624946749E-007)
  ig=          16  ind(ig)=          14  indinv(igp)=          22  epscol(ind(ig))=  (-7.66371336927072462E-004,6.15856855025847088E-007)  vcoul(indinv(igp))=  0.55481347084993793     
    => wptcol(          16 ) =              (-0.0000000000000000,0.0000000000000000)
  ig=          17  ind(ig)=          14  indinv(igp)=          22  epscol(ind(ig))=  (-7.66371336927072462E-004,6.15856855025847088E-007)  vcoul(indinv(igp))=  0.55481347084993793     
    => wptcol(          17 ) =              (-0.0000000000000000,0.0000000000000000)
  ig=          18  ind(ig)=           9  indinv(igp)=          22  epscol(ind(ig))=  (-6.20456208927688737E-003,2.27434384725541379E-006)  vcoul(indinv(igp))=  0.55481347084993793     
    => wptcol(          18 ) =  (-3.44237462785565223E-003,1.26183660380197719E-006)
  ig=          19  ind(ig)=          14  indinv(igp)=          22  epscol(ind(ig))=  (-7.66371336927072462E-004,6.15856855025847088E-007)  vcoul(indinv(igp))=  0.55481347084993793     
    => wptcol(          19 ) =              (-0.0000000000000000,0.0000000000000000)
  ig=          20  ind(ig)=          14  indinv(igp)=          22  epscol(ind(ig))=  (-7.66371336927072462E-004,6.15856855025847088E-007)  vcoul(indinv(igp))=  0.55481347084993793     
    => wptcol(          20 ) =              (-0.0000000000000000,0.0000000000000000)
  ig=          21  ind(ig)=          14  indinv(igp)=          22  epscol(ind(ig))=  (-7.66371336927072462E-004,6.15856855025847088E-007)  vcoul(indinv(igp))=  0.55481347084993793     
    => wptcol(          21 ) =              (-0.0000000000000000,0.0000000000000000)
  ig=          22  ind(ig)=          12  indinv(igp)=          22  epscol(ind(ig))=        (0.85914473393676205,6.64308258064545274E-019)  vcoul(indinv(igp))=  0.55481347084993793     
    => wptcol(          22 ) =        (0.47666507179790141,3.68567170371066656E-019)
  ig=          23  ind(ig)=          14  indinv(igp)=          22  epscol(ind(ig))=  (-7.66371336927072462E-004,6.15856855025847088E-007)  vcoul(indinv(igp))=  0.55481347084993793     
    => wptcol(          23 ) =              (-0.0000000000000000,0.0000000000000000)
  ig=          24  ind(ig)=          13  indinv(igp)=          22  epscol(ind(ig))=   (6.19710067765491448E-003,1.18759850818251141E-006)  vcoul(indinv(igp))=  0.55481347084993793     
    => wptcol(          24 ) =   (3.43823493617622560E-003,6.58895650300947577E-007)
 >>> computing wptcol for igp=          13
  ig=           2  ind(ig)=           3  indinv(igp)=          24  epscol(ind(ig))=  (2.46832646458965271E-002,-2.97709851109514895E-006)  vcoul(indinv(igp))=  0.55481347084993793     
    => wptcol(           2 ) =  (1.36946077300974158E-002,-1.65173435800288194E-006)
  ig=           3  ind(ig)=          10  indinv(igp)=          24  epscol(ind(ig))=  (7.28907066132913478E-002,-1.43756987733773205E-006)  vcoul(indinv(igp))=  0.55481347084993793     
    => wptcol(           3 ) =  (4.04407459288246979E-002,-7.97583133235066686E-007)
  ig=           4  ind(ig)=          11  indinv(igp)=          24  epscol(ind(ig))=   (7.69559344626351283E-004,1.08376562575204544E-006)  vcoul(indinv(igp))=  0.55481347084993793     
    => wptcol(           4 ) =   (4.26961891017149501E-004,6.01287768411347214E-007)
  ig=           5  ind(ig)=           1  indinv(igp)=          24  epscol(ind(ig))=       (-0.14065741067039145,6.54444830104054001E-006)  vcoul(indinv(igp))=  0.55481347084993793     
    => wptcol(           5 ) =  (-7.80386262148049792E-002,3.63094807669828142E-006)
  ig=           6  ind(ig)=          14  indinv(igp)=          24  epscol(ind(ig))=  (-7.63621025122060166E-004,3.32942766211362557E-007)  vcoul(indinv(igp))=  0.55481347084993793     
    => wptcol(           6 ) =              (-0.0000000000000000,0.0000000000000000)
  ig=           7  ind(ig)=           6  indinv(igp)=          24  epscol(ind(ig))=  (-2.46932974841710777E-002,2.62730380102508567E-006)  vcoul(indinv(igp))=  0.55481347084993793     
    => wptcol(           7 ) =  (-1.37001740839229960E-002,1.45766354082396244E-006)
  ig=           8  ind(ig)=           7  indinv(igp)=          24  epscol(ind(ig))= (-3.42005982041001383E-002,-8.21616959025347250E-007)  vcoul(indinv(igp))=  0.55481347084993793     
    => wptcol(           8 ) = (-1.89749525947609521E-002,-4.55844156746024135E-007)
  ig=           9  ind(ig)=          14  indinv(igp)=          24  epscol(ind(ig))=  (-7.63621025122060166E-004,3.32942766211362557E-007)  vcoul(indinv(igp))=  0.55481347084993793     
    => wptcol(           9 ) =  (-4.23667231361957825E-004,1.84721131716105505E-007)
  ig=          10  ind(ig)=          14  indinv(igp)=          24  epscol(ind(ig))=  (-7.63621025122060166E-004,3.32942766211362557E-007)  vcoul(indinv(igp))=  0.55481347084993793     
    => wptcol(          10 ) =              (-0.0000000000000000,0.0000000000000000)
  ig=          11  ind(ig)=           4  indinv(igp)=          24  epscol(ind(ig))=   (9.94852469725611144E-002,1.60707425289521707E-006)  vcoul(indinv(igp))=  0.55481347084993793     
    => wptcol(          11 ) =   (5.51957551712099134E-002,8.91626444162366332E-007)
  ig=          12  ind(ig)=           5  indinv(igp)=          24  epscol(ind(ig))= (-4.86533867747992663E-003,-1.26447022682178027E-006)  vcoul(indinv(igp))=  0.55481347084993793     
    => wptcol(          12 ) = (-2.69935543851308486E-003,-7.01545115329400148E-007)
  ig=          13  ind(ig)=          14  indinv(igp)=          24  epscol(ind(ig))=  (-7.63621025122060166E-004,3.32942766211362557E-007)  vcoul(indinv(igp))=  0.55481347084993793     
    => wptcol(          13 ) =              (-0.0000000000000000,0.0000000000000000)
  ig=          14  ind(ig)=          14  indinv(igp)=          24  epscol(ind(ig))=  (-7.63621025122060166E-004,3.32942766211362557E-007)  vcoul(indinv(igp))=  0.55481347084993793     
    => wptcol(          14 ) =              (-0.0000000000000000,0.0000000000000000)
  ig=          15  ind(ig)=           8  indinv(igp)=          24  epscol(ind(ig))=   (4.86062546499304096E-003,3.34076357249723232E-006)  vcoul(indinv(igp))=  0.55481347084993793     
    => wptcol(          15 ) =   (2.69674048473438240E-003,1.85350063294622779E-006)
  ig=          16  ind(ig)=          14  indinv(igp)=          24  epscol(ind(ig))=  (-7.63621025122060166E-004,3.32942766211362557E-007)  vcoul(indinv(igp))=  0.55481347084993793     
    => wptcol(          16 ) =              (-0.0000000000000000,0.0000000000000000)
  ig=          17  ind(ig)=          14  indinv(igp)=          24  epscol(ind(ig))=  (-7.63621025122060166E-004,3.32942766211362557E-007)  vcoul(indinv(igp))=  0.55481347084993793     
    => wptcol(          17 ) =              (-0.0000000000000000,0.0000000000000000)
  ig=          18  ind(ig)=           9  indinv(igp)=          24  epscol(ind(ig))= (-6.20965549099158041E-003,-3.85131859460446577E-006)  vcoul(indinv(igp))=  0.55481347084993793     
    => wptcol(          18 ) = (-3.44520051573941411E-003,-2.13676343682140888E-006)
  ig=          19  ind(ig)=          14  indinv(igp)=          24  epscol(ind(ig))=  (-7.63621025122060166E-004,3.32942766211362557E-007)  vcoul(indinv(igp))=  0.55481347084993793     
    => wptcol(          19 ) =              (-0.0000000000000000,0.0000000000000000)
  ig=          20  ind(ig)=          14  indinv(igp)=          24  epscol(ind(ig))=  (-7.63621025122060166E-004,3.32942766211362557E-007)  vcoul(indinv(igp))=  0.55481347084993793     
    => wptcol(          20 ) =              (-0.0000000000000000,0.0000000000000000)
  ig=          21  ind(ig)=          14  indinv(igp)=          24  epscol(ind(ig))=  (-7.63621025122060166E-004,3.32942766211362557E-007)  vcoul(indinv(igp))=  0.55481347084993793     
    => wptcol(          21 ) =              (-0.0000000000000000,0.0000000000000000)
  ig=          22  ind(ig)=          12  indinv(igp)=          24  epscol(ind(ig))=  (6.19710067765491448E-003,-1.18759850818244111E-006)  vcoul(indinv(igp))=  0.55481347084993793     
    => wptcol(          22 ) =  (3.43823493617622560E-003,-6.58895650300908614E-007)
  ig=          23  ind(ig)=          14  indinv(igp)=          24  epscol(ind(ig))=  (-7.63621025122060166E-004,3.32942766211362557E-007)  vcoul(indinv(igp))=  0.55481347084993793     
    => wptcol(          23 ) =              (-0.0000000000000000,0.0000000000000000)
  ig=          24  ind(ig)=          13  indinv(igp)=          24  epscol(ind(ig))=        (0.85914585183034642,8.12101250280733696E-021)  vcoul(indinv(igp))=  0.55481347084993793     
    => wptcol(          24 ) =        (0.47666569202032100,4.50564713349827999E-021)
 >>> computing wptcol for igp=          14
  ig=           2  ind(ig)=           3  indinv(igp)=           9  epscol(ind(ig))=   (9.94897701054935080E-002,2.68076978619394609E-006)  vcoul(indinv(igp))=  0.55481347084993793     
    => wptcol(           2 ) =   (5.51982646662912482E-002,1.48732718962790932E-006)
  ig=           3  ind(ig)=          10  indinv(igp)=           9  epscol(ind(ig))=  (-6.20983924828323163E-003,3.75147414909422662E-006)  vcoul(indinv(igp))=  0.55481347084993793     
    => wptcol(           3 ) =  (-3.44530246676018901E-003,2.08136839346278545E-006)
  ig=           4  ind(ig)=          11  indinv(igp)=           9  epscol(ind(ig))= (-6.20419597604946610E-003,-1.44595886804410255E-006)  vcoul(indinv(igp))=  0.55481347084993793     
    => wptcol(           4 ) = (-3.44217150330522253E-003,-8.02237458285795963E-007)
  ig=           5  ind(ig)=           1  indinv(igp)=           9  epscol(ind(ig))=  (-1.60351767221544143E-002,2.04471841693186709E-006)  vcoul(indinv(igp))=  0.55481347084993793     
    => wptcol(           5 ) =  (-8.89653205291062073E-003,1.13443732180875961E-006)
  ig=           6  ind(ig)=          14  indinv(igp)=           9  epscol(ind(ig))=       (0.85914314972137718,-1.61567907743046673E-020)  vcoul(indinv(igp))=  0.55481347084993793     
    => wptcol(           6 ) =               (0.0000000000000000,0.0000000000000000)
  ig=           7  ind(ig)=           6  indinv(igp)=           9  epscol(ind(ig))=  (4.86291834005316264E-003,-4.24380253113097914E-006)  vcoul(indinv(igp))=  0.55481347084993793     
    => wptcol(           7 ) =  (2.69801260270471389E-003,-2.35451881189853024E-006)
  ig=           8  ind(ig)=           7  indinv(igp)=           9  epscol(ind(ig))=  (4.86352300733886456E-003,-4.82263144460796333E-006)  vcoul(indinv(igp))=  0.55481347084993793     
    => wptcol(           8 ) =  (2.69834808026020358E-003,-2.67566089041299449E-006)
  ig=           9  ind(ig)=          14  indinv(igp)=           9  epscol(ind(ig))=       (0.85914314972137718,-1.61567907743046673E-020)  vcoul(indinv(igp))=  0.55481347084993793     
    => wptcol(           9 ) =       (0.47666419285386513,-8.96400516728822888E-021)
  ig=          10  ind(ig)=          14  indinv(igp)=           9  epscol(ind(ig))=       (0.85914314972137718,-1.61567907743046673E-020)  vcoul(indinv(igp))=  0.55481347084993793     
    => wptcol(          10 ) =               (0.0000000000000000,0.0000000000000000)
  ig=          11  ind(ig)=           4  indinv(igp)=           9  epscol(ind(ig))=   (2.46827623284995162E-002,6.63566572006071448E-006)  vcoul(indinv(igp))=  0.55481347084993793     
    => wptcol(          11 ) =   (1.36943290376389127E-002,3.68155672954683779E-006)
  ig=          12  ind(ig)=           5  indinv(igp)=           9  epscol(ind(ig))=   (2.46915692991405283E-002,2.81808301349701402E-007)  vcoul(indinv(igp))=  0.55481347084993793     
    => wptcol(          12 ) =   (1.36992152635879265E-002,1.56351041786153074E-007)
  ig=          13  ind(ig)=          14  indinv(igp)=           9  epscol(ind(ig))=       (0.85914314972137718,-1.61567907743046673E-020)  vcoul(indinv(igp))=  0.55481347084993793     
    => wptcol(          13 ) =               (0.0000000000000000,0.0000000000000000)
  ig=          14  ind(ig)=          14  indinv(igp)=           9  epscol(ind(ig))=       (0.85914314972137718,-1.61567907743046673E-020)  vcoul(indinv(igp))=  0.55481347084993793     
    => wptcol(          14 ) =               (0.0000000000000000,0.0000000000000000)
  ig=          15  ind(ig)=           8  indinv(igp)=           9  epscol(ind(ig))= (-3.41927395589835120E-002,-2.19301026685129117E-006)  vcoul(indinv(igp))=  0.55481347084993793     
    => wptcol(          15 ) = (-1.89705925125876196E-002,-1.21671163776131353E-006)
  ig=          16  ind(ig)=          14  indinv(igp)=           9  epscol(ind(ig))=       (0.85914314972137718,-1.61567907743046673E-020)  vcoul(indinv(igp))=  0.55481347084993793     
    => wptcol(          16 ) =               (0.0000000000000000,0.0000000000000000)
  ig=          17  ind(ig)=          14  indinv(igp)=           9  epscol(ind(ig))=       (0.85914314972137718,-1.61567907743046673E-020)  vcoul(indinv(igp))=  0.55481347084993793     
    => wptcol(          17 ) =               (0.0000000000000000,0.0000000000000000)
  ig=          18  ind(ig)=           9  indinv(igp)=           9  epscol(ind(ig))=   (7.28970416313357711E-002,7.01826544768211068E-007)  vcoul(indinv(igp))=  0.55481347084993793     
    => wptcol(          18 ) =   (4.04442606821738201E-002,3.89382821237470530E-007)
  ig=          19  ind(ig)=          14  indinv(igp)=           9  epscol(ind(ig))=       (0.85914314972137718,-1.61567907743046673E-020)  vcoul(indinv(igp))=  0.55481347084993793     
    => wptcol(          19 ) =               (0.0000000000000000,0.0000000000000000)
  ig=          20  ind(ig)=          14  indinv(igp)=           9  epscol(ind(ig))=       (0.85914314972137718,-1.61567907743046673E-020)  vcoul(indinv(igp))=  0.55481347084993793     
    => wptcol(          20 ) =               (0.0000000000000000,0.0000000000000000)
  ig=          21  ind(ig)=          14  indinv(igp)=           9  epscol(ind(ig))=       (0.85914314972137718,-1.61567907743046673E-020)  vcoul(indinv(igp))=  0.55481347084993793     
    => wptcol(          21 ) =               (0.0000000000000000,0.0000000000000000)
  ig=          22  ind(ig)=          12  indinv(igp)=           9  epscol(ind(ig))= (-7.66371336927074197E-004,-6.15856855025908392E-007)  vcoul(indinv(igp))=  0.55481347084993793     
    => wptcol(          22 ) = (-4.25193141400417233E-004,-3.41685679283651250E-007)
  ig=          23  ind(ig)=          14  indinv(igp)=           9  epscol(ind(ig))=       (0.85914314972137718,-1.61567907743046673E-020)  vcoul(indinv(igp))=  0.55481347084993793     
    => wptcol(          23 ) =               (0.0000000000000000,0.0000000000000000)
  ig=          24  ind(ig)=          13  indinv(igp)=           9  epscol(ind(ig))= (-7.63621025122061467E-004,-3.32942766211363033E-007)  vcoul(indinv(igp))=  0.55481347084993793     
    => wptcol(          24 ) = (-4.23667231361958584E-004,-1.84721131716105770E-007)
 [ 03:11:15 |   3% ] blocked transition  3 / 64, remaining: 1 s.
 [ 03:11:15 |   9% ] blocked transition  7 / 64, remaining: 0 s.
 [ 03:11:15 |  19% ] blocked transition 13 / 64, remaining: 0 s.
 [ 03:11:15 |  30% ] blocked transition 20 / 64, remaining: 0 s.
 [ 03:11:15 |  39% ] blocked transition 26 / 64, remaining: 0 s.
 [ 03:11:15 |  50% ] blocked transition 33 / 64, remaining: 0 s.
 [ 03:11:15 |  59% ] blocked transition 39 / 64, remaining: 0 s.
 [ 03:11:15 |  69% ] blocked transition 45 / 64, remaining: 0 s.
 [ 03:11:15 |  80% ] blocked transition 52 / 64, remaining: 0 s.
 [ 03:11:16 |  89% ] blocked transition 58 / 64, remaining: 0 s.
 Finished calculation of matrix elements at 03:11:16.
 Elapsed time: 1 s.

 Expected size of the BSE matrices:
   bsemat.h5: .035 MB


 Frobenius norm of the matrices per spin:
 - Head :  4.374622369049E+0000
 - Wing :  7.853216424434E-0001
 - Body :  3.305997544954E+0000
 - X    :  1.564687428586E+0000


********************************************************************************
*                                                                              *
* Your calculation employed methods and algorithms published in peer-reviewed  *
* papers. Please, cite the following references to give proper credit to their *
*          authors and help support future development of BerkeleyGW.          *
*                                                                              *
********************************************************************************

 J. Deslippe, G. Samsonidze, D. A. Strubbe, M. Jain, M. L. Cohen, and S. G.
 Louie, BerkeleyGW: A Massively Parallel Computer Package for the Calculation
 of the Quasiparticle and Optical Properties of Materials and Nanostructures,
 Computer Physics Communications 183, 1269 (2012).

 M. Rohlfing and S. G. Louie, Electron-Hole Excitations and Optical Spectra
 from First Principles, Phys. Rev. B 62, 4927 (2000).

********************************************************************************


                             CPU (s)        WALL (s)          #

 INPUT:          (min.)        0.066           0.008          1
                 (PE 0)        0.066           0.008
                 (max.)        0.066           0.008
 EPSCOPY:        (min.)        0.008           0.009          1
                 (PE 0)        0.008           0.009
                 (max.)        0.008           0.009
 GENWF:          (min.)        0.033           0.003         64
                 (PE 0)        0.033           0.003
                 (max.)        0.033           0.003
 EXCWF:          (min.)        0.000           0.000          0
                 (PE 0)        0.000           0.000
                 (max.)        0.000           0.000
 MTXEL:          (min.)        8.658           0.543         64
                 (PE 0)        8.658           0.543
                 (max.)        8.658           0.543
 FULLBZ:         (min.)        0.000           0.000          2
                 (PE 0)        0.000           0.000
                 (max.)        0.000           0.000
 BSEWRITE:       (min.)        0.102           0.007          1
                 (PE 0)        0.102           0.007
                 (max.)        0.102           0.007
 MTXEL Setup:    (min.)        0.000           0.001        128
WARNING: Selected number of conduction bands breaks degenerate subspace in WFN_co. Run degeneracy_check.x for allowable numbers.

                 (PE 0)        0.000           0.001
                 (max.)        0.000           0.001
 MTXEL Vcoul:    (min.)        0.000           0.001        128
                 (PE 0)        0.000           0.001
                 (max.)        0.000           0.001
 MTXEL W:        (min.)        0.091           0.002        904
                 (PE 0)        0.091           0.002
                 (max.)        0.091           0.002
 MTXEL W-Sum:    (min.)        0.051           0.003        968
                 (PE 0)        0.051           0.003
                 (max.)        0.051           0.003
 MTXEL FFT Dir:  (min.)        4.257           0.273         64
                 (PE 0)        4.257           0.273
                 (max.)        4.257           0.273
 MTXEL High G:   (min.)        0.015           0.000         64
                 (PE 0)        0.015           0.000
                 (max.)        0.015           0.000
 MTXEL FFT X:    (min.)        4.018           0.250         64
                 (PE 0)        4.018           0.250
                 (max.)        4.018           0.250
 MTXEL BSEX:     (min.)        0.001           0.000         64
                 (PE 0)        0.001           0.000
                 (max.)        0.001           0.000
 MTXEL INDEX:    (min.)        0.015           0.000         64
                 (PE 0)        0.015           0.000
                 (max.)        0.015           0.000
 MTXEL EPSHEAD:  (min.)        0.000           0.000         64
                 (PE 0)        0.000           0.000
                 (max.)        0.000           0.000
 MTXEL EPSREAD:  (min.)        0.003           0.000        960
                 (PE 0)        0.003           0.000
                 (max.)        0.003           0.000
 MTXEL EPSOPEN:  (min.)        0.000           0.000          0
                 (PE 0)        0.000           0.000
                 (max.)        0.000           0.000
 MTXEL G SUM:    (min.)        0.015           0.000         64
                 (PE 0)        0.015           0.000
                 (max.)        0.015           0.000
 MTXEL COMM:     (min.)        0.030           0.000         64
                 (PE 0)        0.030           0.000
                 (max.)        0.030           0.000
 BSEWRITE COMM:  (min.)        0.048           0.003          1
                 (PE 0)        0.048           0.003
                 (max.)        0.048           0.003
 BSEWRITE I/O:   (min.)        0.054           0.004          1
                 (PE 0)        0.054           0.004
                 (max.)        0.054           0.004
 MTXEL FFT CC:   (min.)        0.941           0.064         64
                 (PE 0)        0.941           0.064
                 (max.)        0.941           0.064
 MTXEL FFT VV:   (min.)        3.270           0.208         64
                 (PE 0)        3.270           0.208
                 (max.)        3.270           0.208
 MTXEL FIND:     (min.)        0.000           0.000         64
                 (PE 0)        0.000           0.000
                 (max.)        0.000           0.000
 MTXEL ALLOC:    (min.)        0.000           0.001         64
                 (PE 0)        0.000           0.001
                 (max.)        0.000           0.001
 MTXEL FFTBOX:   (min.)        0.000           0.000         64
                 (PE 0)        0.000           0.000
                 (max.)        0.000           0.000
 MTXEL FFT VC:   (min.)        3.987           0.250         64
                 (PE 0)        3.987           0.250
                 (max.)        3.987           0.250

 TOTAL:          (min.)        8.883           0.571
                 (PE 0)        8.883           0.571
                 (max.)        8.883           0.571

