
 BerkeleyGW version 4.0
 BSE/Kernel code, Complex version, run on 20-Apr-2025 at 21:24:18 +0530

                                                                 ..o.          
                                                                .oxxo.         
                                                               .oxxxxo...      
                                                               oxxxxxxo.       
                                                              .oxxxxxxx.       
                                                              .ooooooxxo..     
                                                              .oooooooxo..     
                                                              .oooooxxo...     
                                                       .........oxooo......    
                                                 ............................  
                                             ................................. 
                                          .................................... 
           .          ..oo. ....  .................................oooxxxxxxxo.
     .............oxxxx@ox@@@x@x.....................o...........ooooooooooxx. 
    .o.........oox@x.oo........xxx@@............ooxxxxo..........ooooxxxxxoxo  
    .x........x@xxo...............o@xxo........oxxx@@@xoooooooooooooooxxxo...  
    .o......ox@@o..................oox@o.....ooxxx@xoooxxxxxxxoooooooooooo.... 
    o..ooooo@@xoooo....ooo...........x@o.....ooxxxxo   .oxxxxxxxxxxooooooo.... 
    . .oooo@@@@@@@@@@@@@@@@@@@@@@@@@@@@@@....ooooox.     .oxx@@@@@xxoo........ 
      .ooooxxxxxxxooooooxooooooooooooooxo...oooooxx.        ..ox@xxxoo.........
      .ooooooxxxx@xoooooooooooooxxoooooooooooxxxxx.            .oxxooooooooxxo.
     .oooooxxxxx@@@xxxxxxxxxxxxxxxxxxxxxxxxoxxxxo.                .oxxxxxxxxo. 
   ....oooxxxxx@@@xo..oxxx@@@@@@xxxxoxxoooooooxx.                  .oxxxoo..   
  .....ooxxxx@@xo.       ........    .ooooooooxxo                              
  ..oooxxxx@@@o                       .oooooooxoo.                             
  ....oxooxxxxx.                       .ooo..oooo.                             
  .....o.ooxxxxxo.                     .oooooooxo.                             
 ......ooooxxxxxxo.                     .ooooooxoo..                           
........ooxxxxxxxo..                     .o....oxoo...                         
.......ooooxxxxxxxo.                     ........oooo.                         
.ooooooo..ooxxxxoooo.                    .........ooo...                       
..oxo...ooooxxxoooo..                    .ooo......oooo...                     
  .ooooo....o.                            .oxxxoo....ooo....                   
    .oooooo...                              ...ooooo...ooo..                   
       ...                                     .oo.......                      
                                               ....ooo...                      
                      __              __                                       
 ______              [  |            [  |                 ._____  _          _ 
|_   _ \              | |  _          | |                /  ___ \| |        | |
  | |_) | .---.  _. _.| | / |  .---.  | | .---.  _    _ / /    \_|\ \  /\  / / 
  |  __'./ /__\\[ /`\_| '' <  / /__\\ | |/ /__\\| \  | | |   _____ \ \/  \/ /  
 _| |__| | \__. | |   | |`\ \ | \___. | || \___. \ \/ / \ \.___| |  \  /\  /   
|_______/ \.__./[_]  [__|  \_] \.__./[___]\.__./  \  /   \.____./    \/  \/    
                                                  / /                          
                                                 /_/                           
 --------------------------------------------------------------------------------
 Please cite the main BerkeleyGW paper when using results from this calculation:

 Jack Deslippe, Georgy Samsonidze, David A. Strubbe, Manish Jain, Marvin L.
 Cohen, and Steven G. Louie, "BerkeleyGW: A Massively Parallel Computer Package
 for the Calculation of the Quasiparticle and Optical Properties of Materials
 and Nanostructures," Comput. Phys. Commun. 183, 1269 (2012)

 Aditionally, PLEASE CITE ALL PAPERS REPORTED AT THE END OF THIS CALCULATION.
 --------------------------------------------------------------------------------

 Running MPI version (parallel)
 Running with 1 MPI task(s)
 Using OpenMP. Number of threads per MPI task: 16

 Compilation flags:
 - Compiler: GNU
 - Para. flags: MPI, OMP
 - Math  flags: USESCALAPACK, UNPACKED, USEFFTW3, HDF5
 - Debug flags: 

 Calculating the kernel only for (v,c)->(v',c') transitions.

 Running with verbosity level 1 (default).

 We are doing a calculation with zero exciton momentum


 Running with semiconductor screening

 We are not communicating

 We will not reuse wavefunction FFTs.
 We are using no truncation
 Highest occupied band (coarse grid) = 4
 Valence max    (coarse grid) = 7.587618 eV
 Conduction min (coarse grid) = 9.952567 eV
 Middle energy  (coarse grid) = 8.770093 eV
 Fermi  energy  (coarse grid) = 8.770093 eV

 No symmetries used in the coarse grid sampling

 Parallelization strategy: (k)^2
 - Breaking transitions into (v,c)^2 blocks
 - Distributing each block with (k)^2 transitions to blocks of processors
 Parallelizing calculation with blocks and pools:
 - Number of transitions per block: 1
 - Number of MPI ranks per block: 1
 - Number of transitions per MPI rank: 1

 Memory available: 22638.7 MB per PE
 Memory required for execution: .0 MB per PE
 Extra memory required for vcoul: .0 MB per PE

 Started reading wavefunctions (WFN_co) with 2 state(s) at 21:24:18.
 [ 21:24:18 |   0% ] state 1 / 2.
 [ 21:24:18 |  50% ] state 2 / 2.
 Finished reading wavefunctions (WFN_co) at 21:24:18.
 Elapsed time: 0 s.


 Crystal wavefunctions read from file WFN_co:
 - Number of k-points in WFN_co: 1
 - Number of k-points in the full BZ of WFN_co: 1

 GPU acceleration is : DISABLED

 Algorithms used:
 - mtxel : CPU_ALGO
 - w_sum : CPU_ALGO
 - g_sum : CPU_ALGO

 Calculation parameters:
 - This is a Bethe-Salpeter-equation calculation.
 - Cutoff of the bare Coulomb interaction (Ry): 4.00
 - Cutoff of the screened Coulomb interaction (Ry): 2.00
 - Number of G-vectors up to the bare int. cutoff: 27
 - Number of G-vectors up to the screened int. cutoff: 15
 - Number of valence bands: 1
 - Number of conduction bands: 1
 - Number of spins: 1
 - Number of spinors: 1

 Epsilon matrix for q->0 read from eps0mat.h5:
 - Number of q-points: 1
 - Dielectric cutoff (Ry): 2.00


 Calculating Coulomb potential.
 Note: for G=0: setting q0 =  0.001000  0.001000  0.001000

 Started calculation of matrix elements with 1 blocked transition(s) at 21:24:18.
 [ 21:24:18 |   0% ] blocked transition 1 / 1.
 >>> w_sum_cpu start: ofs1,ofs1p,n1,n1p,indinvigp,ng_eps =           0           0           1           1           1          15
   wptcol =               (1.0000000000000000,0.0000000000000000)               (0.0000000000000000,0.0000000000000000)               (0.0000000000000000,0.0000000000000000)               (0.0000000000000000,0.0000000000000000)               (0.0000000000000000,0.0000000000000000)               (0.0000000000000000,0.0000000000000000)               (0.0000000000000000,0.0000000000000000)               (0.0000000000000000,0.0000000000000000)               (0.0000000000000000,0.0000000000000000)               (0.0000000000000000,0.0000000000000000)               (0.0000000000000000,0.0000000000000000)               (0.0000000000000000,0.0000000000000000)               (0.0000000000000000,0.0000000000000000)               (0.0000000000000000,0.0000000000000000)               (0.0000000000000000,0.0000000000000000)
   original m11p(indinvigp,:,:,:) =
              (0.99999999999999967,0.0000000000000000)
 --- isv =           1
   temph BEFORE =
               (0.0000000000000000,0.0000000000000000)
   tempw BEFORE (g=2:          15 ) =
               (0.0000000000000000,0.0000000000000000)               (0.0000000000000000,0.0000000000000000)               (0.0000000000000000,0.0000000000000000)               (0.0000000000000000,0.0000000000000000)               (0.0000000000000000,0.0000000000000000)               (0.0000000000000000,0.0000000000000000)               (0.0000000000000000,0.0000000000000000)               (0.0000000000000000,0.0000000000000000)               (0.0000000000000000,0.0000000000000000)               (0.0000000000000000,0.0000000000000000)               (0.0000000000000000,0.0000000000000000)               (0.0000000000000000,0.0000000000000000)               (0.0000000000000000,0.0000000000000000)               (0.0000000000000000,0.0000000000000000)
   tempb BEFORE (g=2:          15 ) =
               (0.0000000000000000,0.0000000000000000)               (0.0000000000000000,0.0000000000000000)               (0.0000000000000000,0.0000000000000000)               (0.0000000000000000,0.0000000000000000)               (0.0000000000000000,0.0000000000000000)               (0.0000000000000000,0.0000000000000000)               (0.0000000000000000,0.0000000000000000)               (0.0000000000000000,0.0000000000000000)               (0.0000000000000000,0.0000000000000000)               (0.0000000000000000,0.0000000000000000)               (0.0000000000000000,0.0000000000000000)               (0.0000000000000000,0.0000000000000000)               (0.0000000000000000,0.0000000000000000)               (0.0000000000000000,0.0000000000000000)
   temph AFTER =
              (0.99999999999999967,0.0000000000000000)
   tempw AFTER (g=2:          15 ) =
               (0.0000000000000000,0.0000000000000000)               (0.0000000000000000,0.0000000000000000)               (0.0000000000000000,0.0000000000000000)               (0.0000000000000000,0.0000000000000000)               (0.0000000000000000,0.0000000000000000)               (0.0000000000000000,0.0000000000000000)               (0.0000000000000000,0.0000000000000000)               (0.0000000000000000,0.0000000000000000)               (0.0000000000000000,0.0000000000000000)               (0.0000000000000000,0.0000000000000000)               (0.0000000000000000,0.0000000000000000)               (0.0000000000000000,0.0000000000000000)               (0.0000000000000000,0.0000000000000000)               (0.0000000000000000,0.0000000000000000)
 >>> w_sum_cpu start: ofs1,ofs1p,n1,n1p,indinvigp,ng_eps =           0           0           1           1           2          15
   wptcol =               (0.0000000000000000,0.0000000000000000)        (0.72316732210628187,3.43635222098776963E-018) (-9.36907858867710303E-003,-1.92177651969048688E-006) (-9.37599377826192106E-003,-2.74252960965144726E-006)  (-9.38101353707831639E-003,1.59069425319899502E-006)  (9.54941576564775907E-003,-2.16083475874073461E-007)   (9.54590268984526272E-003,4.91913367577533864E-008)  (9.53774075888330630E-003,-1.57874366644870006E-006)       (0.15469886960407234,-1.19517153381982538E-006)  (-3.59691800790547869E-002,9.75624645169792372E-007) (-3.59692948076687433E-002,-2.24434032964967546E-006) (-3.59695586328321951E-002,-1.15101793141190027E-006)  (3.60109420654842263E-002,-2.81359540433188095E-006)   (3.60106066736911659E-002,4.81720080980632781E-007)   (3.60105757000906759E-002,1.85572795421845715E-007)
   original m11p(indinvigp,:,:,:) =
        (0.25513284417041604,1.36468060852206394E-007)
 --- isv =           1
   temph BEFORE =
              (0.99999999999999967,0.0000000000000000)
   tempw BEFORE (g=2:          15 ) =
               (0.0000000000000000,0.0000000000000000)               (0.0000000000000000,0.0000000000000000)               (0.0000000000000000,0.0000000000000000)               (0.0000000000000000,0.0000000000000000)               (0.0000000000000000,0.0000000000000000)               (0.0000000000000000,0.0000000000000000)               (0.0000000000000000,0.0000000000000000)               (0.0000000000000000,0.0000000000000000)               (0.0000000000000000,0.0000000000000000)               (0.0000000000000000,0.0000000000000000)               (0.0000000000000000,0.0000000000000000)               (0.0000000000000000,0.0000000000000000)               (0.0000000000000000,0.0000000000000000)               (0.0000000000000000,0.0000000000000000)
   tempb BEFORE (g=2:          15 ) =
               (0.0000000000000000,0.0000000000000000)               (0.0000000000000000,0.0000000000000000)               (0.0000000000000000,0.0000000000000000)               (0.0000000000000000,0.0000000000000000)               (0.0000000000000000,0.0000000000000000)               (0.0000000000000000,0.0000000000000000)               (0.0000000000000000,0.0000000000000000)               (0.0000000000000000,0.0000000000000000)               (0.0000000000000000,0.0000000000000000)               (0.0000000000000000,0.0000000000000000)               (0.0000000000000000,0.0000000000000000)               (0.0000000000000000,0.0000000000000000)               (0.0000000000000000,0.0000000000000000)               (0.0000000000000000,0.0000000000000000)
   tempw(1) AFTER =
               (0.0000000000000000,0.0000000000000000)
   tempb AFTER (g=2:          15 ) =
       (0.18450373570007908,-9.86892421186504782E-008) (-2.39035966784759786E-003,-4.89029729341588749E-007) (-2.39212395994635712E-003,-6.98429855842472884E-007)  (-2.39340466469888666E-003,4.07118557750428908E-007)  (2.43636960442603513E-003,-5.64331820297912786E-008)   (2.43547330344095949E-003,1.12476148263833099E-008)  (2.43339092655855222E-003,-4.04090958823363348E-007)  (3.94687625918721946E-002,-3.26038967445866693E-007)  (-9.17691921591397633E-003,2.53822534820754504E-007) (-9.17694848739098595E-003,-5.67696271677266905E-007) (-9.17701579770609753E-003,-2.88753782615934615E-007)  (9.18757407003910169E-003,-7.22754941285142326E-007)   (9.18748850102673112E-003,1.17988316691721825E-007)   (9.18748059860353093E-003,4.24314216606672988E-008)
 >>> w_sum_cpu start: ofs1,ofs1p,n1,n1p,indinvigp,ng_eps =           0           0           1           1           3          15
   wptcol =               (0.0000000000000000,0.0000000000000000)  (-9.38159571519792991E-003,1.92434402081792250E-006)       (0.69224553983908788,-7.02923114237422430E-020)   (6.06132830898584250E-003,4.62678602979465459E-007)  (6.06582992776630216E-003,-2.32043277795536422E-007)  (-6.10707166304056640E-003,1.03325505075209571E-006) (-6.10306143238623609E-003,-2.31069234916256113E-006)       (0.18576969105170568,-1.90369420512874840E-007)   (9.22219765255851039E-003,3.37186552413254249E-007)  (-3.60761405916745354E-002,3.86452574001003406E-007) (-3.60768086730790041E-002,-6.48765338881454654E-007) (-3.64473131246197957E-002,-9.43334406416263237E-007)   (3.55479796713105839E-002,6.42469681567488056E-007)  (3.57140255475181662E-002,-8.69005850035276068E-007)  (3.57132755892234019E-002,-1.63294879232543676E-007)
   original m11p(indinvigp,:,:,:) =
       (0.42644081937080619,-3.90627473792976385E-006)
 --- isv =           1
   temph BEFORE =
              (0.99999999999999967,0.0000000000000000)
   tempw BEFORE (g=2:          15 ) =
               (0.0000000000000000,0.0000000000000000)               (0.0000000000000000,0.0000000000000000)               (0.0000000000000000,0.0000000000000000)               (0.0000000000000000,0.0000000000000000)               (0.0000000000000000,0.0000000000000000)               (0.0000000000000000,0.0000000000000000)               (0.0000000000000000,0.0000000000000000)               (0.0000000000000000,0.0000000000000000)               (0.0000000000000000,0.0000000000000000)               (0.0000000000000000,0.0000000000000000)               (0.0000000000000000,0.0000000000000000)               (0.0000000000000000,0.0000000000000000)               (0.0000000000000000,0.0000000000000000)               (0.0000000000000000,0.0000000000000000)
   tempb BEFORE (g=2:          15 ) =
       (0.18450373570007908,-9.86892421186504782E-008) (-2.39035966784759786E-003,-4.89029729341588749E-007) (-2.39212395994635712E-003,-6.98429855842472884E-007)  (-2.39340466469888666E-003,4.07118557750428908E-007)  (2.43636960442603513E-003,-5.64331820297912786E-008)   (2.43547330344095949E-003,1.12476148263833099E-008)  (2.43339092655855222E-003,-4.04090958823363348E-007)  (3.94687625918721946E-002,-3.26038967445866693E-007)  (-9.17691921591397633E-003,2.53822534820754504E-007) (-9.17694848739098595E-003,-5.67696271677266905E-007) (-9.17701579770609753E-003,-2.88753782615934615E-007)  (9.18757407003910169E-003,-7.22754941285142326E-007)   (9.18748850102673112E-003,1.17988316691721825E-007)   (9.18748059860353093E-003,4.24314216606672988E-008)
   tempw(1) AFTER =
               (0.0000000000000000,0.0000000000000000)
   tempb AFTER (g=2:          15 ) =
        (0.18050304032876741,6.85282508526508267E-007)        (0.29281139554691910,2.21507153537636210E-006)  (1.92673848805678932E-004,-4.77447599630879724E-007)   (1.93312820768158037E-004,3.31860630449224576E-007)  (-1.67935043553394097E-004,3.60333048671894211E-007) (-1.67121205429993872E-004,-9.97966158561716114E-007)   (8.16531701936530768E-002,2.40395200738275625E-007)  (4.34014841139116272E-002,-1.46224420035556790E-007)  (-2.45612581710736577E-002,2.77698370490438768E-007) (-2.45615723356883489E-002,-9.85282220714027174E-007) (-2.47196378667483771E-002,-8.33403298352877139E-007)  (2.43466836455398863E-002,-3.09919468882120428E-007)  (2.44174068219348596E-002,-1.13082454249296843E-007)   (2.44170791039252447E-002,1.12301685804591611E-007)
 >>> w_sum_cpu start: ofs1,ofs1p,n1,n1p,indinvigp,ng_eps =           0           0           1           1           4          15
   wptcol =               (0.0000000000000000,0.0000000000000000)  (-9.38852014350371154E-003,2.74619364019513169E-006)  (6.06132830898583903E-003,-4.62678602981222629E-007)        (0.69224704268959192,5.61581178339042373E-019)  (6.07083014545944672E-003,-6.60748750668776295E-008) (-6.11298693228684489E-003,-3.36645496894634830E-007)        (0.18576820415189069,9.06530734009608763E-007) (-6.10271386998493138E-003,-1.45080010814658341E-006)  (9.22824167631013971E-003,-8.34319030465535605E-008)  (-3.60759498606330539E-002,1.30077343857552469E-006) (-3.64467705747653220E-002,-7.37658716517076878E-008) (-3.60771897000206898E-002,-6.45189304319674614E-007)  (3.57145272315078227E-002,-8.67817590541253568E-007)   (3.55474493529046864E-002,2.48608122898275970E-007)   (3.57132479386846335E-002,1.79736570234802470E-006)
   original m11p(indinvigp,:,:,:) =
       (0.42587571052821876,-9.36231120789385631E-007)
 --- isv =           1
   temph BEFORE =
              (0.99999999999999967,0.0000000000000000)
   tempw BEFORE (g=2:          15 ) =
               (0.0000000000000000,0.0000000000000000)               (0.0000000000000000,0.0000000000000000)               (0.0000000000000000,0.0000000000000000)               (0.0000000000000000,0.0000000000000000)               (0.0000000000000000,0.0000000000000000)               (0.0000000000000000,0.0000000000000000)               (0.0000000000000000,0.0000000000000000)               (0.0000000000000000,0.0000000000000000)               (0.0000000000000000,0.0000000000000000)               (0.0000000000000000,0.0000000000000000)               (0.0000000000000000,0.0000000000000000)               (0.0000000000000000,0.0000000000000000)               (0.0000000000000000,0.0000000000000000)               (0.0000000000000000,0.0000000000000000)
   tempb BEFORE (g=2:          15 ) =
        (0.18050304032876741,6.85282508526508267E-007)        (0.29281139554691910,2.21507153537636210E-006)  (1.92673848805678932E-004,-4.77447599630879724E-007)   (1.93312820768158037E-004,3.31860630449224576E-007)  (-1.67935043553394097E-004,3.60333048671894211E-007) (-1.67121205429993872E-004,-9.97966158561716114E-007)   (8.16531701936530768E-002,2.40395200738275625E-007)  (4.34014841139116272E-002,-1.46224420035556790E-007)  (-2.45612581710736577E-002,2.77698370490438768E-007) (-2.45615723356883489E-002,-9.85282220714027174E-007) (-2.47196378667483771E-002,-8.33403298352877139E-007)  (2.43466836455398863E-002,-3.09919468882120428E-007)  (2.44174068219348596E-002,-1.13082454249296843E-007)   (2.44170791039252447E-002,1.12301685804591611E-007)
   tempw(1) AFTER =
               (0.0000000000000000,0.0000000000000000)
   tempb AFTER (g=2:          15 ) =
        (0.17650469763927321,1.84602985155617937E-006)        (0.29539276804768644,2.02370276078172464E-006)        (0.29500387501529379,1.70655625009773787E-007)   (2.77873192252369111E-003,3.09404646193260278E-007)  (-2.77130769647559267E-003,2.11240739878780574E-007)  (7.89470447304589235E-002,-4.37974764119550250E-007)  (7.90541725894811087E-002,-3.83178876799420080E-007)  (4.73315680948144385E-002,-1.73116273978702086E-007)  (-3.99251289521689798E-002,7.97890755908462575E-007) (-4.00833666506064459E-002,-1.05081991458079777E-006) (-4.00840366635019790E-002,-1.14195033950300733E-006)  (3.95566333072501775E-002,-6.46064850004345935E-007)   (3.95562020723362606E-002,2.60743350819670574E-008)   (3.96264839434002578E-002,9.11191935515771411E-007)
 >>> w_sum_cpu start: ofs1,ofs1p,n1,n1p,indinvigp,ng_eps =           0           0           1           1           5          15
   wptcol =               (0.0000000000000000,0.0000000000000000) (-9.39354660873799145E-003,-1.59281942709283257E-006)   (6.06582992776629696E-003,2.32043277799912062E-007)   (6.07083014545943978E-003,6.60748750668064655E-008)        (0.69224851881475924,1.21382416619360389E-018)       (0.18576695056034404,-3.53901405248416156E-007) (-6.11359962087909461E-003,-1.83385274269841918E-007)  (-6.10722558181681432E-003,1.06974444651734102E-006)   (9.23432707799315064E-003,2.59640174037674236E-007) (-3.64461357876711273E-002,-1.55375531839947087E-007)  (-3.60760957855186248E-002,9.58135997887411868E-007)  (-3.60768729002128030E-002,3.33751754047566185E-008)  (3.57142780339895077E-002,-6.65563279642181650E-007)   (3.57137171472928228E-002,1.23624411043844314E-006)   (3.55466223454019847E-002,1.00039912995692287E-006)
   original m11p(indinvigp,:,:,:) =
       (0.42349613830019783,-1.72975749409345432E-006)
 --- isv =           1
   temph BEFORE =
              (0.99999999999999967,0.0000000000000000)
   tempw BEFORE (g=2:          15 ) =
               (0.0000000000000000,0.0000000000000000)               (0.0000000000000000,0.0000000000000000)               (0.0000000000000000,0.0000000000000000)               (0.0000000000000000,0.0000000000000000)               (0.0000000000000000,0.0000000000000000)               (0.0000000000000000,0.0000000000000000)               (0.0000000000000000,0.0000000000000000)               (0.0000000000000000,0.0000000000000000)               (0.0000000000000000,0.0000000000000000)               (0.0000000000000000,0.0000000000000000)               (0.0000000000000000,0.0000000000000000)               (0.0000000000000000,0.0000000000000000)               (0.0000000000000000,0.0000000000000000)               (0.0000000000000000,0.0000000000000000)
   tempb BEFORE (g=2:          15 ) =
        (0.17650469763927321,1.84602985155617937E-006)        (0.29539276804768644,2.02370276078172464E-006)        (0.29500387501529379,1.70655625009773787E-007)   (2.77873192252369111E-003,3.09404646193260278E-007)  (-2.77130769647559267E-003,2.11240739878780574E-007)  (7.89470447304589235E-002,-4.37974764119550250E-007)  (7.90541725894811087E-002,-3.83178876799420080E-007)  (4.73315680948144385E-002,-1.73116273978702086E-007)  (-3.99251289521689798E-002,7.97890755908462575E-007) (-4.00833666506064459E-002,-1.05081991458079777E-006) (-4.00840366635019790E-002,-1.14195033950300733E-006)  (3.95566333072501775E-002,-6.46064850004345935E-007)   (3.95562020723362606E-002,2.60743350819670574E-008)   (3.96264839434002578E-002,9.11191935515771411E-007)
   tempw(1) AFTER =
               (0.0000000000000000,0.0000000000000000)
   tempb AFTER (g=2:          15 ) =
        (0.17252656692828494,1.15522841753025070E-006)        (0.29796162359727985,2.13246460762395746E-006)        (0.29757484813805801,2.09139143378711283E-007)        (0.29594330638460609,1.50682670938869783E-006)   (7.59002784902460537E-002,3.82696636303706342E-007)  (7.63579589002202908E-002,-5.26212764354053491E-007)   (7.64677861380031049E-002,5.92897460504894919E-008)  (5.12422699516963745E-002,-4.71865164600869909E-008)  (-5.53599267139435747E-002,6.69046841678433846E-007) (-5.53614539023789681E-002,-7.07455916551706405E-007) (-5.53624530187468919E-002,-1.19022032286660140E-006)  (5.46814921379755806E-002,-8.66151288651793941E-007)   (5.46808233664219240E-002,6.11395011726474738E-007)   (5.46803412345630707E-002,1.39634414020307499E-006)
 >>> w_sum_cpu start: ofs1,ofs1p,n1,n1p,indinvigp,ng_eps =           0           0           1           1           6          15
   wptcol =               (0.0000000000000000,0.0000000000000000)   (9.57493188107088992E-003,2.16660852657364882E-007) (-6.11521984923388186E-003,-1.03463364183477211E-006)  (-6.12114301075946179E-003,3.37094656546138215E-007)        (0.18601480481607394,3.54373588105370907E-007)        (0.69287190346471583,1.99188015648303587E-018)  (6.16505107442413651E-003,-2.09685001126484457E-007)  (6.15774985678945765E-003,-2.54094551941837810E-007)  (-9.41584548022275473E-003,1.14774292222480645E-006)  (3.62215071018064452E-002,-6.79010188605338962E-007)  (3.61458298992767962E-002,-1.24372529262458378E-006)   (3.61466751838615888E-002,1.43855343705565457E-006) (-3.57913076963127380E-002,-7.77267011142949550E-007) (-3.57906882738784696E-002,-9.28186026628579536E-007) (-3.53171800509824163E-002,-1.26946812180955419E-007)
   original m11p(indinvigp,:,:,:) =
        (0.42349613830019783,1.72975749409793492E-006)
 --- isv =           1
   temph BEFORE =
              (0.99999999999999967,0.0000000000000000)
   tempw BEFORE (g=2:          15 ) =
               (0.0000000000000000,0.0000000000000000)               (0.0000000000000000,0.0000000000000000)               (0.0000000000000000,0.0000000000000000)               (0.0000000000000000,0.0000000000000000)               (0.0000000000000000,0.0000000000000000)               (0.0000000000000000,0.0000000000000000)               (0.0000000000000000,0.0000000000000000)               (0.0000000000000000,0.0000000000000000)               (0.0000000000000000,0.0000000000000000)               (0.0000000000000000,0.0000000000000000)               (0.0000000000000000,0.0000000000000000)               (0.0000000000000000,0.0000000000000000)               (0.0000000000000000,0.0000000000000000)               (0.0000000000000000,0.0000000000000000)
   tempb BEFORE (g=2:          15 ) =
        (0.17252656692828494,1.15522841753025070E-006)        (0.29796162359727985,2.13246460762395746E-006)        (0.29757484813805801,2.09139143378711283E-007)        (0.29594330638460609,1.50682670938869783E-006)   (7.59002784902460537E-002,3.82696636303706342E-007)  (7.63579589002202908E-002,-5.26212764354053491E-007)   (7.64677861380031049E-002,5.92897460504894919E-008)  (5.12422699516963745E-002,-4.71865164600869909E-008)  (-5.53599267139435747E-002,6.69046841678433846E-007) (-5.53614539023789681E-002,-7.07455916551706405E-007) (-5.53624530187468919E-002,-1.19022032286660140E-006)  (5.46814921379755806E-002,-8.66151288651793941E-007)   (5.46808233664219240E-002,6.11395011726474738E-007)   (5.46803412345630707E-002,1.39634414020307499E-006)
   tempw(1) AFTER =
               (0.0000000000000000,0.0000000000000000)
   tempb AFTER (g=2:          15 ) =
        (0.17658151360478069,1.23042114177471331E-006)        (0.29537185160448293,1.70487910311373014E-006)        (0.29498256771160125,3.62485521662938717E-007)        (0.37471985789149143,1.33514205282313879E-006)       (0.36932885394426068,-8.15803731163443128E-007)  (7.89688342222996942E-002,-6.25677595888073956E-007)  (7.90755694225325212E-002,-5.89697294215599079E-008)   (4.72546957539759852E-002,4.55165308146186285E-007)  (-4.00202583340898768E-002,3.18834225580712531E-007) (-4.00538345265307599E-002,-1.29669229523316436E-006) (-4.00544756635015653E-002,-6.43523479821063448E-007)  (3.95240115425285060E-002,-1.13341058358770786E-006)   (3.95236050937226857E-002,2.80221025085731080E-007)   (3.97236518670996477E-002,1.40367281233851275E-006)
 >>> w_sum_cpu start: ofs1,ofs1p,n1,n1p,indinvigp,ng_eps =           0           0           1           1           7          15
   wptcol =               (0.0000000000000000,0.0000000000000000)  (9.57140941830170872E-003,-4.93227763984844985E-008)  (-6.11120426804366915E-003,2.31377532452681218E-006)       (0.18601606008018934,-9.07740246790028788E-007)  (-6.12175651681397866E-003,1.83629950838696463E-007)   (6.16505107442412784E-003,2.09685001125834306E-007)       (0.69287085508107182,-2.02193287661502432E-018)  (6.15371501740932282E-003,-3.95691550270578775E-007) (-9.41125031841008250E-003,-2.60925365089204126E-006)  (3.61456216135943795E-002,-1.46647657271213045E-006)  (3.62222035872787826E-002,-2.30604069616760003E-007)   (3.61470226699948521E-002,1.63115361112465457E-006) (-3.57916016213887592E-002,-8.86695475374058077E-008)  (-3.53180907671606925E-002,2.98403891445506221E-008) (-3.57901765636989069E-002,-1.68557583743947131E-006)
   original m11p(indinvigp,:,:,:) =
        (0.42587571052821882,9.36231120791592364E-007)
 --- isv =           1
   temph BEFORE =
              (0.99999999999999967,0.0000000000000000)
   tempw BEFORE (g=2:          15 ) =
               (0.0000000000000000,0.0000000000000000)               (0.0000000000000000,0.0000000000000000)               (0.0000000000000000,0.0000000000000000)               (0.0000000000000000,0.0000000000000000)               (0.0000000000000000,0.0000000000000000)               (0.0000000000000000,0.0000000000000000)               (0.0000000000000000,0.0000000000000000)               (0.0000000000000000,0.0000000000000000)               (0.0000000000000000,0.0000000000000000)               (0.0000000000000000,0.0000000000000000)               (0.0000000000000000,0.0000000000000000)               (0.0000000000000000,0.0000000000000000)               (0.0000000000000000,0.0000000000000000)               (0.0000000000000000,0.0000000000000000)
   tempb BEFORE (g=2:          15 ) =
        (0.17658151360478069,1.23042114177471331E-006)        (0.29537185160448293,1.70487910311373014E-006)        (0.29498256771160125,3.62485521662938717E-007)        (0.37471985789149143,1.33514205282313879E-006)       (0.36932885394426068,-8.15803731163443128E-007)  (7.89688342222996942E-002,-6.25677595888073956E-007)  (7.90755694225325212E-002,-5.89697294215599079E-008)   (4.72546957539759852E-002,4.55165308146186285E-007)  (-4.00202583340898768E-002,3.18834225580712531E-007) (-4.00538345265307599E-002,-1.29669229523316436E-006) (-4.00544756635015653E-002,-6.43523479821063448E-007)  (3.95240115425285060E-002,-1.13341058358770786E-006)   (3.95236050937226857E-002,2.80221025085731080E-007)   (3.97236518670996477E-002,1.40367281233851275E-006)
   tempw(1) AFTER =
               (0.0000000000000000,0.0000000000000000)
   tempb AFTER (g=2:          15 ) =
        (0.18065774439151025,1.20045471796353253E-006)        (0.29276923814681299,2.69598131307050319E-006)       (0.37420228946706191,-1.98253025327937309E-007)        (0.37211275048538445,1.41907696757578047E-006)       (0.37195439945122011,-7.32275894999013605E-007)       (0.37404570193424569,-1.27436485310531596E-006)  (8.16962871775894217E-002,-2.33246449050836254E-007)  (4.32466728352213017E-002,-6.47241338942155542E-007) (-2.46267160482891885E-002,-3.39543182631057476E-007) (-2.46276778371165087E-002,-1.42881332149396010E-006)  (-2.46603366989107398E-002,1.73032557497104280E-008)  (2.42812377709936064E-002,-1.13766357884649735E-006)   (2.44824880937859410E-002,3.25995217718263182E-007)   (2.44814849915258800E-002,7.19334882037341286E-007)
 >>> w_sum_cpu start: ofs1,ofs1p,n1,n1p,indinvigp,ng_eps =           0           0           1           1           8          15
   wptcol =               (0.0000000000000000,0.0000000000000000)   (9.56322567859482255E-003,1.58296208217661782E-006)        (0.18601754896385800,1.90623415480753477E-007)  (-6.11085624191715689E-003,1.45273579681122243E-006) (-6.11537397337187302E-003,-1.07117172253503760E-006)   (6.15774985678945938E-003,2.54094551945819500E-007)   (6.15371501740931415E-003,3.95691550268871156E-007)        (0.69286940222350835,5.05788734462585924E-019) (-9.40395787109223058E-003,-3.84415159306598601E-006)   (3.61461541403617151E-002,7.25172436909287457E-007)   (3.61464783840045253E-002,9.97529437233923748E-007)   (3.62227863372224304E-002,1.05918886784396363E-007)  (-3.53186438498317434E-002,1.76420829040452577E-007)  (-3.57909285821408213E-002,5.24962795324890589E-007) (-3.57905195454401442E-002,-1.01450887547706430E-006)
   original m11p(indinvigp,:,:,:) =
        (0.42644081937080619,3.90627473792411245E-006)
 --- isv =           1
   temph BEFORE =
              (0.99999999999999967,0.0000000000000000)
   tempw BEFORE (g=2:          15 ) =
               (0.0000000000000000,0.0000000000000000)               (0.0000000000000000,0.0000000000000000)               (0.0000000000000000,0.0000000000000000)               (0.0000000000000000,0.0000000000000000)               (0.0000000000000000,0.0000000000000000)               (0.0000000000000000,0.0000000000000000)               (0.0000000000000000,0.0000000000000000)               (0.0000000000000000,0.0000000000000000)               (0.0000000000000000,0.0000000000000000)               (0.0000000000000000,0.0000000000000000)               (0.0000000000000000,0.0000000000000000)               (0.0000000000000000,0.0000000000000000)               (0.0000000000000000,0.0000000000000000)               (0.0000000000000000,0.0000000000000000)
   tempb BEFORE (g=2:          15 ) =
        (0.18065774439151025,1.20045471796353253E-006)        (0.29276923814681299,2.69598131307050319E-006)       (0.37420228946706191,-1.98253025327937309E-007)        (0.37211275048538445,1.41907696757578047E-006)       (0.37195439945122011,-7.32275894999013605E-007)       (0.37404570193424569,-1.27436485310531596E-006)  (8.16962871775894217E-002,-2.33246449050836254E-007)  (4.32466728352213017E-002,-6.47241338942155542E-007) (-2.46267160482891885E-002,-3.39543182631057476E-007) (-2.46276778371165087E-002,-1.42881332149396010E-006)  (-2.46603366989107398E-002,1.73032557497104280E-008)  (2.42812377709936064E-002,-1.13766357884649735E-006)   (2.44824880937859410E-002,3.25995217718263182E-007)   (2.44814849915258800E-002,7.19334882037341286E-007)
   tempw(1) AFTER =
               (0.0000000000000000,0.0000000000000000)
   tempb AFTER (g=2:          15 ) =
        (0.18473589419190165,1.83813777843848466E-006)        (0.37209471414505429,2.05063526623129731E-006)        (0.37159637092987635,4.45123501558428281E-007)        (0.36950490539323655,9.86173951396242259E-007)       (0.37458031534662245,-6.47973468777612964E-007)       (0.37666989720998983,-1.12966392570744432E-006)       (0.37716408277874303,-2.93978469163689239E-006)  (3.92364413203278792E-002,-2.24981005100645458E-006) (-9.21252045673715859E-003,-1.71496863241942729E-007) (-9.21334397377586087E-003,-1.14462412630978332E-006) (-9.21346201295821475E-003,-7.90247625894225983E-008)  (9.21992634929482205E-003,-9.24466209708073306E-007)   (9.21977518522645173E-003,6.89669982463061155E-007)   (9.21894650689858083E-003,4.26514488277478782E-007)
 >>> w_sum_cpu start: ofs1,ofs1p,n1,n1p,indinvigp,ng_eps =           0           0           1           1           9          15
   wptcol =               (0.0000000000000000,0.0000000000000000)        (0.15531890453231015,1.19996179568622242E-006)  (9.24680656096203528E-003,-3.38086315492896100E-007)   (9.25286671284629610E-003,8.36545363214881007E-008)  (9.25896835307657602E-003,-2.60333009029896728E-007) (-9.42839156426094130E-003,-1.14927222505723835E-006)  (-9.42379027965386563E-003,2.61273033448900834E-006)  (-9.41648811556046461E-003,3.84927370865346946E-006)        (0.72372367593335019,3.23176051914804043E-018)  (3.58874015082357306E-002,-1.48579958517023298E-006)   (3.58873758507927756E-002,9.56789342696932332E-007)   (3.58876641977216165E-002,2.02639126795463109E-006)  (-3.59317606272903031E-002,1.92857994087050182E-006)  (-3.59314167482534530E-002,7.63734395685782364E-007)  (-3.59315059085404814E-002,3.31714887581067927E-007)
   original m11p(indinvigp,:,:,:) =
       (0.25513284417041604,-1.36468060836309015E-007)
 --- isv =           1
   temph BEFORE =
              (0.99999999999999967,0.0000000000000000)
   tempw BEFORE (g=2:          15 ) =
               (0.0000000000000000,0.0000000000000000)               (0.0000000000000000,0.0000000000000000)               (0.0000000000000000,0.0000000000000000)               (0.0000000000000000,0.0000000000000000)               (0.0000000000000000,0.0000000000000000)               (0.0000000000000000,0.0000000000000000)               (0.0000000000000000,0.0000000000000000)               (0.0000000000000000,0.0000000000000000)               (0.0000000000000000,0.0000000000000000)               (0.0000000000000000,0.0000000000000000)               (0.0000000000000000,0.0000000000000000)               (0.0000000000000000,0.0000000000000000)               (0.0000000000000000,0.0000000000000000)               (0.0000000000000000,0.0000000000000000)
   tempb BEFORE (g=2:          15 ) =
        (0.18473589419190165,1.83813777843848466E-006)        (0.37209471414505429,2.05063526623129731E-006)        (0.37159637092987635,4.45123501558428281E-007)        (0.36950490539323655,9.86173951396242259E-007)       (0.37458031534662245,-6.47973468777612964E-007)       (0.37666989720998983,-1.12966392570744432E-006)       (0.37716408277874303,-2.93978469163689239E-006)  (3.92364413203278792E-002,-2.24981005100645458E-006) (-9.21252045673715859E-003,-1.71496863241942729E-007) (-9.21334397377586087E-003,-1.14462412630978332E-006) (-9.21346201295821475E-003,-7.90247625894225983E-008)  (9.21992634929482205E-003,-9.24466209708073306E-007)   (9.21977518522645173E-003,6.89669982463061155E-007)   (9.21894650689858083E-003,4.26514488277478782E-007)
   tempw(1) AFTER =
               (0.0000000000000000,0.0000000000000000)
   tempb AFTER (g=2:          15 ) =
        (0.22436284805849949,2.16548351398049450E-006)        (0.37445387820249232,1.96564023674480129E-006)        (0.37395708113104320,4.67729242115365858E-007)        (0.37186717232327637,9.21018003827491189E-007)       (0.37217482299103705,-9.42477234596108838E-007)       (0.37426557879271966,-4.64356650804133621E-007)       (0.37476162738319785,-1.95899359223074602E-006)       (0.22388212115467199,-2.15104488436968034E-006) (-5.64656398525341385E-005,-5.45675653181365643E-007) (-5.72957032809670586E-005,-8.95618259444710621E-007)  (-5.73401758372244635E-005,4.42871724946945779E-007)  (5.25540641404861203E-005,-4.37325661879010184E-007)   (5.24906350678009531E-005,8.79620220258413329E-007)   (5.16392090812688165E-005,5.06242348065439548E-007)
 >>> w_sum_cpu start: ofs1,ofs1p,n1,n1p,indinvigp,ng_eps =           0           0           1           1          10          15
   wptcol =               (0.0000000000000000,0.0000000000000000) (-3.60052122952389253E-002,-9.76601979600349188E-007) (-3.60640981762075583E-002,-3.86323573993822723E-007) (-3.60639075088331762E-002,-1.30033923320240020E-006)  (-3.64339698657592456E-002,1.55323666623076908E-007)   (3.61611691535634397E-002,6.77879090402064372E-007)   (3.60854100757364224E-002,1.46403370948926515E-006)  (3.60859417154183112E-002,-7.23964441425181153E-007)   (3.57799453516300381E-002,1.48135071714576481E-006)        (0.47531913851506619,2.97203751227693928E-018)   (4.54805966502027023E-002,4.29469183601636446E-008)  (4.54802754360734141E-002,-2.97632747977087932E-007) (-4.52976796620504288E-002,-2.50035434887118187E-007)  (-4.52977222574113964E-002,1.23980448088460481E-007)       (0.18202239965098710,-6.64166075467220039E-008)
   original m11p(indinvigp,:,:,:) =
       (0.29761610699058239,-1.53023240719534730E-006)
 --- isv =           1
   temph BEFORE =
              (0.99999999999999967,0.0000000000000000)
   tempw BEFORE (g=2:          15 ) =
               (0.0000000000000000,0.0000000000000000)               (0.0000000000000000,0.0000000000000000)               (0.0000000000000000,0.0000000000000000)               (0.0000000000000000,0.0000000000000000)               (0.0000000000000000,0.0000000000000000)               (0.0000000000000000,0.0000000000000000)               (0.0000000000000000,0.0000000000000000)               (0.0000000000000000,0.0000000000000000)               (0.0000000000000000,0.0000000000000000)               (0.0000000000000000,0.0000000000000000)               (0.0000000000000000,0.0000000000000000)               (0.0000000000000000,0.0000000000000000)               (0.0000000000000000,0.0000000000000000)               (0.0000000000000000,0.0000000000000000)
   tempb BEFORE (g=2:          15 ) =
        (0.22436284805849949,2.16548351398049450E-006)        (0.37445387820249232,1.96564023674480129E-006)        (0.37395708113104320,4.67729242115365858E-007)        (0.37186717232327637,9.21018003827491189E-007)       (0.37217482299103705,-9.42477234596108838E-007)       (0.37426557879271966,-4.64356650804133621E-007)       (0.37476162738319785,-1.95899359223074602E-006)       (0.22388212115467199,-2.15104488436968034E-006) (-5.64656398525341385E-005,-5.45675653181365643E-007) (-5.72957032809670586E-005,-8.95618259444710621E-007)  (-5.73401758372244635E-005,4.42871724946945779E-007)  (5.25540641404861203E-005,-4.37325661879010184E-007)   (5.24906350678009531E-005,8.79620220258413329E-007)   (5.16392090812688165E-005,5.06242348065439548E-007)
   tempw(1) AFTER =
               (0.0000000000000000,0.0000000000000000)
   tempb AFTER (g=2:          15 ) =
        (0.21364711694531546,1.81973469205041940E-006)        (0.36372062170175445,1.79547766684856405E-006)        (0.36322388137738565,2.55411817624362711E-008)        (0.36102383604937921,9.11492387399990869E-007)       (0.38293696937771121,-6.85394505779473925E-007)        (0.38500517805637874,2.65824262418681169E-008)       (0.38550138487473756,-2.11923719343022423E-006)       (0.23453080919629310,-1.65541941894030757E-006)        (0.14140616594311886,1.81673096335447301E-007)  (1.34784624152955654E-002,-8.13240681902396057E-007)   (1.34783223447618034E-002,4.23886816541545760E-007) (-1.34287650122028295E-002,-5.81056212009434690E-007)  (-1.34288411189133518E-002,8.47202755991024052E-007)   (5.42244371783936197E-002,7.65012270669266270E-007)
 >>> w_sum_cpu start: ofs1,ofs1p,n1,n1p,indinvigp,ng_eps =           0           0           1           1          11          15
   wptcol =               (0.0000000000000000,0.0000000000000000)  (-3.60053271387826071E-002,2.24658860319318203E-006)  (-3.60647660346027701E-002,6.48548777419382137E-007)  (-3.64346044409580086E-002,7.37412481932313743E-008) (-3.60640533850082323E-002,-9.57816166787976697E-007)   (3.60856180144556241E-002,1.24165348947854488E-006)   (3.61618644788271812E-002,2.30219928327145177E-007)  (3.60862654189346294E-002,-9.95867748243340039E-007)  (3.57799197710121156E-002,-9.53924468086718508E-007)  (4.54805966502027231E-002,-4.29469183561060656E-008)        (0.47531897324055006,1.03887234642772988E-018)  (4.54803270446045779E-002,-3.15198016550054004E-007) (-4.52976110501796536E-002,-1.59530579837115233E-007)        (0.18202252037221528,4.58572088703805777E-007)  (-4.52979114532584201E-002,2.07134434888691126E-008)
   original m11p(indinvigp,:,:,:) =
       (0.29554565550780759,-1.17497229710022916E-006)
 --- isv =           1
   temph BEFORE =
              (0.99999999999999967,0.0000000000000000)
   tempw BEFORE (g=2:          15 ) =
               (0.0000000000000000,0.0000000000000000)               (0.0000000000000000,0.0000000000000000)               (0.0000000000000000,0.0000000000000000)               (0.0000000000000000,0.0000000000000000)               (0.0000000000000000,0.0000000000000000)               (0.0000000000000000,0.0000000000000000)               (0.0000000000000000,0.0000000000000000)               (0.0000000000000000,0.0000000000000000)               (0.0000000000000000,0.0000000000000000)               (0.0000000000000000,0.0000000000000000)               (0.0000000000000000,0.0000000000000000)               (0.0000000000000000,0.0000000000000000)               (0.0000000000000000,0.0000000000000000)               (0.0000000000000000,0.0000000000000000)
   tempb BEFORE (g=2:          15 ) =
        (0.21364711694531546,1.81973469205041940E-006)        (0.36372062170175445,1.79547766684856405E-006)        (0.36322388137738565,2.55411817624362711E-008)        (0.36102383604937921,9.11492387399990869E-007)       (0.38293696937771121,-6.85394505779473925E-007)        (0.38500517805637874,2.65824262418681169E-008)       (0.38550138487473756,-2.11923719343022423E-006)       (0.23453080919629310,-1.65541941894030757E-006)        (0.14140616594311886,1.81673096335447301E-007)  (1.34784624152955654E-002,-8.13240681902396057E-007)   (1.34783223447618034E-002,4.23886816541545760E-007) (-1.34287650122028295E-002,-5.81056212009434690E-007)  (-1.34288411189133518E-002,8.47202755991024052E-007)   (5.42244371783936197E-002,7.65012270669266270E-007)
   tempw(1) AFTER =
               (0.0000000000000000,0.0000000000000000)
   tempb AFTER (g=2:          15 ) =
        (0.20300589893167123,2.44139893150141775E-006)        (0.35306183678256003,1.94477833940770309E-006)        (0.35245579232462837,4.52543642373812743E-009)        (0.35036526175256377,5.86039716882134258E-007)       (0.39360191700673897,-2.76029609827254333E-007)        (0.39569265999788772,1.37112114844389470E-007)       (0.39616652384397544,-2.37116121771083225E-006)       (0.24510540904015449,-1.89530723664252539E-006)        (0.15484775869303968,2.22418762317429314E-007)       (0.15395691993697200,-2.54754056058317554E-007)   (2.69198354142392848E-002,3.84169536465967954E-007) (-2.68162771627784395E-002,-6.81428219909717865E-007)   (4.03671239811374677E-002,1.19660316343028982E-006)   (4.08368362447813979E-002,7.17910247828930209E-007)
 >>> w_sum_cpu start: ofs1,ofs1p,n1,n1p,indinvigp,ng_eps =           0           0           1           1          12          15
   wptcol =               (0.0000000000000000,0.0000000000000000)  (-3.60055912282335605E-002,1.15217096650734148E-006)  (-3.64351468097063036E-002,9.43019516167948503E-007)  (-3.60651469343555506E-002,6.44973936560452553E-007) (-3.60648302402972049E-002,-3.33640345877204257E-008)  (3.60864618909615964E-002,-1.43615708831921060E-006)  (3.60868087982509078E-002,-1.62843642815653016E-006)  (3.61624462580233605E-002,-1.05742446627709513E-007)  (3.57802072545556904E-002,-2.02032372869946588E-006)   (4.54802754360734279E-002,2.97632747977127584E-007)   (4.54803270446045710E-002,3.15198016552952021E-007)       (0.47531889479301337,-1.87795755892074968E-018)       (0.18202273832465149,-1.92767469510761129E-006) (-4.52974968185834714E-002,-1.66214745919806482E-007) (-4.52975846170054625E-002,-2.79619188488591293E-007)
   original m11p(indinvigp,:,:,:) =
       (0.29505407568797781,-2.49465064754876748E-006)
 --- isv =           1
   temph BEFORE =
              (0.99999999999999967,0.0000000000000000)
   tempw BEFORE (g=2:          15 ) =
               (0.0000000000000000,0.0000000000000000)               (0.0000000000000000,0.0000000000000000)               (0.0000000000000000,0.0000000000000000)               (0.0000000000000000,0.0000000000000000)               (0.0000000000000000,0.0000000000000000)               (0.0000000000000000,0.0000000000000000)               (0.0000000000000000,0.0000000000000000)               (0.0000000000000000,0.0000000000000000)               (0.0000000000000000,0.0000000000000000)               (0.0000000000000000,0.0000000000000000)               (0.0000000000000000,0.0000000000000000)               (0.0000000000000000,0.0000000000000000)               (0.0000000000000000,0.0000000000000000)               (0.0000000000000000,0.0000000000000000)
   tempb BEFORE (g=2:          15 ) =
        (0.20300589893167123,2.44139893150141775E-006)        (0.35306183678256003,1.94477833940770309E-006)        (0.35245579232462837,4.52543642373812743E-009)        (0.35036526175256377,5.86039716882134258E-007)       (0.39360191700673897,-2.76029609827254333E-007)        (0.39569265999788772,1.37112114844389470E-007)       (0.39616652384397544,-2.37116121771083225E-006)       (0.24510540904015449,-1.89530723664252539E-006)        (0.15484775869303968,2.22418762317429314E-007)       (0.15395691993697200,-2.54754056058317554E-007)   (2.69198354142392848E-002,3.84169536465967954E-007) (-2.68162771627784395E-002,-6.81428219909717865E-007)   (4.03671239811374677E-002,1.19660316343028982E-006)   (4.08368362447813979E-002,7.17910247828930209E-007)
   tempw(1) AFTER =
               (0.0000000000000000,0.0000000000000000)
   tempb AFTER (g=2:          15 ) =
        (0.19238230248935134,2.69153029958587648E-006)        (0.34231149821571388,2.13212712852399282E-006)        (0.34181462372975202,1.04857682964687368E-007)        (0.33972418660125225,4.86226370382938878E-007)       (0.40424937466840877,-6.09750496539985267E-007)       (0.40634022001644682,-2.53340709345442424E-007)       (0.40683640099951646,-2.31214828758703088E-006)       (0.25566250502461169,-2.40215286980742874E-006)        (0.16826689932312247,4.23693916233590427E-007)       (0.16737607579431843,-4.82960693130498347E-008)        (0.16716461257442303,1.56992412515296901E-006)  (2.68902736526051393E-002,-7.96113353271606872E-007)   (2.70019129267658545E-002,1.03455939543639179E-006)   (2.74715992854104377E-002,5.22405817827598727E-007)
 >>> w_sum_cpu start: ofs1,ofs1p,n1,n1p,indinvigp,ng_eps =           0           0           1           1          13          15
   wptcol =               (0.0000000000000000,0.0000000000000000)   (3.61191822610961513E-002,2.82205239266584767E-006)  (3.56072568759604052E-002,-6.43541016904755262E-007)   (3.57740821586583560E-002,8.69264699532129009E-007)   (3.57738325455965248E-002,6.66673124170983689E-007)  (-3.58032212301151800E-002,7.77525733088997680E-007)  (-3.58035152530274195E-002,8.86990621810188212E-008) (-3.53304000522296074E-002,-1.76479552669470323E-007) (-3.58958916575313480E-002,-1.92665473112857782E-006)  (-4.53883656393373469E-002,2.50536005951340852E-007)  (-4.53882968901055464E-002,1.59849960138308336E-007)        (0.18238714793760635,1.93153390080733780E-006)       (0.47791125865228856,-3.46768639210266443E-019)  (4.52110584169921476E-002,-3.15228559021157889E-007)  (4.52112691327627991E-002,-3.27579854735020065E-007)
   original m11p(indinvigp,:,:,:) =
        (0.29505407568797781,2.49465064756762624E-006)
 --- isv =           1
   temph BEFORE =
              (0.99999999999999967,0.0000000000000000)
   tempw BEFORE (g=2:          15 ) =
               (0.0000000000000000,0.0000000000000000)               (0.0000000000000000,0.0000000000000000)               (0.0000000000000000,0.0000000000000000)               (0.0000000000000000,0.0000000000000000)               (0.0000000000000000,0.0000000000000000)               (0.0000000000000000,0.0000000000000000)               (0.0000000000000000,0.0000000000000000)               (0.0000000000000000,0.0000000000000000)               (0.0000000000000000,0.0000000000000000)               (0.0000000000000000,0.0000000000000000)               (0.0000000000000000,0.0000000000000000)               (0.0000000000000000,0.0000000000000000)               (0.0000000000000000,0.0000000000000000)               (0.0000000000000000,0.0000000000000000)
   tempb BEFORE (g=2:          15 ) =
        (0.19238230248935134,2.69153029958587648E-006)        (0.34231149821571388,2.13212712852399282E-006)        (0.34181462372975202,1.04857682964687368E-007)        (0.33972418660125225,4.86226370382938878E-007)       (0.40424937466840877,-6.09750496539985267E-007)       (0.40634022001644682,-2.53340709345442424E-007)       (0.40683640099951646,-2.31214828758703088E-006)       (0.25566250502461169,-2.40215286980742874E-006)        (0.16826689932312247,4.23693916233590427E-007)       (0.16737607579431843,-4.82960693130498347E-008)        (0.16716461257442303,1.56992412515296901E-006)  (2.68902736526051393E-002,-7.96113353271606872E-007)   (2.70019129267658545E-002,1.03455939543639179E-006)   (2.74715992854104377E-002,5.22405817827598727E-007)
   tempw(1) AFTER =
               (0.0000000000000000,0.0000000000000000)
   tempb AFTER (g=2:          15 ) =
        (0.20303941443304471,3.43408361842968790E-006)        (0.35281756447942936,1.85342006219013756E-006)        (0.35236991247682925,2.72093938190092922E-007)        (0.35027940169847283,5.93687778295376751E-007)       (0.39368548832364458,-2.91021831013079928E-007)       (0.39577624691730567,-1.37852427028069212E-007)       (0.39641202246797913,-2.27608229350863158E-006)       (0.24507127588579664,-2.88107249130196268E-006)        (0.15487487705304481,6.10843701630330117E-007)        (0.15398407380875559,1.12096257153212305E-007)        (0.22097868393133843,1.68483885820511017E-006)       (0.16789993833513422,-1.98833498414850006E-006)   (4.03416199780802578E-002,8.28764128166783656E-007)   (4.08113685092409695E-002,3.12965724755354418E-007)
 >>> w_sum_cpu start: ofs1,ofs1p,n1,n1p,indinvigp,ng_eps =           0           0           1           1          14          15
   wptcol =               (0.0000000000000000,0.0000000000000000)  (3.61188458611963470E-002,-4.83168015214594001E-007)   (3.57735796380972415E-002,8.70454940478877477E-007)  (3.56067256732343837E-002,-2.49022683577352778E-007)  (3.57732707236063027E-002,-1.23830558047973128E-006)  (-3.58026016014992704E-002,9.28494983643398598E-007) (-3.53298467854588280E-002,-2.98503218486641994E-008) (-3.58028419897508943E-002,-5.25137535014682424E-007) (-3.58955481217725844E-002,-7.62971995918017795E-007) (-4.53884083199742674E-002,-1.24228657006460393E-007)       (0.18238692954882937,-4.59490150253899352E-007)  (-4.53881824298176390E-002,1.66547507925817363E-007)   (4.52110584169921406E-002,3.15228559021806504E-007)       (0.47791161531362125,-5.12129211215315739E-020)   (4.52113175145049812E-002,9.17698424768469152E-008)
   original m11p(indinvigp,:,:,:) =
        (0.29554565550780754,1.17497229709740854E-006)
 --- isv =           1
   temph BEFORE =
              (0.99999999999999967,0.0000000000000000)
   tempw BEFORE (g=2:          15 ) =
               (0.0000000000000000,0.0000000000000000)               (0.0000000000000000,0.0000000000000000)               (0.0000000000000000,0.0000000000000000)               (0.0000000000000000,0.0000000000000000)               (0.0000000000000000,0.0000000000000000)               (0.0000000000000000,0.0000000000000000)               (0.0000000000000000,0.0000000000000000)               (0.0000000000000000,0.0000000000000000)               (0.0000000000000000,0.0000000000000000)               (0.0000000000000000,0.0000000000000000)               (0.0000000000000000,0.0000000000000000)               (0.0000000000000000,0.0000000000000000)               (0.0000000000000000,0.0000000000000000)               (0.0000000000000000,0.0000000000000000)
   tempb BEFORE (g=2:          15 ) =
        (0.20303941443304471,3.43408361842968790E-006)        (0.35281756447942936,1.85342006219013756E-006)        (0.35236991247682925,2.72093938190092922E-007)        (0.35027940169847283,5.93687778295376751E-007)       (0.39368548832364458,-2.91021831013079928E-007)       (0.39577624691730567,-1.37852427028069212E-007)       (0.39641202246797913,-2.27608229350863158E-006)       (0.24507127588579664,-2.88107249130196268E-006)        (0.15487487705304481,6.10843701630330117E-007)        (0.15398407380875559,1.12096257153212305E-007)        (0.22097868393133843,1.68483885820511017E-006)       (0.16789993833513422,-1.98833498414850006E-006)   (4.03416199780802578E-002,8.28764128166783656E-007)   (4.08113685092409695E-002,3.12965724755354418E-007)
   tempw(1) AFTER =
               (0.0000000000000000,0.0000000000000000)
   tempb AFTER (g=2:          15 ) =
        (0.21371418240870974,3.24884676736264747E-006)        (0.36339029052445432,2.06864627312120493E-006)        (0.36289332555611942,1.56659449679513376E-007)        (0.36085203644268432,1.85679341716715285E-007)        (0.38310418496553555,2.54578926092963099E-008)       (0.38533466419007179,-1.05162968732341659E-007)       (0.38583064806245870,-2.38921706303098710E-006)       (0.23446250258543883,-3.06438927533744395E-006)        (0.14146053016351604,6.27458584147816494E-007)       (0.20788773845778080,-2.38003650075488628E-007)        (0.20756440380300573,1.78739110757887678E-006)       (0.18126187023155632,-1.94829229420003683E-006)        (0.18158632160073959,2.67231219712189874E-007)   (5.41733769805447934E-002,2.86965857411204149E-007)
 >>> w_sum_cpu start: ofs1,ofs1p,n1,n1p,indinvigp,ng_eps =           0           0           1           1          15          15
   wptcol =               (0.0000000000000000,0.0000000000000000)  (3.61188147944967522E-002,-1.86130582431729709E-007)   (3.57728284292270354E-002,1.63567177800575313E-007)  (3.57728007325802469E-002,-1.80036285761744572E-006)  (3.56058972866746329E-002,-1.00206732220147796E-006)  (-3.53289357661385889E-002,1.26989067835723977E-007)  (-3.58020897209913452E-002,1.68613690005563510E-006)  (-3.58024328168978570E-002,1.01484656601070623E-006) (-3.58956371930551424E-002,-3.31383752367426056E-007)        (0.18238680858591719,6.65495736301124118E-008) (-4.53885978945914662E-002,-2.07549118117024827E-008)  (-4.53882704040121515E-002,2.80178986243698300E-007)   (4.52112691327628408E-002,3.27579854734640436E-007)  (4.52113175145050089E-002,-9.17698424766217500E-008)        (0.47791168370359327,2.63998564589934319E-019)
   original m11p(indinvigp,:,:,:) =
        (0.29761610699058239,1.53023240719973175E-006)
 --- isv =           1
   temph BEFORE =
              (0.99999999999999967,0.0000000000000000)
   tempw BEFORE (g=2:          15 ) =
               (0.0000000000000000,0.0000000000000000)               (0.0000000000000000,0.0000000000000000)               (0.0000000000000000,0.0000000000000000)               (0.0000000000000000,0.0000000000000000)               (0.0000000000000000,0.0000000000000000)               (0.0000000000000000,0.0000000000000000)               (0.0000000000000000,0.0000000000000000)               (0.0000000000000000,0.0000000000000000)               (0.0000000000000000,0.0000000000000000)               (0.0000000000000000,0.0000000000000000)               (0.0000000000000000,0.0000000000000000)               (0.0000000000000000,0.0000000000000000)               (0.0000000000000000,0.0000000000000000)               (0.0000000000000000,0.0000000000000000)
   tempb BEFORE (g=2:          15 ) =
        (0.21371418240870974,3.24884676736264747E-006)        (0.36339029052445432,2.06864627312120493E-006)        (0.36289332555611942,1.56659449679513376E-007)        (0.36085203644268432,1.85679341716715285E-007)        (0.38310418496553555,2.54578926092963099E-008)       (0.38533466419007179,-1.05162968732341659E-007)       (0.38583064806245870,-2.38921706303098710E-006)       (0.23446250258543883,-3.06438927533744395E-006)        (0.14146053016351604,6.27458584147816494E-007)       (0.20788773845778080,-2.38003650075488628E-007)        (0.20756440380300573,1.78739110757887678E-006)       (0.18126187023155632,-1.94829229420003683E-006)        (0.18158632160073959,2.67231219712189874E-007)   (5.41733769805447934E-002,2.86965857411204149E-007)
   tempw(1) AFTER =
               (0.0000000000000000,0.0000000000000000)
   tempb AFTER (g=2:          15 ) =
        (0.22446372345667689,3.13818112711924246E-006)        (0.37403686045785317,2.06258575845004953E-006)       (0.37353988724354481,-4.33898234152323510E-007)       (0.37144892497751758,-1.67037331574860719E-007)        (0.37258972463889134,1.17313367030150410E-007)        (0.37467938562776298,4.51444049251918499E-007)       (0.37517526738825463,-2.03239633590911131E-006)       (0.22377938278558832,-3.10808575032707131E-006)        (0.19574178210139506,3.68170604029588887E-007)       (0.19437936065059980,-1.74725542714159000E-007)        (0.19405612346275650,1.94023148900425788E-006)       (0.19471747214345395,-1.91998300230295510E-006)        (0.19504193791118127,1.70735213222266321E-007)       (0.19640759176972278,-4.44350088771343652E-007)
 >>> g_sum_TDA_cpu: invband,incband,ng =           1           1          27
     ivp_in,icp_in,ikp =           1           1           1
     iv_in,ic_in,ik   =           1           1           1
 --- Entering block isv,isc =           1           1
    tempb(:,:,:,isv) =
               (0.0000000000000000,0.0000000000000000)        (0.22446372345667689,3.13818112711924246E-006)        (0.37403686045785317,2.06258575845004953E-006)       (0.37353988724354481,-4.33898234152323510E-007)       (0.37144892497751758,-1.67037331574860719E-007)        (0.37258972463889134,1.17313367030150410E-007)        (0.37467938562776298,4.51444049251918499E-007)       (0.37517526738825463,-2.03239633590911131E-006)       (0.22377938278558832,-3.10808575032707131E-006)        (0.19574178210139506,3.68170604029588887E-007)       (0.19437936065059980,-1.74725542714159000E-007)        (0.19405612346275650,1.94023148900425788E-006)       (0.19471747214345395,-1.91998300230295510E-006)        (0.19504193791118127,1.70735213222266321E-007)       (0.19640759176972278,-4.44350088771343652E-007)   (8.96571821022209142E-002,1.24459989899782361E-008)   (8.99058140094432939E-002,3.61309747449143898E-008)   (9.09456038782590903E-002,5.05403994472545515E-008)   (5.09017476594324711E-002,1.43739757316117838E-007)   (5.08483926873198808E-002,2.13333557660296015E-007)  (5.09160969473182318E-002,-6.31306473155800988E-008)   (5.09160969473182318E-002,6.31306473164044603E-008)  (5.08483926873198808E-002,-2.13333557659748090E-007)  (5.09017476594324711E-002,-1.43739757316164160E-007)  (9.09456038782590903E-002,-5.05403994429932082E-008)  (8.99058140094432939E-002,-3.61309747490841147E-008)  (8.96571821022209142E-002,-1.24459989841375982E-008)
    mccp(:,:,:,isc) =
              (0.99999999999999967,0.0000000000000000)       (-0.10690111357630139,4.95793896337569277E-007)        (0.10718661993812255,9.39399155169749174E-007)        (0.10719029431650572,8.14252705500707374E-007)        (0.10719354159840819,5.03265757499180861E-007)       (0.10719354159840819,-5.03265757500326897E-007)       (0.10719029431650572,-8.14252705511235147E-007)       (0.10718661993812252,-9.39399155165900998E-007)      (-0.10690111357630139,-4.95793896337214264E-007)       (-0.31787846147717158,1.67146854949721909E-006)       (-0.31825687999489083,8.14355333797179188E-007)       (-0.31462740453588012,2.06590795613693944E-006)      (-0.31462740453588017,-2.06590795614517515E-006)      (-0.31825687999489083,-8.14355333816355590E-007)      (-0.31787846147717158,-1.67146854950383971E-006)        (0.23416806305285984,1.68430969113840202E-006)        (0.23990112237806799,4.36527390029123071E-007)        (0.23930883543955050,1.20455022849417718E-006)   (9.45325080436280191E-002,1.64301968850299292E-007)   (9.47267408588710752E-002,3.44609780678817348E-007)  (9.64528741647909110E-002,-1.84819705567037735E-007)   (9.64528741647909110E-002,1.84819705577787668E-007)  (9.47267408588710891E-002,-3.44609780671680461E-007)  (9.45325080436280329E-002,-1.64301968858697359E-007)       (0.23930883543955050,-1.20455022845440962E-006)       (0.23990112237806804,-4.36527390028564506E-007)       (0.23416806305285989,-1.68430969111043765E-006)
     iitbeg,iitend =           1           1
     bsedbody(           1 :           1 ,           1 ,           1 ) =
  (-2.08308296866335091E-002,1.04335341153769283E-008)
     bsedwing(           1 :           1 ,           1 ,           1 ) =
               (0.0000000000000000,0.0000000000000000)
     Entering HEAD loops
       iit,isc,isv,ic,icp,iv,ivp =           1           1           1           1           1           1           1
         mccp(1,ic,icp,isc)=              (0.99999999999999967,0.0000000000000000)
         temph(iv,ivp,isv)=              (0.99999999999999967,0.0000000000000000)
         new bsedhead=              (0.99999999999999933,0.0000000000000000)
     bsedhead(           1 :           1 ,           1 ,           1 ) =
              (0.99999999999999933,0.0000000000000000)
 Finished calculation of matrix elements at 21:24:18.
 Elapsed time: 0 s.

 Expected size of the BSE matrices:
   bsemat.h5: .005 MB


 Frobenius norm of the matrices per spin:
 - Head :  1.000000000000E+0000
 - Wing :  0.000000000000E+0000
 - Body :  2.083082968664E-0002
 - X    :  3.932642472172E-0001


********************************************************************************
*                                                                              *
* Your calculation employed methods and algorithms published in peer-reviewed  *
* papers. Please, cite the following references to give proper credit to their *
*          authors and help support future development of BerkeleyGW.          *
*                                                                              *
********************************************************************************

 J. Deslippe, G. Samsonidze, D. A. Strubbe, M. Jain, M. L. Cohen, and S. G.
 Louie, BerkeleyGW: A Massively Parallel Computer Package for the Calculation
 of the Quasiparticle and Optical Properties of Materials and Nanostructures,
 Computer Physics Communications 183, 1269 (2012).

 M. Rohlfing and S. G. Louie, Electron-Hole Excitations and Optical Spectra
 from First Principles, Phys. Rev. B 62, 4927 (2000).

********************************************************************************


                             CPU (s)        WALL (s)          #

 INPUT:          (min.)        0.032           0.002          1
                 (PE 0)        0.032           0.002
                 (max.)        0.032           0.002
 EPSCOPY:        (min.)        0.034           0.007          1
                 (PE 0)        0.034           0.007
                 (max.)        0.034           0.007
 GENWF:          (min.)        0.000           0.000          1
                 (PE 0)        0.000           0.000
                 (max.)        0.000           0.000
 EXCWF:          (min.)        0.000           0.000          0
                 (PE 0)        0.000           0.000
                 (max.)        0.000           0.000
 MTXEL:          (min.)        0.084           0.006          1
                 (PE 0)        0.084           0.006
                 (max.)        0.084           0.006
 FULLBZ:         (min.)        0.001           0.000          2
                 (PE 0)        0.001           0.000
                 (max.)        0.001           0.000
 BSEWRITE:       (min.)        0.077           0.005          1
                 (PE 0)        0.077           0.005
                 (max.)        0.077           0.005
 MTXEL Setup:    (min.)        0.000           0.000          2
                 (PE 0)        0.000           0.000
                 (max.)        0.000           0.000
 MTXEL Vcoul:    (min.)        0.000           0.000          2
                 (PE 0)        0.000           0.000
                 (max.)        0.000           0.000
 MTXEL W:        (min.)        0.000           0.000         15
                 (PE 0)        0.000           0.000
                 (max.)        0.000           0.000
 MTXEL W-Sum:    (min.)        0.016           0.001         16
                 (PE 0)        0.016           0.001
                 (max.)        0.016           0.001
 MTXEL FFT Dir:  (min.)        0.035           0.003          1
                 (PE 0)        0.035           0.003
                 (max.)        0.035           0.003
 MTXEL High G:   (min.)        0.000           0.000          1
                 (PE 0)        0.000           0.000
                 (max.)        0.000           0.000
 MTXEL FFT X:    (min.)        0.032           0.002          1
                 (PE 0)        0.032           0.002
                 (max.)        0.032           0.002
 MTXEL BSEX:     (min.)        0.000           0.000          1
                 (PE 0)        0.000           0.000
                 (max.)        0.000           0.000
 MTXEL INDEX:    (min.)        0.000           0.000          1
                 (PE 0)        0.000           0.000
                 (max.)        0.000           0.000
 MTXEL EPSHEAD:  (min.)        0.000           0.000          1
                 (PE 0)        0.000           0.000
                 (max.)        0.000           0.000
 MTXEL EPSREAD:  (min.)        0.000           0.000         15
                 (PE 0)        0.000           0.000
                 (max.)        0.000           0.000
 MTXEL EPSOPEN:  (min.)        0.000           0.000          0
                 (PE 0)        0.000           0.000
                 (max.)        0.000           0.000
 MTXEL G SUM:    (min.)        0.000           0.000          1
                 (PE 0)        0.000           0.000
                 (max.)        0.000           0.000
 MTXEL COMM:     (min.)        0.000           0.000          1
                 (PE 0)        0.000           0.000
                 (max.)        0.000           0.000
 BSEWRITE COMM:  (min.)        0.046           0.003          1
                 (PE 0)        0.046           0.003
                 (max.)        0.046           0.003
 BSEWRITE I/O:   (min.)        0.031           0.002          1
                 (PE 0)        0.031           0.002
                 (max.)        0.031           0.002
 MTXEL FFT CC:   (min.)        0.020           0.002          1
                 (PE 0)        0.020           0.002
                 (max.)        0.020           0.002
 MTXEL FFT VV:   (min.)        0.016           0.001          1
                 (PE 0)        0.016           0.001
                 (max.)        0.016           0.001
 MTXEL FIND:     (min.)        0.000           0.000          1
                 (PE 0)        0.000           0.000
                 (max.)        0.000           0.000
 MTXEL ALLOC:    (min.)        0.000           0.000          1
                 (PE 0)        0.000           0.000
                 (max.)        0.000           0.000
 MTXEL FFTBOX:   (min.)        0.000           0.000          1
                 (PE 0)        0.000           0.000
                 (max.)        0.000           0.000
 MTXEL FFT VC:   (min.)        0.032           0.002          1
                 (PE 0)        0.032           0.002
                 (max.)        0.032           0.002

 TOTAL:          (min.)        0.243           0.021
                 (PE 0)        0.243           0.021
                 (max.)        0.243           0.021

