
 BerkeleyGW version 4.0
 Sigma code, Complex version, run on 11-Apr-2025 at 13:14:39 +0530

                                                                 ..o.          
                                                                .oxxo.         
                                                               .oxxxxo...      
                                                               oxxxxxxo.       
                                                              .oxxxxxxx.       
                                                              .ooooooxxo..     
                                                              .oooooooxo..     
                                                              .oooooxxo...     
                                                       .........oxooo......    
                                                 ............................  
                                             ................................. 
                                          .................................... 
           .          ..oo. ....  .................................oooxxxxxxxo.
     .............oxxxx@ox@@@x@x.....................o...........ooooooooooxx. 
    .o.........oox@x.oo........xxx@@............ooxxxxo..........ooooxxxxxoxo  
    .x........x@xxo...............o@xxo........oxxx@@@xoooooooooooooooxxxo...  
    .o......ox@@o..................oox@o.....ooxxx@xoooxxxxxxxoooooooooooo.... 
    o..ooooo@@xoooo....ooo...........x@o.....ooxxxxo   .oxxxxxxxxxxooooooo.... 
    . .oooo@@@@@@@@@@@@@@@@@@@@@@@@@@@@@@....ooooox.     .oxx@@@@@xxoo........ 
      .ooooxxxxxxxooooooxooooooooooooooxo...oooooxx.        ..ox@xxxoo.........
      .ooooooxxxx@xoooooooooooooxxoooooooooooxxxxx.            .oxxooooooooxxo.
     .oooooxxxxx@@@xxxxxxxxxxxxxxxxxxxxxxxxoxxxxo.                .oxxxxxxxxo. 
   ....oooxxxxx@@@xo..oxxx@@@@@@xxxxoxxoooooooxx.                  .oxxxoo..   
  .....ooxxxx@@xo.       ........    .ooooooooxxo                              
  ..oooxxxx@@@o                       .oooooooxoo.                             
  ....oxooxxxxx.                       .ooo..oooo.                             
  .....o.ooxxxxxo.                     .oooooooxo.                             
 ......ooooxxxxxxo.                     .ooooooxoo..                           
........ooxxxxxxxo..                     .o....oxoo...                         
.......ooooxxxxxxxo.                     ........oooo.                         
.ooooooo..ooxxxxoooo.                    .........ooo...                       
..oxo...ooooxxxoooo..                    .ooo......oooo...                     
  .ooooo....o.                            .oxxxoo....ooo....                   
    .oooooo...                              ...ooooo...ooo..                   
       ...                                     .oo.......                      
                                               ....ooo...                      
                      __              __                                       
 ______              [  |            [  |                 ._____  _          _ 
|_   _ \              | |  _          | |                /  ___ \| |        | |
  | |_) | .---.  _. _.| | / |  .---.  | | .---.  _    _ / /    \_|\ \  /\  / / 
  |  __'./ /__\\[ /`\_| '' <  / /__\\ | |/ /__\\| \  | | |   _____ \ \/  \/ /  
 _| |__| | \__. | |   | |`\ \ | \___. | || \___. \ \/ / \ \.___| |  \  /\  /   
|_______/ \.__./[_]  [__|  \_] \.__./[___]\.__./  \  /   \.____./    \/  \/    
                                                  / /                          
                                                 /_/                           
 --------------------------------------------------------------------------------
 Please cite the main BerkeleyGW paper when using results from this calculation:

 Jack Deslippe, Georgy Samsonidze, David A. Strubbe, Manish Jain, Marvin L.
 Cohen, and Steven G. Louie, "BerkeleyGW: A Massively Parallel Computer Package
 for the Calculation of the Quasiparticle and Optical Properties of Materials
 and Nanostructures," Comput. Phys. Commun. 183, 1269 (2012)

 Aditionally, PLEASE CITE ALL PAPERS REPORTED AT THE END OF THIS CALCULATION.
 --------------------------------------------------------------------------------

 Running MPI version (parallel)
 Running with 1 MPI task(s)
 Using OpenMP. Number of threads per MPI task: 16

 Compilation flags:
 - Compiler: GNU
 - Para. flags: MPI, OMP
 - Math  flags: USESCALAPACK, UNPACKED, USEFFTW3, HDF5
 - Debug flags: 

 Running with verbosity level 1 (default).


 NOTE: `screened_coulomb_cutoff` and `bare_coulomb_cutoff` are now optional flags.

 Using the static COHSEX approximation

 We are not communicating

 Computing the exact static CH

 Running with semiconductor screening

 We are using no truncation
 Cutoff for Monte-Carlo average of Coulomb potential: 1.000E+012 Ry

 Reading exchange-correlation matrix elements from vxc.dat file

 Treating W within the Static COHSEX approximation

 Memory available: 23868.5 MB per PE

 Read from eps0mat.h5:
 - Number of G-vectors in the charge-density grid: 283
 - Max. number of G-vectors for dielectric matrices: 15
 - Cutoff of the dielectric matrix (Ry): 2.000
 - Number of imaginary frequencies: 0
 - Total number of frequencies: 1
 - Frequency dependence: 0
 - Number of q-points: 1
 - Q grid: 2 2 2

 Read from epsmat.h5:
 - Number of G-vectors in the charge-density grid: 283
 - Max. number of G-vectors for dielectric matrices: 15
 - Cutoff of the dielectric matrix: 2.000
 - Number of imaginary frequencies: 0
 - Total number of frequencies: 1
 - Frequency dependence: 0
 - Number of q-points: 7
 - Q grid: 2 2 2

 Reading header of WFN_inner.h5
 Highest occupied band (unshifted grid) = 4
 Valence max    (unshifted grid) = 7.204207 eV
 Conduction min (unshifted grid) = 8.056217 eV
 Middle energy  (unshifted grid) = 7.630212 eV
 Fermi  energy  (unshifted grid) = 7.630212 eV


 Calculation parameters:
 - Cutoff of the bare Coulomb interaction (Ry): 2.00
 - Cutoff of the screened Coulomb interaction (Ry): 2.00
 - Number of G-vectors up to the bare int. cutoff: 15
 - Number of G-vectors up to the screened int. cutoff: 15
 - Total number of bands in the calculation: 8
 - Number of fully occupied valence bands: 4
 - Number of partially occ. conduction bands: 0

 Memory required for execution: .2 MB per PE
 Memory required for vcoul: 114.4 MB per PE

 Number of electrons per unit cell (from ifmax) = 8.000000
 Number of electrons per unit cell (from occupations) = 8.000000
 Plasma Frequency = 1.231146 Ry

 Q-grid symmetries are being used.

 Parallelization report:
 - Using 1 processor(s), 1 pool(s), 1 processor(s) per pool.
 - Each pool is computing 8 diagonal sigma matrix element(s).
 - Each pool is computing 0 off-diagonal sigma matrix element(s).
 - Each processor is holding 8 band(s).


 Started reading wavefunctions (WFN_inner) with 64 state(s) at 13:14:39.
 Reading band block from WFN_inner.h5
 Reading using H5FD_MPIO_COLLECTIVE.
 Using communication style:  1

 [ 13:14:39 |   0% ] state  1 / 64.
 [ 13:14:39 |   3% ] state  3 / 64, remaining: 0 s.
 [ 13:14:39 |   9% ] state  7 / 64, remaining: 0 s.
 [ 13:14:39 |  19% ] state 13 / 64, remaining: 0 s.
 [ 13:14:39 |  30% ] state 20 / 64, remaining: 0 s.
 [ 13:14:39 |  39% ] state 26 / 64, remaining: 0 s.
 [ 13:14:39 |  50% ] state 33 / 64, remaining: 0 s.
 [ 13:14:39 |  59% ] state 39 / 64, remaining: 0 s.
 [ 13:14:39 |  69% ] state 45 / 64, remaining: 0 s.
 [ 13:14:39 |  80% ] state 52 / 64, remaining: 0 s.
 [ 13:14:39 |  89% ] state 58 / 64, remaining: 0 s.
 Finished reading wavefunctions (WFN_inner) at 13:14:39.
 Elapsed time: 0 s.


 Scissors parameters:
 - Valence:    es =   0.0000 eV, e0 =   0.0000 eV, edel =   0.0000
 - Conduction: es =   0.0000 eV, e0 =   0.0000 eV, edel =   0.0000

 Scissors parameters (outer):
 - Valence:    es =   0.0000 eV, e0 =   0.0000 eV, edel =   0.0000
 - Conduction: es =   0.0000 eV, e0 =   0.0000 eV, edel =   0.0000

 Number of bands to compute diagonal self-energy matrix elements: 8
 Bands:
 - 1
 - 2
 - 3
 - 4
 - 5
 - 6
 - 7
 - 8
 Number of off-diagonal bands to compute self-energy matrix elements: 0

 GPU acceleration is : DISABLED

 Algorithms used:
 - mtxel     : CPU_ALGO
 - sigma_gpp : CPU_ALGO

 Total number of frequencies in the dielectric matrix: 1
 Number of imag. frequencies in the dielectric matrix: 0


 Started reading eps0mat.h5 with 1 q-point(s) at 13:14:39.
 [ 13:14:39 |   0% ] q-point 1 / 1.
 Finished reading eps0mat.h5 at 13:14:39.
 Elapsed time: 0 s.


 Started reading epsmat.h5 with 7 q-point(s) at 13:14:39.
 [ 13:14:39 |   0% ] q-point 1 / 7.
 [ 13:14:39 |  14% ] q-point 2 / 7.
 [ 13:14:39 |  29% ] q-point 3 / 7, remaining: 0 s.
 [ 13:14:39 |  43% ] q-point 4 / 7, remaining: 0 s.
 [ 13:14:39 |  57% ] q-point 5 / 7, remaining: 0 s.
 [ 13:14:39 |  71% ] q-point 6 / 7, remaining: 0 s.
 [ 13:14:39 |  86% ] q-point 7 / 7, remaining: 0 s.
 Finished reading epsmat.h5 at 13:14:39.
 Elapsed time: 0 s.

 Number of k-points in WFN_inner: 8
 Number of k-points in the full BZ of WFN_inner: 8

================================================================================
 13:14:39   Dealing with k =  0.000000  0.000000  0.000000                 1 / 8
================================================================================

 Reading vxc.dat
 Number of q-points in the irreducible BZ(k) (nrq): 8

 Started calculating Sigma with 64 block(s) at 13:14:39.
 [ 13:14:40 |   0% ] block  1 / 64.
 [ 13:14:40 |   3% ] block  3 / 64, remaining: 0 s.
 [ 13:14:40 |   9% ] block  7 / 64, remaining: 0 s.
 [ 13:14:40 |  19% ] block 13 / 64, remaining: 0 s.
 [ 13:14:40 |  30% ] block 20 / 64, remaining: 0 s.
 [ 13:14:40 |  39% ] block 26 / 64, remaining: 0 s.
 [ 13:14:40 |  50% ] block 33 / 64, remaining: 0 s.
 [ 13:14:40 |  59% ] block 39 / 64, remaining: 0 s.
 [ 13:14:40 |  69% ] block 45 / 64, remaining: 0 s.
 [ 13:14:40 |  80% ] block 52 / 64, remaining: 0 s.
 [ 13:14:40 |  89% ] block 58 / 64, remaining: 0 s.
 Finished calculating Sigma at 13:14:40.
 Elapsed time: 1 s.

 Unsymmetrized values for ik =   1 spin = 1

     n      Emf       Eo      Vxc        X     SX-X       CH      Cor      Sig
     1   -4.646   -4.646  -10.141  -16.522   10.801   -6.534    4.266  -12.256
     2    7.203    7.203  -11.236  -12.760    8.251   -6.628    1.623  -11.136
     3    7.203    7.203  -11.236  -12.760    8.251   -6.628    1.623  -11.136
     4    7.204    7.204  -11.235  -12.759    8.251   -6.631    1.620  -11.139
     5    9.592    9.592   -9.939   -4.301    2.102   -6.484   -4.382   -8.683
     6    9.592    9.592   -9.939   -4.300    2.101   -6.484   -4.383   -8.683
     7    9.593    9.593   -9.939   -4.300    2.094   -6.481   -4.387   -8.687
     8   13.765   13.765   -9.755   -3.051    1.238   -6.653   -5.415   -8.466

 Symmetrized values from band-averaging:

       k =  0.000000  0.000000  0.000000 ik =   1 spin = 1

     n      Emf       Eo      Vxc        X      Cor     Eqp0     Eqp1      Znk
     1   -4.646   -4.646  -10.141  -16.522    4.266   -6.761   -6.761    1.000
     2    7.203    7.203  -11.236  -12.760    1.623    7.303    7.303    1.000
     3    7.203    7.203  -11.236  -12.760    1.623    7.303    7.303    1.000
     4    7.204    7.204  -11.235  -12.759    1.620    7.300    7.300    1.000
     5    9.592    9.592   -9.939   -4.301   -4.382   10.848   10.848    1.000
     6    9.592    9.592   -9.939   -4.300   -4.383   10.849   10.849    1.000
     7    9.593    9.593   -9.939   -4.300   -4.387   10.844   10.844    1.000
     8   13.765   13.765   -9.755   -3.051   -5.415   15.054   15.054    1.000

================================================================================
 13:14:40   Dealing with k =  0.000000  0.000000  0.500000                 2 / 8
================================================================================

 Reading vxc.dat
 Number of q-points in the irreducible BZ(k) (nrq): 8

 Started calculating Sigma with 64 block(s) at 13:14:40.
 [ 13:14:40 |   0% ] block  1 / 64.
 [ 13:14:40 |   3% ] block  3 / 64, remaining: 0 s.
 [ 13:14:40 |   9% ] block  7 / 64, remaining: 0 s.
 [ 13:14:40 |  19% ] block 13 / 64, remaining: 0 s.
 [ 13:14:40 |  30% ] block 20 / 64, remaining: 0 s.
 [ 13:14:40 |  39% ] block 26 / 64, remaining: 0 s.
 [ 13:14:40 |  50% ] block 33 / 64, remaining: 0 s.
 [ 13:14:40 |  59% ] block 39 / 64, remaining: 0 s.
 [ 13:14:40 |  69% ] block 45 / 64, remaining: 0 s.
 [ 13:14:40 |  80% ] block 52 / 64, remaining: 0 s.
 [ 13:14:41 |  89% ] block 58 / 64, remaining: 0 s.
 Finished calculating Sigma at 13:14:41.
 Elapsed time: 1 s.

 Unsymmetrized values for ik =   2 spin = 1

     n      Emf       Eo      Vxc        X     SX-X       CH      Cor      Sig
     1   -2.277   -2.277  -10.626  -15.871   10.268   -6.596    3.672  -12.200
     2   -0.020   -0.020  -10.033  -13.716    9.066   -6.502    2.564  -11.152
     3    5.675    5.675  -11.060  -12.825    8.343   -6.612    1.730  -11.094
     4    5.675    5.675  -11.059  -12.824    8.340   -6.614    1.726  -11.098
     5    9.965    9.965   -9.682   -4.178    1.866   -6.518   -4.652   -8.830
     6   10.417   10.417   -9.569   -3.876    1.906   -6.435   -4.530   -8.406
     7   10.417   10.417   -9.569   -3.876    1.901   -6.433   -4.532   -8.408
     8   14.992   14.992   -7.361   -1.609    0.550   -6.201   -5.651   -7.260

 Symmetrized values from band-averaging:

       k =  0.000000  0.000000  0.500000 ik =   2 spin = 1

     n      Emf       Eo      Vxc        X      Cor     Eqp0     Eqp1      Znk
     1   -2.277   -2.277  -10.626  -15.871    3.672   -3.851   -3.851    1.000
     2   -0.020   -0.020  -10.033  -13.716    2.564   -1.139   -1.139    1.000
     3    5.675    5.675  -11.060  -12.825    1.730    5.640    5.640    1.000
     4    5.675    5.675  -11.059  -12.824    1.726    5.637    5.637    1.000
     5    9.965    9.965   -9.682   -4.178   -4.652   10.817   10.817    1.000
     6   10.417   10.417   -9.569   -3.876   -4.530   11.579   11.579    1.000
     7   10.417   10.417   -9.569   -3.876   -4.532   11.578   11.578    1.000
     8   14.992   14.992   -7.361   -1.609   -5.651   15.093   15.093    1.000

================================================================================
 13:14:41   Dealing with k =  0.000000  0.500000  0.000000                 3 / 8
================================================================================

 Reading vxc.dat
 Number of q-points in the irreducible BZ(k) (nrq): 8

 Started calculating Sigma with 64 block(s) at 13:14:41.
 [ 13:14:41 |   0% ] block  1 / 64.
 [ 13:14:41 |   3% ] block  3 / 64, remaining: 0 s.
 [ 13:14:41 |   9% ] block  7 / 64, remaining: 0 s.
 [ 13:14:41 |  19% ] block 13 / 64, remaining: 0 s.
 [ 13:14:41 |  30% ] block 20 / 64, remaining: 0 s.
 [ 13:14:41 |  39% ] block 26 / 64, remaining: 0 s.
 [ 13:14:41 |  50% ] block 33 / 64, remaining: 0 s.
 [ 13:14:41 |  59% ] block 39 / 64, remaining: 0 s.
 [ 13:14:41 |  69% ] block 45 / 64, remaining: 0 s.
 [ 13:14:41 |  80% ] block 52 / 64, remaining: 0 s.
 [ 13:14:41 |  89% ] block 58 / 64, remaining: 0 s.
 Finished calculating Sigma at 13:14:41.
 Elapsed time: 1 s.

 Unsymmetrized values for ik =   3 spin = 1

     n      Emf       Eo      Vxc        X     SX-X       CH      Cor      Sig
     1   -2.277   -2.277  -10.626  -15.872   10.268   -6.596    3.672  -12.200
     2   -0.020   -0.020  -10.033  -13.717    9.066   -6.502    2.564  -11.152
     3    5.675    5.675  -11.060  -12.824    8.343   -6.612    1.730  -11.094
     4    5.675    5.675  -11.059  -12.824    8.340   -6.614    1.726  -11.098
     5    9.965    9.965   -9.682   -4.178    1.866   -6.518   -4.652   -8.830
     6   10.417   10.417   -9.569   -3.876    1.906   -6.435   -4.530   -8.406
     7   10.417   10.417   -9.569   -3.876    1.902   -6.433   -4.532   -8.408
     8   14.992   14.992   -7.361   -1.608    0.550   -6.201   -5.651   -7.260

 Symmetrized values from band-averaging:

       k =  0.000000  0.500000  0.000000 ik =   3 spin = 1

     n      Emf       Eo      Vxc        X      Cor     Eqp0     Eqp1      Znk
     1   -2.277   -2.277  -10.626  -15.872    3.672   -3.851   -3.851    1.000
     2   -0.020   -0.020  -10.033  -13.717    2.564   -1.140   -1.140    1.000
     3    5.675    5.675  -11.060  -12.824    1.730    5.641    5.641    1.000
     4    5.675    5.675  -11.059  -12.824    1.726    5.637    5.637    1.000
     5    9.965    9.965   -9.682   -4.178   -4.652   10.817   10.817    1.000
     6   10.417   10.417   -9.569   -3.876   -4.530   11.579   11.579    1.000
     7   10.417   10.417   -9.569   -3.876   -4.532   11.578   11.578    1.000
     8   14.992   14.992   -7.361   -1.608   -5.651   15.093   15.093    1.000

================================================================================
 13:14:41   Dealing with k =  0.000000  0.500000  0.500000                 4 / 8
================================================================================

 Reading vxc.dat
 Number of q-points in the irreducible BZ(k) (nrq): 8

 Started calculating Sigma with 64 block(s) at 13:14:41.
 [ 13:14:41 |   0% ] block  1 / 64.
 [ 13:14:41 |   3% ] block  3 / 64, remaining: 0 s.
 [ 13:14:41 |   9% ] block  7 / 64, remaining: 0 s.
 [ 13:14:41 |  19% ] block 13 / 64, remaining: 0 s.
 [ 13:14:41 |  30% ] block 20 / 64, remaining: 0 s.
 [ 13:14:41 |  39% ] block 26 / 64, remaining: 0 s.
 [ 13:14:41 |  50% ] block 33 / 64, remaining: 0 s.
 [ 13:14:41 |  59% ] block 39 / 64, remaining: 0 s.
 [ 13:14:41 |  69% ] block 45 / 64, remaining: 0 s.
 [ 13:14:42 |  80% ] block 52 / 64, remaining: 0 s.
 [ 13:14:42 |  89% ] block 58 / 64, remaining: 0 s.
 Finished calculating Sigma at 13:14:42.
 Elapsed time: 1 s.

 Unsymmetrized values for ik =   4 spin = 1

     n      Emf       Eo      Vxc        X     SX-X       CH      Cor      Sig
     1   -0.636   -0.636  -10.689  -14.952    9.694   -6.598    3.096  -11.856
     2   -0.636   -0.636  -10.689  -14.952    9.697   -6.600    3.097  -11.855
     3    3.699    3.699  -10.649  -12.841    8.440   -6.567    1.873  -10.968
     4    3.700    3.700  -10.649  -12.841    8.436   -6.567    1.869  -10.972
     5    8.056    8.056   -8.748   -3.854    1.818   -6.347   -4.530   -8.383
     6    8.057    8.057   -8.747   -3.853    1.818   -6.347   -4.529   -8.382
     7   17.386   17.386  -10.261   -2.431    1.066   -6.585   -5.519   -7.950
     8   17.387   17.387  -10.260   -2.431    1.064   -6.584   -5.519   -7.950

 Symmetrized values from band-averaging:

       k =  0.000000  0.500000  0.500000 ik =   4 spin = 1

     n      Emf       Eo      Vxc        X      Cor     Eqp0     Eqp1      Znk
     1   -0.636   -0.636  -10.689  -14.952    3.096   -1.803   -1.803    1.000
     2   -0.636   -0.636  -10.689  -14.952    3.097   -1.803   -1.803    1.000
     3    3.699    3.699  -10.649  -12.841    1.873    3.381    3.381    1.000
     4    3.700    3.700  -10.649  -12.841    1.869    3.377    3.377    1.000
     5    8.056    8.056   -8.748   -3.854   -4.530    8.420    8.420    1.000
     6    8.057    8.057   -8.747   -3.853   -4.529    8.422    8.422    1.000
     7   17.386   17.386  -10.261   -2.431   -5.519   19.697   19.697    1.000
     8   17.387   17.387  -10.260   -2.431   -5.519   19.697   19.697    1.000

================================================================================
 13:14:42   Dealing with k =  0.500000  0.000000  0.000000                 5 / 8
================================================================================

 Reading vxc.dat
 Number of q-points in the irreducible BZ(k) (nrq): 8

 Started calculating Sigma with 64 block(s) at 13:14:42.
 [ 13:14:42 |   0% ] block  1 / 64.
 [ 13:14:42 |   3% ] block  3 / 64, remaining: 0 s.
 [ 13:14:42 |   9% ] block  7 / 64, remaining: 0 s.
 [ 13:14:42 |  19% ] block 13 / 64, remaining: 0 s.
 [ 13:14:42 |  30% ] block 20 / 64, remaining: 0 s.
 [ 13:14:42 |  39% ] block 26 / 64, remaining: 0 s.
 [ 13:14:42 |  50% ] block 33 / 64, remaining: 0 s.
 [ 13:14:42 |  59% ] block 39 / 64, remaining: 0 s.
 [ 13:14:42 |  69% ] block 45 / 64, remaining: 0 s.
 [ 13:14:42 |  80% ] block 52 / 64, remaining: 0 s.
 [ 13:14:42 |  89% ] block 58 / 64, remaining: 0 s.
 Finished calculating Sigma at 13:14:42.
 Elapsed time: 1 s.

 Unsymmetrized values for ik =   5 spin = 1

     n      Emf       Eo      Vxc        X     SX-X       CH      Cor      Sig
     1   -2.277   -2.277  -10.626  -15.871   10.268   -6.596    3.672  -12.200
     2   -0.020   -0.020  -10.033  -13.717    9.066   -6.502    2.564  -11.153
     3    5.675    5.675  -11.060  -12.824    8.343   -6.612    1.730  -11.094
     4    5.675    5.675  -11.059  -12.824    8.340   -6.614    1.726  -11.098
     5    9.965    9.965   -9.682   -4.178    1.866   -6.518   -4.652   -8.830
     6   10.417   10.417   -9.569   -3.875    1.905   -6.435   -4.530   -8.406
     7   10.417   10.417   -9.569   -3.875    1.901   -6.433   -4.532   -8.407
     8   14.992   14.992   -7.361   -1.608    0.550   -6.201   -5.651   -7.259

 Symmetrized values from band-averaging:

       k =  0.500000  0.000000  0.000000 ik =   5 spin = 1

     n      Emf       Eo      Vxc        X      Cor     Eqp0     Eqp1      Znk
     1   -2.277   -2.277  -10.626  -15.871    3.672   -3.851   -3.851    1.000
     2   -0.020   -0.020  -10.033  -13.717    2.564   -1.140   -1.140    1.000
     3    5.675    5.675  -11.060  -12.824    1.730    5.640    5.640    1.000
     4    5.675    5.675  -11.059  -12.824    1.726    5.637    5.637    1.000
     5    9.965    9.965   -9.682   -4.178   -4.652   10.817   10.817    1.000
     6   10.417   10.417   -9.569   -3.875   -4.530   11.580   11.580    1.000
     7   10.417   10.417   -9.569   -3.875   -4.532   11.578   11.578    1.000
     8   14.992   14.992   -7.361   -1.608   -5.651   15.093   15.093    1.000

================================================================================
 13:14:42   Dealing with k =  0.500000  0.000000  0.500000                 6 / 8
================================================================================

 Reading vxc.dat
 Number of q-points in the irreducible BZ(k) (nrq): 8

 Started calculating Sigma with 64 block(s) at 13:14:42.
 [ 13:14:42 |   0% ] block  1 / 64.
 [ 13:14:42 |   3% ] block  3 / 64, remaining: 0 s.
 [ 13:14:42 |   9% ] block  7 / 64, remaining: 0 s.
 [ 13:14:42 |  19% ] block 13 / 64, remaining: 0 s.
 [ 13:14:42 |  30% ] block 20 / 64, remaining: 0 s.
 [ 13:14:42 |  39% ] block 26 / 64, remaining: 0 s.
 [ 13:14:42 |  50% ] block 33 / 64, remaining: 0 s.
 [ 13:14:42 |  59% ] block 39 / 64, remaining: 0 s.
 [ 13:14:43 |  69% ] block 45 / 64, remaining: 0 s.
 [ 13:14:43 |  80% ] block 52 / 64, remaining: 0 s.
 [ 13:14:43 |  89% ] block 58 / 64, remaining: 0 s.
 Finished calculating Sigma at 13:14:43.
 Elapsed time: 1 s.

 Unsymmetrized values for ik =   6 spin = 1

     n      Emf       Eo      Vxc        X     SX-X       CH      Cor      Sig
     1   -0.636   -0.636  -10.689  -14.952    9.694   -6.598    3.096  -11.856
     2   -0.636   -0.636  -10.689  -14.952    9.697   -6.600    3.097  -11.855
     3    3.699    3.699  -10.649  -12.841    8.440   -6.567    1.873  -10.968
     4    3.700    3.700  -10.649  -12.840    8.436   -6.567    1.869  -10.971
     5    8.056    8.056   -8.748   -3.853    1.817   -6.347   -4.530   -8.383
     6    8.057    8.057   -8.747   -3.853    1.818   -6.347   -4.529   -8.382
     7   17.386   17.386  -10.261   -2.431    1.066   -6.585   -5.519   -7.950
     8   17.387   17.387  -10.260   -2.431    1.065   -6.584   -5.519   -7.950

 Symmetrized values from band-averaging:

       k =  0.500000  0.000000  0.500000 ik =   6 spin = 1

     n      Emf       Eo      Vxc        X      Cor     Eqp0     Eqp1      Znk
     1   -0.636   -0.636  -10.689  -14.952    3.096   -1.804   -1.804    1.000
     2   -0.636   -0.636  -10.689  -14.952    3.097   -1.803   -1.803    1.000
     3    3.699    3.699  -10.649  -12.841    1.873    3.381    3.381    1.000
     4    3.700    3.700  -10.649  -12.840    1.869    3.377    3.377    1.000
     5    8.056    8.056   -8.748   -3.853   -4.530    8.421    8.421    1.000
     6    8.057    8.057   -8.747   -3.853   -4.529    8.422    8.422    1.000
     7   17.386   17.386  -10.261   -2.431   -5.519   19.697   19.697    1.000
     8   17.387   17.387  -10.260   -2.431   -5.519   19.697   19.697    1.000

================================================================================
 13:14:43   Dealing with k =  0.500000  0.500000  0.000000                 7 / 8
================================================================================

 Reading vxc.dat
 Number of q-points in the irreducible BZ(k) (nrq): 8

 Started calculating Sigma with 64 block(s) at 13:14:43.
 [ 13:14:43 |   0% ] block  1 / 64.
 [ 13:14:43 |   3% ] block  3 / 64, remaining: 0 s.
 [ 13:14:43 |   9% ] block  7 / 64, remaining: 0 s.
 [ 13:14:43 |  19% ] block 13 / 64, remaining: 0 s.
 [ 13:14:43 |  30% ] block 20 / 64, remaining: 0 s.
 [ 13:14:43 |  39% ] block 26 / 64, remaining: 0 s.
 [ 13:14:43 |  50% ] block 33 / 64, remaining: 0 s.
 [ 13:14:43 |  59% ] block 39 / 64, remaining: 0 s.
 [ 13:14:43 |  69% ] block 45 / 64, remaining: 0 s.
 [ 13:14:43 |  80% ] block 52 / 64, remaining: 0 s.
 [ 13:14:43 |  89% ] block 58 / 64, remaining: 0 s.
 Finished calculating Sigma at 13:14:43.
 Elapsed time: 1 s.

 Unsymmetrized values for ik =   7 spin = 1

     n      Emf       Eo      Vxc        X     SX-X       CH      Cor      Sig
     1   -0.636   -0.636  -10.689  -14.952    9.694   -6.598    3.096  -11.856
     2   -0.636   -0.636  -10.689  -14.952    9.697   -6.600    3.097  -11.855
     3    3.699    3.699  -10.649  -12.841    8.440   -6.567    1.873  -10.968
     4    3.700    3.700  -10.649  -12.840    8.436   -6.567    1.869  -10.971
     5    8.056    8.056   -8.748   -3.853    1.817   -6.347   -4.530   -8.383
     6    8.057    8.057   -8.747   -3.853    1.818   -6.347   -4.529   -8.382
     7   17.386   17.386  -10.261   -2.431    1.066   -6.585   -5.519   -7.950
     8   17.387   17.387  -10.260   -2.431    1.065   -6.584   -5.519   -7.950

 Symmetrized values from band-averaging:

       k =  0.500000  0.500000  0.000000 ik =   7 spin = 1

     n      Emf       Eo      Vxc        X      Cor     Eqp0     Eqp1      Znk
     1   -0.636   -0.636  -10.689  -14.952    3.096   -1.804   -1.804    1.000
     2   -0.636   -0.636  -10.689  -14.952    3.097   -1.803   -1.803    1.000
     3    3.699    3.699  -10.649  -12.841    1.873    3.381    3.381    1.000
     4    3.700    3.700  -10.649  -12.840    1.869    3.377    3.377    1.000
     5    8.056    8.056   -8.748   -3.853   -4.530    8.421    8.421    1.000
     6    8.057    8.057   -8.747   -3.853   -4.529    8.422    8.422    1.000
     7   17.386   17.386  -10.261   -2.431   -5.519   19.697   19.697    1.000
     8   17.387   17.387  -10.260   -2.431   -5.519   19.697   19.697    1.000

================================================================================
 13:14:43   Dealing with k =  0.500000  0.500000  0.500000                 8 / 8
================================================================================

 Reading vxc.dat
 Number of q-points in the irreducible BZ(k) (nrq): 8

 Started calculating Sigma with 64 block(s) at 13:14:43.
 [ 13:14:43 |   0% ] block  1 / 64.
 [ 13:14:43 |   3% ] block  3 / 64, remaining: 0 s.
 [ 13:14:43 |   9% ] block  7 / 64, remaining: 0 s.
 [ 13:14:43 |  19% ] block 13 / 64, remaining: 1 s.
 [ 13:14:43 |  30% ] block 20 / 64, remaining: 0 s.
 [ 13:14:43 |  39% ] block 26 / 64, remaining: 0 s.
 [ 13:14:43 |  50% ] block 33 / 64, remaining: 0 s.
 [ 13:14:44 |  59% ] block 39 / 64, remaining: 0 s.
 [ 13:14:44 |  69% ] block 45 / 64, remaining: 0 s.
 [ 13:14:44 |  80% ] block 52 / 64, remaining: 0 s.
 [ 13:14:44 |  89% ] block 58 / 64, remaining: 0 s.
 Finished calculating Sigma at 13:14:44.
 Elapsed time: 1 s.

 Unsymmetrized values for ik =   8 spin = 1

     n      Emf       Eo      Vxc        X     SX-X       CH      Cor      Sig
     1   -2.277   -2.277  -10.626  -15.871   10.266   -6.595    3.671  -12.200
     2   -0.020   -0.020  -10.032  -13.716    9.066   -6.504    2.562  -11.154
     3    5.675    5.675  -11.060  -12.825    8.343   -6.613    1.730  -11.095
     4    5.675    5.675  -11.060  -12.824    8.343   -6.613    1.730  -11.094
     5    9.965    9.965   -9.682   -4.178    1.863   -6.515   -4.652   -8.830
     6   10.417   10.417   -9.569   -3.876    1.907   -6.435   -4.527   -8.403
     7   10.417   10.417   -9.569   -3.876    1.907   -6.435   -4.527   -8.403
     8   14.992   14.992   -7.360   -1.608    0.550   -6.201   -5.651   -7.259

 Symmetrized values from band-averaging:

       k =  0.500000  0.500000  0.500000 ik =   8 spin = 1

     n      Emf       Eo      Vxc        X      Cor     Eqp0     Eqp1      Znk
     1   -2.277   -2.277  -10.626  -15.871    3.671   -3.852   -3.852    1.000
     2   -0.020   -0.020  -10.032  -13.716    2.562   -1.142   -1.142    1.000
     3    5.675    5.675  -11.060  -12.825    1.730    5.640    5.640    1.000
     4    5.675    5.675  -11.060  -12.824    1.730    5.640    5.640    1.000
     5    9.965    9.965   -9.682   -4.178   -4.652   10.817   10.817    1.000
     6   10.417   10.417   -9.569   -3.876   -4.527   11.582   11.582    1.000
     7   10.417   10.417   -9.569   -3.876   -4.527   11.582   11.582    1.000
     8   14.992   14.992   -7.360   -1.608   -5.651   15.093   15.093    1.000

================================================================================

    n = band index.
  Emf = "inner" mean-field energy eigenvalue used to construct Sigma(E),
        read from WFN_inner.
   Eo = "outer" mean-field energy eigenvalue where we center the evaluation
        frequency grid {E} of Sigma(E). Defaults to Emf, unless
        you use WFN_outer and eqp_outer.dat / scissors_outer.
  Vxc = exchange-correlation pot., calculated from VXC or read from vxc.dat.
  KIH = Kinetic energy + Ionic potential + Hartree, read from kih.dat.
    X = bare exchange.
   SX = screened exchange contrib. to Sigma(E) at energy E=Eo
   CH = Coulomb hole contrib. to Sigma(E) at energy E=Eo
  Cor = SX-X + CH = correlation portion of Sigma(E) at energy E=Eo.
  Sig = X + Cor = self energy, Sigma(E), at energy E=Eo.
 Eqp0 = on-shell QP energy = Emf - Vxc + Sig(Eo)
        Eqp0 is *not* the recommended quantity to use for QP properties.
 Eqp1 = off-shell solution to the linearized  Dyson`s equation
      = Eqp0 + (dSig/dE) / (1 - dSig/dE) * (Eqp0 - Eo),
        or a full linear interpolation if more freq. points where computed.
        Eqp1 is the recommended quantity to use for QP properties.
  Znk = quasiparticle renormalization factor

 Notes on the static remainder:
 - Unprimed values, such as Eqp0, are evaluated WITH the static remainder
 - Primed values, such as Eqp0`, are evaluated WITHOUT the static remainder

 General notes:
 - All energies are reported here in eV.
 - Both Emf and Vxc contain the average pot. Vxc0, so Vxc0 doesn`t affect Sigma.
 - Eqp1 and Eqp0 are Eqs. (36-37) from Hybertsen & Louie PRB 34 5390.
 - We recommend you use Eqp1 for QP properties of materials.

================================================================================


********************************************************************************
*                                                                              *
* Your calculation employed methods and algorithms published in peer-reviewed  *
* papers. Please, cite the following references to give proper credit to their *
*          authors and help support future development of BerkeleyGW.          *
*                                                                              *
********************************************************************************

 J. Deslippe, G. Samsonidze, D. A. Strubbe, M. Jain, M. L. Cohen, and S. G.
 Louie, BerkeleyGW: A Massively Parallel Computer Package for the Calculation
 of the Quasiparticle and Optical Properties of Materials and Nanostructures,
 Computer Physics Communications 183, 1269 (2012).

 M. S. Hybertsen and S. G. Louie, Electron Correlation in Semiconductors and
 Insulators: Band Gaps and Quasiparticle Energies, Phys. Rev. B 34, 5390
 (1986).

 M. Del Ben, F. H. da Jornada, A. Canning, N. Wichmann, K. Raman, R. Sasanka,
 C. Yang, S. G. Louie, and J. Deslippe, Large-Scale GW Calculations on Pre-
 Exascale HPC Systems, Computer Physics Communications 235, 187 (2019).

********************************************************************************

 
 Timing information
 
                                CPU time (s)          WALL time (s)       Number
 Routine                       min        max        min        max     of calls
 -------------------------  ---------  ---------  ---------  ---------  --------
 - Epscopy Comm                  0.05       0.05       0.00       0.00         8
 - FFT Zero                      1.61       1.61       0.12       0.12      4736
 - FFT Put                       1.29       1.29       0.08       0.08      4736
 - FFT Plan                     38.25      38.25       2.42       2.42      8896
 - FFT Exec                      3.49       3.49       0.21       0.21      8896
 - FFT Mltply                    0.49       0.49       0.03       0.03      4160
 - FFT Conjg                     0.09       0.09       0.00       0.00       576
 - FFT Get                       0.26       0.26       0.03       0.03      4160
 - I/O TOTAL                     0.18       0.18       0.02       0.02         8
 - INPUT                         0.01       0.01       0.02       0.02         1
 - EPSCOPY                       0.18       0.18       0.01       0.01         1
 - FULLBZ                        0.00       0.00       0.00       0.00         2
 - VXC                           0.00       0.00       0.00       0.00        16
 - MTXEL_CH                      1.05       1.05       0.06       0.06        64
 - SUBGRP                        0.00       0.00       0.00       0.00         8
 - IRRBZ                         0.00       0.00       0.00       0.00         8
 - GMAP                          0.00       0.00       0.00       0.00        64
 - GENWF                         0.00       0.00       0.00       0.00        64
 - MTXEL                        47.38      47.38       3.05       3.05       512
 - MTXEL_COR TOT                 1.09       1.09       0.06       0.06       512
 - VCOUL                         7.23       7.23       1.83       1.83        64
 - EPSREAD                       0.00       0.00       0.00       0.00        64
 - INPUT_OUTER                   0.00       0.00       0.00       0.00         1
 - MTXEL COMM                    0.00       0.00       0.00       0.00        64
 - BARE X                        0.03       0.03       0.00       0.00       520
 - WF COMM                       0.00       0.00       0.00       0.00         8
 - INPUT (READ)                  0.00       0.00       0.00       0.00        72
 - INPUT (WRITE)                 0.00       0.00       0.00       0.00        72
 - SUB-TRANSF TOT                0.00       0.00       0.00       0.00       512
 - M.COR INIT                    0.05       0.05       0.00       0.00       512
 - M.COR EPSINIT                 0.12       0.12       0.01       0.01       512
 - M.COR COMM                    0.07       0.07       0.00       0.00       512
 - M.COR SX+CH                   0.51       0.51       0.03       0.03      4096
 - READ NEPS                     0.00       0.00       0.00       0.00         1
 - EPSCOPY IO                    0.16       0.16       0.01       0.01         8
 - EQP LOOP TOTAL               56.90      56.90       5.00       5.00         8
 - TOTAL                        57.34      57.34       5.05       5.05         1
 
 Job Done
 
