
 BerkeleyGW version 4.0
 Sigma code, Complex version, run on 09-Apr-2025 at 19:31:36 +0530

                                                                 ..o.          
                                                                .oxxo.         
                                                               .oxxxxo...      
                                                               oxxxxxxo.       
                                                              .oxxxxxxx.       
                                                              .ooooooxxo..     
                                                              .oooooooxo..     
                                                              .oooooxxo...     
                                                       .........oxooo......    
                                                 ............................  
                                             ................................. 
                                          .................................... 
           .          ..oo. ....  .................................oooxxxxxxxo.
     .............oxxxx@ox@@@x@x.....................o...........ooooooooooxx. 
    .o.........oox@x.oo........xxx@@............ooxxxxo..........ooooxxxxxoxo  
    .x........x@xxo...............o@xxo........oxxx@@@xoooooooooooooooxxxo...  
    .o......ox@@o..................oox@o.....ooxxx@xoooxxxxxxxoooooooooooo.... 
    o..ooooo@@xoooo....ooo...........x@o.....ooxxxxo   .oxxxxxxxxxxooooooo.... 
    . .oooo@@@@@@@@@@@@@@@@@@@@@@@@@@@@@@....ooooox.     .oxx@@@@@xxoo........ 
      .ooooxxxxxxxooooooxooooooooooooooxo...oooooxx.        ..ox@xxxoo.........
      .ooooooxxxx@xoooooooooooooxxoooooooooooxxxxx.            .oxxooooooooxxo.
     .oooooxxxxx@@@xxxxxxxxxxxxxxxxxxxxxxxxoxxxxo.                .oxxxxxxxxo. 
   ....oooxxxxx@@@xo..oxxx@@@@@@xxxxoxxoooooooxx.                  .oxxxoo..   
  .....ooxxxx@@xo.       ........    .ooooooooxxo                              
  ..oooxxxx@@@o                       .oooooooxoo.                             
  ....oxooxxxxx.                       .ooo..oooo.                             
  .....o.ooxxxxxo.                     .oooooooxo.                             
 ......ooooxxxxxxo.                     .ooooooxoo..                           
........ooxxxxxxxo..                     .o....oxoo...                         
.......ooooxxxxxxxo.                     ........oooo.                         
.ooooooo..ooxxxxoooo.                    .........ooo...                       
..oxo...ooooxxxoooo..                    .ooo......oooo...                     
  .ooooo....o.                            .oxxxoo....ooo....                   
    .oooooo...                              ...ooooo...ooo..                   
       ...                                     .oo.......                      
                                               ....ooo...                      
                      __              __                                       
 ______              [  |            [  |                 ._____  _          _ 
|_   _ \              | |  _          | |                /  ___ \| |        | |
  | |_) | .---.  _. _.| | / |  .---.  | | .---.  _    _ / /    \_|\ \  /\  / / 
  |  __'./ /__\\[ /`\_| '' <  / /__\\ | |/ /__\\| \  | | |   _____ \ \/  \/ /  
 _| |__| | \__. | |   | |`\ \ | \___. | || \___. \ \/ / \ \.___| |  \  /\  /   
|_______/ \.__./[_]  [__|  \_] \.__./[___]\.__./  \  /   \.____./    \/  \/    
                                                  / /                          
                                                 /_/                           
 --------------------------------------------------------------------------------
 Please cite the main BerkeleyGW paper when using results from this calculation:

 Jack Deslippe, Georgy Samsonidze, David A. Strubbe, Manish Jain, Marvin L.
 Cohen, and Steven G. Louie, "BerkeleyGW: A Massively Parallel Computer Package
 for the Calculation of the Quasiparticle and Optical Properties of Materials
 and Nanostructures," Comput. Phys. Commun. 183, 1269 (2012)

 Aditionally, PLEASE CITE ALL PAPERS REPORTED AT THE END OF THIS CALCULATION.
 --------------------------------------------------------------------------------

 Running MPI version (parallel)
 Running with 1 MPI task(s)
 Using OpenMP. Number of threads per MPI task: 16

 Compilation flags:
 - Compiler: GNU
 - Para. flags: MPI, OMP
 - Math  flags: USESCALAPACK, UNPACKED, USEFFTW3, HDF5
 - Debug flags: 

 Running with verbosity level 1 (default).


 NOTE: `screened_coulomb_cutoff` and `bare_coulomb_cutoff` are now optional flags.

 Using the static COHSEX approximation

 We are not communicating

 Computing the exact static CH

 Running with semiconductor screening

 We are using no truncation
 Cutoff for Monte-Carlo average of Coulomb potential: 1.000E+012 Ry

 Reading exchange-correlation matrix elements from vxc.dat file

 Treating W within the Static COHSEX approximation

 Memory available: 25092.5 MB per PE

 Read from eps0mat.h5:
 - Number of G-vectors in the charge-density grid: 283
 - Max. number of G-vectors for dielectric matrices: 15
 - Cutoff of the dielectric matrix (Ry): 2.000
 - Number of imaginary frequencies: 0
 - Total number of frequencies: 1
 - Frequency dependence: 0
 - Number of q-points: 1
 - Q grid: 1 1 1

 Reading header of WFN_inner.h5
 Highest occupied band (unshifted grid) = 4
 Valence max    (unshifted grid) = 7.587618 eV
 Conduction min (unshifted grid) = 9.952567 eV
 Middle energy  (unshifted grid) = 8.770093 eV
 Fermi  energy  (unshifted grid) = 8.770093 eV


 Calculation parameters:
 - Cutoff of the bare Coulomb interaction (Ry): 2.00
 - Cutoff of the screened Coulomb interaction (Ry): 2.00
 - Number of G-vectors up to the bare int. cutoff: 15
 - Number of G-vectors up to the screened int. cutoff: 15
 - Total number of bands in the calculation: 8
 - Number of fully occupied valence bands: 4
 - Number of partially occ. conduction bands: 0

 Memory required for execution: .1 MB per PE
 Memory required for vcoul: 114.4 MB per PE

 Number of electrons per unit cell (from ifmax) = 8.000000
 Number of electrons per unit cell (from occupations) = 8.000000
 Plasma Frequency = 1.231146 Ry

 Q-grid symmetries are not being used.

 Parallelization report:
 - Using 1 processor(s), 1 pool(s), 1 processor(s) per pool.
 - Each pool is computing 8 diagonal sigma matrix element(s).
 - Each pool is computing 0 off-diagonal sigma matrix element(s).
 - Each processor is holding 8 band(s).


 Started reading wavefunctions (WFN_inner) with 8 state(s) at 19:31:36.
 Reading band block from WFN_inner.h5
 Reading using H5FD_MPIO_COLLECTIVE.
 Using communication style:  1

 [ 19:31:36 |   0% ] state 1 / 8.
 [ 19:31:36 |  13% ] state 2 / 8.
 [ 19:31:36 |  25% ] state 3 / 8, remaining: 0 s.
 [ 19:31:36 |  38% ] state 4 / 8, remaining: 0 s.
 [ 19:31:36 |  50% ] state 5 / 8, remaining: 0 s.
 [ 19:31:36 |  63% ] state 6 / 8, remaining: 0 s.
 [ 19:31:36 |  75% ] state 7 / 8, remaining: 0 s.
 [ 19:31:36 |  88% ] state 8 / 8, remaining: 0 s.
 Finished reading wavefunctions (WFN_inner) at 19:31:36.
 Elapsed time: 0 s.


 Scissors parameters:
 - Valence:    es =   0.0000 eV, e0 =   0.0000 eV, edel =   0.0000
 - Conduction: es =   0.0000 eV, e0 =   0.0000 eV, edel =   0.0000

 Scissors parameters (outer):
 - Valence:    es =   0.0000 eV, e0 =   0.0000 eV, edel =   0.0000
 - Conduction: es =   0.0000 eV, e0 =   0.0000 eV, edel =   0.0000

 Number of bands to compute diagonal self-energy matrix elements: 8
 Bands:
 - 1
 - 2
 - 3
 - 4
 - 5
 - 6
 - 7
 - 8
 Number of off-diagonal bands to compute self-energy matrix elements: 0

 GPU acceleration is : DISABLED

 Algorithms used:
 - mtxel     : CPU_ALGO
 - sigma_gpp : CPU_ALGO

 Total number of frequencies in the dielectric matrix: 1
 Number of imag. frequencies in the dielectric matrix: 0


 Started reading eps0mat.h5 with 1 q-point(s) at 19:31:36.
 [ 19:31:36 |   0% ] q-point 1 / 1.
 Finished reading eps0mat.h5 at 19:31:36.
 Elapsed time: 0 s.

 Number of k-points in WFN_inner: 1
 Number of k-points in the full BZ of WFN_inner: 1

================================================================================
 19:31:36   Dealing with k =  0.000000  0.000000  0.000000                 1 / 1
================================================================================

 Reading vxc.dat
 Number of q-points in the irreducible BZ(k) (nrq): 1

 Started calculating Sigma with 8 block(s) at 19:31:36.
 [ 19:31:39 |   0% ] block 1 / 8.
 [ 19:31:39 |  13% ] block 2 / 8.
 [ 19:31:39 |  25% ] block 3 / 8, remaining: 0 s.
 [ 19:31:39 |  38% ] block 4 / 8, remaining: 0 s.
 [ 19:31:39 |  50% ] block 5 / 8, remaining: 0 s.
 [ 19:31:39 |  63% ] block 6 / 8, remaining: 0 s.
 [ 19:31:39 |  75% ] block 7 / 8, remaining: 0 s.
 [ 19:31:39 |  88% ] block 8 / 8, remaining: 0 s.
 Finished calculating Sigma at 19:31:39.
 Elapsed time: 2 s.

 Unsymmetrized values for ik =   1 spin = 1

     n      Emf       Eo      Vxc        X     SX-X       CH      Cor      Sig
     1   -4.289   -4.289   -9.969  -15.008   10.381   -7.101    3.280  -11.728
     2    7.585    7.585  -11.420  -14.497   10.381   -7.200    3.181  -11.317
     3    7.585    7.585  -11.420  -14.497   10.381   -7.200    3.181  -11.317
     4    7.588    7.588  -11.417  -14.497   10.381   -7.257    3.124  -11.373
     5    9.953    9.953   -9.631   -2.756    1.396   -7.004   -5.608   -8.364
     6    9.953    9.953   -9.630   -2.756    1.535   -7.064   -5.530   -8.286
     7    9.953    9.953   -9.630   -2.757    1.535   -7.064   -5.530   -8.286
     8   14.370   14.370   -9.096   -2.002    1.160   -7.238   -6.078   -8.080

 Symmetrized values from band-averaging:

       k =  0.000000  0.000000  0.000000 ik =   1 spin = 1

     n      Emf       Eo      Vxc        X      Cor     Eqp0     Eqp1      Znk
     1   -4.289   -4.289   -9.969  -15.008    3.280   -6.049   -6.049    1.000
     2    7.585    7.585  -11.420  -14.497    3.181    7.688    7.688    1.000
     3    7.585    7.585  -11.420  -14.497    3.181    7.688    7.688    1.000
     4    7.588    7.588  -11.417  -14.497    3.124    7.631    7.631    1.000
     5    9.953    9.953   -9.631   -2.756   -5.608   11.219   11.219    1.000
     6    9.953    9.953   -9.630   -2.756   -5.530   11.298   11.298    1.000
     7    9.953    9.953   -9.630   -2.757   -5.530   11.297   11.297    1.000
     8   14.370   14.370   -9.096   -2.002   -6.078   15.386   15.386    1.000

================================================================================

    n = band index.
  Emf = "inner" mean-field energy eigenvalue used to construct Sigma(E),
        read from WFN_inner.
   Eo = "outer" mean-field energy eigenvalue where we center the evaluation
        frequency grid {E} of Sigma(E). Defaults to Emf, unless
        you use WFN_outer and eqp_outer.dat / scissors_outer.
  Vxc = exchange-correlation pot., calculated from VXC or read from vxc.dat.
  KIH = Kinetic energy + Ionic potential + Hartree, read from kih.dat.
    X = bare exchange.
   SX = screened exchange contrib. to Sigma(E) at energy E=Eo
   CH = Coulomb hole contrib. to Sigma(E) at energy E=Eo
  Cor = SX-X + CH = correlation portion of Sigma(E) at energy E=Eo.
  Sig = X + Cor = self energy, Sigma(E), at energy E=Eo.
 Eqp0 = on-shell QP energy = Emf - Vxc + Sig(Eo)
        Eqp0 is *not* the recommended quantity to use for QP properties.
 Eqp1 = off-shell solution to the linearized  Dyson`s equation
      = Eqp0 + (dSig/dE) / (1 - dSig/dE) * (Eqp0 - Eo),
        or a full linear interpolation if more freq. points where computed.
        Eqp1 is the recommended quantity to use for QP properties.
  Znk = quasiparticle renormalization factor

 Notes on the static remainder:
 - Unprimed values, such as Eqp0, are evaluated WITH the static remainder
 - Primed values, such as Eqp0`, are evaluated WITHOUT the static remainder

 General notes:
 - All energies are reported here in eV.
 - Both Emf and Vxc contain the average pot. Vxc0, so Vxc0 doesn`t affect Sigma.
 - Eqp1 and Eqp0 are Eqs. (36-37) from Hybertsen & Louie PRB 34 5390.
 - We recommend you use Eqp1 for QP properties of materials.

================================================================================


********************************************************************************
*                                                                              *
* Your calculation employed methods and algorithms published in peer-reviewed  *
* papers. Please, cite the following references to give proper credit to their *
*          authors and help support future development of BerkeleyGW.          *
*                                                                              *
********************************************************************************

 J. Deslippe, G. Samsonidze, D. A. Strubbe, M. Jain, M. L. Cohen, and S. G.
 Louie, BerkeleyGW: A Massively Parallel Computer Package for the Calculation
 of the Quasiparticle and Optical Properties of Materials and Nanostructures,
 Computer Physics Communications 183, 1269 (2012).

 M. S. Hybertsen and S. G. Louie, Electron Correlation in Semiconductors and
 Insulators: Band Gaps and Quasiparticle Energies, Phys. Rev. B 34, 5390
 (1986).

 M. Del Ben, F. H. da Jornada, A. Canning, N. Wichmann, K. Raman, R. Sasanka,
 C. Yang, S. G. Louie, and J. Deslippe, Large-Scale GW Calculations on Pre-
 Exascale HPC Systems, Computer Physics Communications 235, 187 (2019).

********************************************************************************

 
 Timing information
 
                                CPU time (s)          WALL time (s)       Number
 Routine                       min        max        min        max     of calls
 -------------------------  ---------  ---------  ---------  ---------  --------
 - Epscopy Comm                  0.00       0.00       0.00       0.00         1
 - FFT Zero                      0.03       0.03       0.00       0.00        88
 - FFT Put                       0.00       0.00       0.00       0.00        88
 - FFT Plan                      1.90       1.90       0.12       0.12       160
 - FFT Exec                      0.10       0.10       0.01       0.01       160
 - FFT Mltply                    0.03       0.03       0.00       0.00        72
 - FFT Conjg                     0.00       0.00       0.00       0.00        16
 - FFT Get                       0.00       0.00       0.00       0.00        72
 - I/O TOTAL                     0.01       0.01       0.01       0.01         6
 - INPUT                         0.12       0.12       0.03       0.03         1
 - EPSCOPY                       0.00       0.00       0.00       0.00         1
 - FULLBZ                        0.00       0.00       0.00       0.00         2
 - VXC                           0.01       0.01       0.00       0.00         2
 - MTXEL_CH                      0.34       0.34       0.02       0.02         8
 - SUBGRP                        0.00       0.00       0.00       0.00         1
 - IRRBZ                         0.00       0.00       0.00       0.00         1
 - GMAP                          0.00       0.00       0.00       0.00         1
 - GENWF                         0.00       0.00       0.00       0.00         1
 - MTXEL                         2.02       2.02       0.13       0.13         8
 - MTXEL_COR TOT                 0.05       0.05       0.00       0.00         8
 - VCOUL                         2.53       2.53       2.31       2.31         1
 - EPSREAD                       0.00       0.00       0.00       0.00         1
 - INPUT_OUTER                   0.00       0.00       0.00       0.00         1
 - MTXEL COMM                    0.00       0.00       0.00       0.00         1
 - BARE X                        0.00       0.00       0.00       0.00         9
 - WF COMM                       0.00       0.00       0.00       0.00         1
 - INPUT (READ)                  0.00       0.00       0.00       0.00         9
 - INPUT (WRITE)                 0.00       0.00       0.00       0.00         8
 - SUB-TRANSF TOT                0.00       0.00       0.00       0.00         8
 - M.COR INIT                    0.00       0.00       0.00       0.00         8
 - M.COR EPSINIT                 0.00       0.00       0.00       0.00         8
 - M.COR COMM                    0.00       0.00       0.00       0.00         8
 - M.COR SX+CH                   0.04       0.04       0.00       0.00        64
 - READ NEPS                     0.00       0.00       0.00       0.00         1
 - EPSCOPY IO                    0.00       0.00       0.00       0.00         1
 - EQP LOOP TOTAL                4.93       4.93       2.47       2.47         1
 - TOTAL                         5.43       5.43       2.52       2.52         1
 
 Job Done
 
