
 BerkeleyGW version 4.0
 BSE/Absorption code, Complex version, run on 06-Apr-2025 at 23:41:43 +0530

                                                                 ..o.          
                                                                .oxxo.         
                                                               .oxxxxo...      
                                                               oxxxxxxo.       
                                                              .oxxxxxxx.       
                                                              .ooooooxxo..     
                                                              .oooooooxo..     
                                                              .oooooxxo...     
                                                       .........oxooo......    
                                                 ............................  
                                             ................................. 
                                          .................................... 
           .          ..oo. ....  .................................oooxxxxxxxo.
     .............oxxxx@ox@@@x@x.....................o...........ooooooooooxx. 
    .o.........oox@x.oo........xxx@@............ooxxxxo..........ooooxxxxxoxo  
    .x........x@xxo...............o@xxo........oxxx@@@xoooooooooooooooxxxo...  
    .o......ox@@o..................oox@o.....ooxxx@xoooxxxxxxxoooooooooooo.... 
    o..ooooo@@xoooo....ooo...........x@o.....ooxxxxo   .oxxxxxxxxxxooooooo.... 
    . .oooo@@@@@@@@@@@@@@@@@@@@@@@@@@@@@@....ooooox.     .oxx@@@@@xxoo........ 
      .ooooxxxxxxxooooooxooooooooooooooxo...oooooxx.        ..ox@xxxoo.........
      .ooooooxxxx@xoooooooooooooxxoooooooooooxxxxx.            .oxxooooooooxxo.
     .oooooxxxxx@@@xxxxxxxxxxxxxxxxxxxxxxxxoxxxxo.                .oxxxxxxxxo. 
   ....oooxxxxx@@@xo..oxxx@@@@@@xxxxoxxoooooooxx.                  .oxxxoo..   
  .....ooxxxx@@xo.       ........    .ooooooooxxo                              
  ..oooxxxx@@@o                       .oooooooxoo.                             
  ....oxooxxxxx.                       .ooo..oooo.                             
  .....o.ooxxxxxo.                     .oooooooxo.                             
 ......ooooxxxxxxo.                     .ooooooxoo..                           
........ooxxxxxxxo..                     .o....oxoo...                         
.......ooooxxxxxxxo.                     ........oooo.                         
.ooooooo..ooxxxxoooo.                    .........ooo...                       
..oxo...ooooxxxoooo..                    .ooo......oooo...                     
  .ooooo....o.                            .oxxxoo....ooo....                   
    .oooooo...                              ...ooooo...ooo..                   
       ...                                     .oo.......                      
                                               ....ooo...                      
                      __              __                                       
 ______              [  |            [  |                 ._____  _          _ 
|_   _ \              | |  _          | |                /  ___ \| |        | |
  | |_) | .---.  _. _.| | / |  .---.  | | .---.  _    _ / /    \_|\ \  /\  / / 
  |  __'./ /__\\[ /`\_| '' <  / /__\\ | |/ /__\\| \  | | |   _____ \ \/  \/ /  
 _| |__| | \__. | |   | |`\ \ | \___. | || \___. \ \/ / \ \.___| |  \  /\  /   
|_______/ \.__./[_]  [__|  \_] \.__./[___]\.__./  \  /   \.____./    \/  \/    
                                                  / /                          
                                                 /_/                           
 --------------------------------------------------------------------------------
 Please cite the main BerkeleyGW paper when using results from this calculation:

 Jack Deslippe, Georgy Samsonidze, David A. Strubbe, Manish Jain, Marvin L.
 Cohen, and Steven G. Louie, "BerkeleyGW: A Massively Parallel Computer Package
 for the Calculation of the Quasiparticle and Optical Properties of Materials
 and Nanostructures," Comput. Phys. Commun. 183, 1269 (2012)

 Aditionally, PLEASE CITE ALL PAPERS REPORTED AT THE END OF THIS CALCULATION.
 --------------------------------------------------------------------------------

 Running MPI version (parallel)
 Running with 8 MPI task(s)
 Using OpenMP. Number of threads per MPI task: 1

 Compilation flags:
 - Compiler: GNU
 - Para. flags: MPI, OMP
 - Math  flags: USESCALAPACK, UNPACKED, USEFFTW3, HDF5
 - Debug flags: 

 Running with verbosity level 1 (default).

 Solving the full BSE with the structure-preserving algorithm
 Kernel was calculated only for (v,c)->(v',c') transitions.
 This may not be a good idea for metals!

 The restricted fi/co WFN transformation dvv',dcc' will be calculated.

 Using the Tamm-Dancoff approximation.

 Using the velocity operator

 Using the Delaunay interpolation method.

 We are doing a calculation with zero exciton momentum
 Running with semiconductor screening

 We are communicating via MPI

 We are using no truncation
 Cutoff for Monte-Carlo average of Coulomb potential: 1.000E+012 Ry

 GPU acceleration is : DISABLED

 Algorithms used:

 Number of k-points in the coarse k-grid: 64
 A 3-D interpolation algorithm will be employed.
 No symmetries used in the fine grid-sampling
 K-grid: 4 4 4
 Highest occupied band (fine grid) = 4
 Valence max    (fine grid) = 6.473563 eV
 Conduction min (fine grid) = 7.119474 eV
 Middle energy  (fine grid) = 6.796518 eV
 Fermi  energy  (fine grid) = 6.796518 eV

 Number of electrons per unit cell (from ifmax) = 8.000000
 Number of electrons per unit cell (from occupations) = 8.000000
 Plasma Frequency = 1.231146 Ry


 Scissors parameters:
 - Valence:    es =   0.0000 eV, e0 =   0.0000 eV, edel =   0.0000
 - Conduction: es =   0.0000 eV, e0 =   0.0000 eV, edel =   0.0000

 You are doing a class 1 calculation - npes <= nk

 Memory available: 2962.1 MB per PE
 Memory required for vcoul: 114.4 MB per PE
 Memory needed to store the effective Ham. and intkernel arrays: 2.8 MB per PE
 Additional memory needed for evecs and diagonalization: 8.8 MB per PE

 Distribution of kcv blocks among PE ranks:
   - PEs 0 to 7 : 8 blocks

 Started reading wavefunctions (WFN_fi) with 64 k-point(s) at 23:41:43.
 [ 23:41:43 |   0% ] k-point  1 / 64.
 [ 23:41:43 |   3% ] k-point  3 / 64, remaining: 0 s.
 [ 23:41:43 |   9% ] k-point  7 / 64, remaining: 0 s.
 [ 23:41:43 |  19% ] k-point 13 / 64, remaining: 0 s.
 [ 23:41:43 |  30% ] k-point 20 / 64, remaining: 0 s.
 [ 23:41:43 |  39% ] k-point 26 / 64, remaining: 0 s.
 [ 23:41:43 |  50% ] k-point 33 / 64, remaining: 0 s.
 [ 23:41:43 |  59% ] k-point 39 / 64, remaining: 0 s.
 [ 23:41:43 |  69% ] k-point 45 / 64, remaining: 0 s.
 [ 23:41:43 |  80% ] k-point 52 / 64, remaining: 0 s.
 [ 23:41:43 |  89% ] k-point 58 / 64, remaining: 0 s.
 Finished reading wavefunctions (WFN_fi) at 23:41:43.
 Elapsed time: 0 s.


 Conduction wavefunctions read from file WFN_fi:
 - Number of k-points in irreducible BZ: 64
 - Number of k-points in full BZ: 64

 Lowest-energy independent-particle transitions:

                k-point                 ik     ic     iv     energy (eV)
   -------------------------------- ------ ------ ------ ---------------
     0.000000   0.000000   0.000000      1      1      1        2.552752
     0.000000   0.000000   0.000000      1      2      1        2.552752
     0.000000   0.000000   0.000000      1      3      1        2.552753
     0.000000   0.000000   0.000000      1      1      2        2.552754
     0.000000   0.000000   0.000000      1      2      2        2.552755

 More job parameters:
 - Crystal volume (bohr): 1.698E+04
 - Broadening (eV): .150
 - Number of valence bands: 4
 - Number of cond. bands: 4
 - Number of spins: 1
 - Number of eigenvalues to be computed: 1024

 Highest occupied band (fine grid) = 4
 Valence max    (fine grid) = 6.473529 eV
 Conduction min (fine grid) = 7.117753 eV
 Middle energy  (fine grid) = 6.795641 eV
 Fermi  energy  (fine grid) = 6.795641 eV

 Shift vector :   0.00100  0.00100  0.00100  Length = 0.00107


WARNING: checkbz: unfolded BZ from WFNq_fi has missing k-points
See file checkbz.log for more information.

 No symmetries used in the shifted-grid sampling

 Started reading wavefunctions (WFNq_fi) with 64 k-point(s) at 23:41:43.
 [ 23:41:43 |   0% ] k-point  1 / 64.
 [ 23:41:43 |   3% ] k-point  3 / 64, remaining: 0 s.
 [ 23:41:43 |   9% ] k-point  7 / 64, remaining: 0 s.
 [ 23:41:43 |  19% ] k-point 13 / 64, remaining: 0 s.
 [ 23:41:43 |  30% ] k-point 20 / 64, remaining: 0 s.
 [ 23:41:43 |  39% ] k-point 26 / 64, remaining: 0 s.
 [ 23:41:43 |  50% ] k-point 33 / 64, remaining: 0 s.
 [ 23:41:43 |  59% ] k-point 39 / 64, remaining: 0 s.
 [ 23:41:43 |  69% ] k-point 45 / 64, remaining: 0 s.
 [ 23:41:43 |  80% ] k-point 52 / 64, remaining: 0 s.
 [ 23:41:43 |  89% ] k-point 58 / 64, remaining: 0 s.
 Finished reading wavefunctions (WFNq_fi) at 23:41:43.
 Elapsed time: 0 s.


 Valence wavefunctions read from file WFNq_fi:
 - Number of k-points in irreducible BZ: 64
 - Number of k-points in full BZ: 64

 Reading quasiparticle energy corrections from eqp_co.dat
 Highest occupied band (coarse grid) = 4
 Valence max    (coarse grid) = 5.140741 eV
 Conduction min (coarse grid) = 6.723376 eV
 Middle energy  (coarse grid) = 5.932058 eV
 Fermi  energy  (coarse grid) = 5.932058 eV


 Reading quasiparticle energy corrections from eqp_co.dat
 No symmetries used in the coarse-grid sampling

 Started reading wavefunctions (WFN_co) with 64 k-point(s) at 23:41:43.
 [ 23:41:43 |   0% ] k-point  1 / 64.
 [ 23:41:43 |   3% ] k-point  3 / 64, remaining: 0 s.
 [ 23:41:43 |   9% ] k-point  7 / 64, remaining: 0 s.
 [ 23:41:43 |  19% ] k-point 13 / 64, remaining: 0 s.
 [ 23:41:43 |  30% ] k-point 20 / 64, remaining: 0 s.
 [ 23:41:43 |  39% ] k-point 26 / 64, remaining: 0 s.
 [ 23:41:43 |  50% ] k-point 33 / 64, remaining: 0 s.
 [ 23:41:43 |  59% ] k-point 39 / 64, remaining: 0 s.
 [ 23:41:43 |  69% ] k-point 45 / 64, remaining: 0 s.
 [ 23:41:43 |  80% ] k-point 52 / 64, remaining: 0 s.
 [ 23:41:43 |  89% ] k-point 58 / 64, remaining: 0 s.
 Finished reading wavefunctions (WFN_co) at 23:41:43.
 Elapsed time: 0 s.


 Coarse-grid wavefunctions read from file WFN_co:
 - Number of k-points in irreducible BZ: 64
 - Number of k-points in full BZ: 64

 Started wavefunction interpolation with 8 k-point(s) at 23:41:43.
 [ 23:41:43 |   0% ] k-point 1 / 8.
 [ 23:41:43 |  13% ] k-point 2 / 8.
 [ 23:41:43 |  25% ] k-point 3 / 8, remaining: 0 s.
 [ 23:41:43 |  38% ] k-point 4 / 8, remaining: 0 s.
 [ 23:41:43 |  50% ] k-point 5 / 8, remaining: 0 s.
 [ 23:41:43 |  63% ] k-point 6 / 8, remaining: 0 s.
 [ 23:41:43 |  75% ] k-point 7 / 8, remaining: 0 s.
 [ 23:41:43 |  88% ] k-point 8 / 8, remaining: 0 s.
 Finished wavefunction interpolation at 23:41:43.
 Elapsed time: 0 s.

 Max. error in norm of transformation coefficients (1 - \sum_co |d_fi,co|^2):
  - For valence states: 5.988E-05
  - For conduction states: 5.995E-15
 Writing matrix elements into vmtxel

 Plasma Frequency :    16.750597822976950       eV

 Polarization:   0.001000   0.001000   0.001000
 Sum rule (DFT) :    1.0668158961269301     
 Sum rule (GW)  :    1.4032696745250857     


 Epsilon matrix for q->0 read from eps0mat.h5:
 - Number of q-points: 1
 - Dielectric cutoff (Ry): 10.00

 Epsilon matrix for q/=0 read from epsmat.h5:
 - Number of q-points: 63
 - Number of q-points in the full BZ: 64
 - Dielectric cutoff (Ry): 10.00
 - Number of G-vectors for interpolation of epsinv_00(q+G): 4477
 - Maximum value of imaginary part of epsinv: .000000
 - Dielectric constant: 21.732666
 - Max. |q+G|^2 to interp. epsinv (Ry): 1.71
 - Number of q+G points to interp. epsinv: 615

 Assembling spin-singlet kernel.
 Calculating Coulomb potential v(q) for 64 q-points.
 Performing kernel interpolation.

 Started interpolating BSE kernel with 32 block(s) at 23:41:44.
 [ 23:41:44 |   0% ] block  1 / 32.
 [ 23:41:44 |   6% ] block  3 / 32, remaining: 0 s.
 [ 23:41:44 |   9% ] block  4 / 32, remaining: 0 s.
 [ 23:41:44 |  19% ] block  7 / 32, remaining: 0 s.
 [ 23:41:44 |  28% ] block 10 / 32, remaining: 0 s.
 [ 23:41:44 |  38% ] block 13 / 32, remaining: 0 s.
 [ 23:41:44 |  50% ] block 17 / 32, remaining: 0 s.
 [ 23:41:44 |  59% ] block 20 / 32, remaining: 0 s.
 [ 23:41:44 |  69% ] block 23 / 32, remaining: 0 s.
 [ 23:41:44 |  78% ] block 26 / 32, remaining: 0 s.
 [ 23:41:44 |  88% ] block 29 / 32, remaining: 0 s.
 Finished interpolating BSE kernel at 23:41:44.
 Elapsed time: 0 s.


 BLACS processor grid: 2 x 4; BLOCKSIZE = 64
 Number of idle processors: 0

 Using diagonalization routine: PZHEEVX
 Beginning ScaLAPACK diagonalization. Size: 1024
 Done ScaLAPACK diagonalization
 Sharing eigenvectors
 Diagonalization done

 Plasma Frequency :    16.750597822976950       eV

 Polarization:   0.001000   0.001000   0.001000
 Sum rule (BSE) :    1.2449455086980028     

********************************************************************************
*                                                                              *
* Your calculation employed methods and algorithms published in peer-reviewed  *
* papers. Please, cite the following references to give proper credit to their *
*          authors and help support future development of BerkeleyGW.          *
*                                                                              *
********************************************************************************

 J. Deslippe, G. Samsonidze, D. A. Strubbe, M. Jain, M. L. Cohen, and S. G.
 Louie, BerkeleyGW: A Massively Parallel Computer Package for the Calculation
 of the Quasiparticle and Optical Properties of Materials and Nanostructures,
 Computer Physics Communications 183, 1269 (2012).

 M. Rohlfing and S. G. Louie, Electron-Hole Excitations and Optical Spectra
 from First Principles, Phys. Rev. B 62, 4927 (2000).

********************************************************************************

 
 Timing information
 
                                CPU time (s)          WALL time (s)       Number
 Routine                       min        max        min        max     of calls
 -------------------------  ---------  ---------  ---------  ---------  --------
 - Input                         0.01       0.01       0.01       0.01         1
 - Input q                       0.01       0.01       0.01       0.01         1
 - Intwfn                        0.11       0.11       0.11       0.11         1
 - Intkernel                     0.74       0.74       0.74       0.74         1
 - Epsdiag                       0.00       0.03       0.00       0.04         1
 - Eps Comm                      0.00       0.04       0.00       0.04         1
 - Absorp0                       0.00       0.23       0.00       0.22         1
 - Vmtxel                        0.01       0.01       0.01       0.01         1
 - Trans Mtxel                   0.00       0.00       0.00       0.00         1
 - Absorp                        0.00       0.10       0.00       0.10         1
 - Write Eig                     0.00       0.00       0.00       0.00         1
 - Iw Input_co                   0.01       0.01       0.01       0.01         1
 - Iw Interp                     0.05       0.05       0.05       0.06         9
 - Iw Genwf                      0.00       0.00       0.00       0.00        64
 - Iw Gwnwf_Co                   0.03       0.03       0.03       0.03        32
 - Iw Mtxel_t                    0.00       0.00       0.00       0.00        64
 - Iw Write                      0.00       0.00       0.00       0.00         1
 - Iw Reduce                     0.00       0.00       0.00       0.00         1
 - Ik Setup                      0.00       0.00       0.00       0.00         1
 - Ik C-Check                    0.00       0.00       0.00       0.00         1
 - Ik Input                      0.05       0.05       0.05       0.05       256
 - Ik Inteps                     0.00       0.00       0.00       0.00         1
 - Ik Vcoul                      0.58       0.58       0.58       0.58         1
 - Ik Cache                      0.00       0.00       0.00       0.01      2048
 - Ik Interp                     0.03       0.03       0.02       0.04      2048
 - Ik Sum                        0.01       0.01       0.01       0.01      2048
 - Diagonalize                   0.21       0.21       0.21       0.21         1
 - TOTAL                         1.40       1.40       1.42       1.42         1
 
 Job Done
 
